[ 2016-09-08T08:34:49+08:00 ] ERR: (ThinkException) Erreur de syntaxe près de 'WHERE id=7' à la ligne 1
 [ SQL语句 ] : UPDATE `pigcms_level_orders` SET `topup`=topup+ WHERE id=7
[ 2016-09-08T08:36:15+08:00 ] ERR: (ThinkException) Erreur de syntaxe près de 'WHERE id=7' à la ligne 1
 [ SQL语句 ] : UPDATE `pigcms_level_orders` SET `topup`=topup+ WHERE id=7
[ 2016-09-08T08:43:43+08:00 ] ERR: (ThinkException) Erreur de syntaxe près de 'WHERE id=10' à la ligne 1
 [ SQL语句 ] : UPDATE `pigcms_level_orders` SET `topup`=topup+ WHERE id=10
[ 2016-09-08T08:43:58+08:00 ] ERR: (ThinkException) Erreur de syntaxe près de 'WHERE id=10' à la ligne 1
 [ SQL语句 ] : UPDATE `pigcms_level_orders` SET `topup`=topup+ WHERE id=10
[ 2016-09-08T08:44:20+08:00 ] ERR: (ThinkException) Erreur de syntaxe près de 'WHERE id=10' à la ligne 1
 [ SQL语句 ] : UPDATE `pigcms_level_orders` SET `topup`=topup+ WHERE id=10
[ 2016-09-08T09:04:36+08:00 ] ERR: 发生错误：错误代码40003,微信返回错误信息：invalid openid hint: [8eQo90810ge17]openid=
[ 2016-09-08T09:12:24+08:00 ] ERR: 发生错误：错误代码40003,微信返回错误信息：invalid openid hint: [YKMw8A0278ge14]openid=
[ 2016-09-08T09:14:40+08:00 ] ERR: 发生错误：错误代码40003,微信返回错误信息：invalid openid hint: [XIOLjA0414ge17]openid=
[ 2016-09-08T09:15:05+08:00 ] ERR: 发生错误：错误代码40003,微信返回错误信息：invalid openid hint: [TL2ITa0439zbg9]openid=
[ 2016-09-08T09:19:03+08:00 ] ERR: 发生错误：错误代码40003,微信返回错误信息：invalid openid hint: [gl2UIb0677age1]openid=
[ 2016-09-08T09:20:18+08:00 ] ERR: (ThinkException) _ERROR_ACTION_:transferRecord
[ 2016-09-08T09:20:21+08:00 ] ERR: (ThinkException) _ERROR_ACTION_:transferRecord
[ 2016-09-08T09:28:24+08:00 ] ERR: (ThinkException) La table 'jifen_data.pigcms_transfer' n'existe pas
 [ SQL语句 ] : SHOW COLUMNS FROM `pigcms_transfer`
[ 2016-09-08T09:28:55+08:00 ] ERR: (ThinkException) La table 'jifen_data.pigcms_transfer' n'existe pas
 [ SQL语句 ] : SHOW COLUMNS FROM `pigcms_transfer`
[ 2016-09-08T09:30:09+08:00 ] ERR: (ThinkException) La table 'jifen_data.pigcms_transfer' n'existe pas
 [ SQL语句 ] : SHOW COLUMNS FROM `pigcms_transfer`
[ 2016-09-08T09:30:10+08:00 ] ERR: (ThinkException) La table 'jifen_data.pigcms_transfer' n'existe pas
 [ SQL语句 ] : SHOW COLUMNS FROM `pigcms_transfer`
[ 2016-09-08T09:30:51+08:00 ] ERR: (ThinkException) La table 'jifen_data.pigcms_transfer' n'existe pas
 [ SQL语句 ] : SHOW COLUMNS FROM `pigcms_transfer`
[ 2016-09-08T09:30:51+08:00 ] ERR: (ThinkException) La table 'jifen_data.pigcms_transfer' n'existe pas
 [ SQL语句 ] : SHOW COLUMNS FROM `pigcms_transfer`
[ 2016-09-08T09:30:52+08:00 ] ERR: (ThinkException) La table 'jifen_data.pigcms_transfer' n'existe pas
 [ SQL语句 ] : SHOW COLUMNS FROM `pigcms_transfer`
[ 2016-09-08T09:30:52+08:00 ] ERR: (ThinkException) La table 'jifen_data.pigcms_transfer' n'existe pas
 [ SQL语句 ] : SHOW COLUMNS FROM `pigcms_transfer`
[ 2016-09-08T09:30:53+08:00 ] ERR: (ThinkException) La table 'jifen_data.pigcms_transfer' n'existe pas
 [ SQL语句 ] : SHOW COLUMNS FROM `pigcms_transfer`
[ 2016-09-08T09:30:53+08:00 ] ERR: (ThinkException) La table 'jifen_data.pigcms_transfer' n'existe pas
 [ SQL语句 ] : SHOW COLUMNS FROM `pigcms_transfer`
[ 2016-09-08T09:30:53+08:00 ] ERR: (ThinkException) La table 'jifen_data.pigcms_transfer' n'existe pas
 [ SQL语句 ] : SHOW COLUMNS FROM `pigcms_transfer`
[ 2016-09-08T09:30:53+08:00 ] ERR: (ThinkException) La table 'jifen_data.pigcms_transfer' n'existe pas
 [ SQL语句 ] : SHOW COLUMNS FROM `pigcms_transfer`
[ 2016-09-08T09:30:54+08:00 ] ERR: (ThinkException) La table 'jifen_data.pigcms_transfer' n'existe pas
 [ SQL语句 ] : SHOW COLUMNS FROM `pigcms_transfer`
[ 2016-09-08T09:30:54+08:00 ] ERR: (ThinkException) La table 'jifen_data.pigcms_transfer' n'existe pas
 [ SQL语句 ] : SHOW COLUMNS FROM `pigcms_transfer`
[ 2016-09-08T09:30:54+08:00 ] ERR: (ThinkException) La table 'jifen_data.pigcms_transfer' n'existe pas
 [ SQL语句 ] : SHOW COLUMNS FROM `pigcms_transfer`
[ 2016-09-08T09:30:54+08:00 ] ERR: (ThinkException) La table 'jifen_data.pigcms_transfer' n'existe pas
 [ SQL语句 ] : SHOW COLUMNS FROM `pigcms_transfer`
[ 2016-09-08T09:30:54+08:00 ] ERR: (ThinkException) La table 'jifen_data.pigcms_transfer' n'existe pas
 [ SQL语句 ] : SHOW COLUMNS FROM `pigcms_transfer`
[ 2016-09-08T09:30:54+08:00 ] ERR: (ThinkException) La table 'jifen_data.pigcms_transfer' n'existe pas
 [ SQL语句 ] : SHOW COLUMNS FROM `pigcms_transfer`
[ 2016-09-08T09:30:54+08:00 ] ERR: (ThinkException) La table 'jifen_data.pigcms_transfer' n'existe pas
 [ SQL语句 ] : SHOW COLUMNS FROM `pigcms_transfer`
[ 2016-09-08T09:30:54+08:00 ] ERR: (ThinkException) La table 'jifen_data.pigcms_transfer' n'existe pas
 [ SQL语句 ] : SHOW COLUMNS FROM `pigcms_transfer`
[ 2016-09-08T09:30:54+08:00 ] ERR: (ThinkException) La table 'jifen_data.pigcms_transfer' n'existe pas
 [ SQL语句 ] : SHOW COLUMNS FROM `pigcms_transfer`
[ 2016-09-08T09:30:54+08:00 ] ERR: (ThinkException) La table 'jifen_data.pigcms_transfer' n'existe pas
 [ SQL语句 ] : SHOW COLUMNS FROM `pigcms_transfer`
[ 2016-09-08T09:30:54+08:00 ] ERR: (ThinkException) La table 'jifen_data.pigcms_transfer' n'existe pas
 [ SQL语句 ] : SHOW COLUMNS FROM `pigcms_transfer`
[ 2016-09-08T09:30:54+08:00 ] ERR: (ThinkException) La table 'jifen_data.pigcms_transfer' n'existe pas
 [ SQL语句 ] : SHOW COLUMNS FROM `pigcms_transfer`
[ 2016-09-08T09:30:54+08:00 ] ERR: (ThinkException) La table 'jifen_data.pigcms_transfer' n'existe pas
 [ SQL语句 ] : SHOW COLUMNS FROM `pigcms_transfer`
[ 2016-09-08T09:30:54+08:00 ] ERR: (ThinkException) La table 'jifen_data.pigcms_transfer' n'existe pas
 [ SQL语句 ] : SHOW COLUMNS FROM `pigcms_transfer`
[ 2016-09-08T09:30:54+08:00 ] ERR: (ThinkException) La table 'jifen_data.pigcms_transfer' n'existe pas
 [ SQL语句 ] : SHOW COLUMNS FROM `pigcms_transfer`
[ 2016-09-08T09:30:55+08:00 ] ERR: (ThinkException) La table 'jifen_data.pigcms_transfer' n'existe pas
 [ SQL语句 ] : SHOW COLUMNS FROM `pigcms_transfer`
[ 2016-09-08T09:30:55+08:00 ] ERR: (ThinkException) La table 'jifen_data.pigcms_transfer' n'existe pas
 [ SQL语句 ] : SHOW COLUMNS FROM `pigcms_transfer`
[ 2016-09-08T09:30:55+08:00 ] ERR: (ThinkException) La table 'jifen_data.pigcms_transfer' n'existe pas
 [ SQL语句 ] : SHOW COLUMNS FROM `pigcms_transfer`
[ 2016-09-08T09:30:55+08:00 ] ERR: (ThinkException) La table 'jifen_data.pigcms_transfer' n'existe pas
 [ SQL语句 ] : SHOW COLUMNS FROM `pigcms_transfer`
[ 2016-09-08T09:30:55+08:00 ] ERR: (ThinkException) La table 'jifen_data.pigcms_transfer' n'existe pas
 [ SQL语句 ] : SHOW COLUMNS FROM `pigcms_transfer`
[ 2016-09-08T09:30:55+08:00 ] ERR: (ThinkException) La table 'jifen_data.pigcms_transfer' n'existe pas
 [ SQL语句 ] : SHOW COLUMNS FROM `pigcms_transfer`
[ 2016-09-08T09:30:55+08:00 ] ERR: (ThinkException) La table 'jifen_data.pigcms_transfer' n'existe pas
 [ SQL语句 ] : SHOW COLUMNS FROM `pigcms_transfer`
[ 2016-09-08T09:30:55+08:00 ] ERR: (ThinkException) La table 'jifen_data.pigcms_transfer' n'existe pas
 [ SQL语句 ] : SHOW COLUMNS FROM `pigcms_transfer`
[ 2016-09-08T09:30:55+08:00 ] ERR: (ThinkException) La table 'jifen_data.pigcms_transfer' n'existe pas
 [ SQL语句 ] : SHOW COLUMNS FROM `pigcms_transfer`
[ 2016-09-08T09:30:55+08:00 ] ERR: (ThinkException) La table 'jifen_data.pigcms_transfer' n'existe pas
 [ SQL语句 ] : SHOW COLUMNS FROM `pigcms_transfer`
[ 2016-09-08T09:30:55+08:00 ] ERR: (ThinkException) La table 'jifen_data.pigcms_transfer' n'existe pas
 [ SQL语句 ] : SHOW COLUMNS FROM `pigcms_transfer`
[ 2016-09-08T09:30:55+08:00 ] ERR: (ThinkException) La table 'jifen_data.pigcms_transfer' n'existe pas
 [ SQL语句 ] : SHOW COLUMNS FROM `pigcms_transfer`
[ 2016-09-08T09:30:55+08:00 ] ERR: (ThinkException) La table 'jifen_data.pigcms_transfer' n'existe pas
 [ SQL语句 ] : SHOW COLUMNS FROM `pigcms_transfer`
[ 2016-09-08T09:30:55+08:00 ] ERR: (ThinkException) La table 'jifen_data.pigcms_transfer' n'existe pas
 [ SQL语句 ] : SHOW COLUMNS FROM `pigcms_transfer`
[ 2016-09-08T09:30:55+08:00 ] ERR: (ThinkException) La table 'jifen_data.pigcms_transfer' n'existe pas
 [ SQL语句 ] : SHOW COLUMNS FROM `pigcms_transfer`
[ 2016-09-08T09:30:55+08:00 ] ERR: (ThinkException) La table 'jifen_data.pigcms_transfer' n'existe pas
 [ SQL语句 ] : SHOW COLUMNS FROM `pigcms_transfer`
[ 2016-09-08T09:30:56+08:00 ] ERR: (ThinkException) La table 'jifen_data.pigcms_transfer' n'existe pas
 [ SQL语句 ] : SHOW COLUMNS FROM `pigcms_transfer`
[ 2016-09-08T09:30:56+08:00 ] ERR: (ThinkException) La table 'jifen_data.pigcms_transfer' n'existe pas
 [ SQL语句 ] : SHOW COLUMNS FROM `pigcms_transfer`
[ 2016-09-08T09:30:56+08:00 ] ERR: (ThinkException) La table 'jifen_data.pigcms_transfer' n'existe pas
 [ SQL语句 ] : SHOW COLUMNS FROM `pigcms_transfer`
[ 2016-09-08T09:30:56+08:00 ] ERR: (ThinkException) La table 'jifen_data.pigcms_transfer' n'existe pas
 [ SQL语句 ] : SHOW COLUMNS FROM `pigcms_transfer`
[ 2016-09-08T09:30:56+08:00 ] ERR: (ThinkException) La table 'jifen_data.pigcms_transfer' n'existe pas
 [ SQL语句 ] : SHOW COLUMNS FROM `pigcms_transfer`
[ 2016-09-08T09:30:56+08:00 ] ERR: (ThinkException) La table 'jifen_data.pigcms_transfer' n'existe pas
 [ SQL语句 ] : SHOW COLUMNS FROM `pigcms_transfer`
[ 2016-09-08T09:30:56+08:00 ] ERR: (ThinkException) La table 'jifen_data.pigcms_transfer' n'existe pas
 [ SQL语句 ] : SHOW COLUMNS FROM `pigcms_transfer`
[ 2016-09-08T09:30:56+08:00 ] ERR: (ThinkException) La table 'jifen_data.pigcms_transfer' n'existe pas
 [ SQL语句 ] : SHOW COLUMNS FROM `pigcms_transfer`
[ 2016-09-08T09:30:56+08:00 ] ERR: (ThinkException) La table 'jifen_data.pigcms_transfer' n'existe pas
 [ SQL语句 ] : SHOW COLUMNS FROM `pigcms_transfer`
[ 2016-09-08T09:30:56+08:00 ] ERR: (ThinkException) La table 'jifen_data.pigcms_transfer' n'existe pas
 [ SQL语句 ] : SHOW COLUMNS FROM `pigcms_transfer`
[ 2016-09-08T09:30:56+08:00 ] ERR: (ThinkException) La table 'jifen_data.pigcms_transfer' n'existe pas
 [ SQL语句 ] : SHOW COLUMNS FROM `pigcms_transfer`
[ 2016-09-08T09:31:59+08:00 ] ERR: (ThinkException) La table 'jifen_data.pigcms_transfer' n'existe pas
 [ SQL语句 ] : SHOW COLUMNS FROM `pigcms_transfer`
[ 2016-09-08T09:32:00+08:00 ] ERR: (ThinkException) La table 'jifen_data.pigcms_transfer' n'existe pas
 [ SQL语句 ] : SHOW COLUMNS FROM `pigcms_transfer`
[ 2016-09-08T09:45:06+08:00 ] ERR: 发生错误：错误代码40003,微信返回错误信息：invalid openid hint: [fFUD3a0240age3]openid=
