[ 2016-07-06T09:46:39+08:00 ] ERR: (ThinkException) _MODULE_NOT_EXIST_:Project
[ 2016-07-06T11:12:13+08:00 ] ERR: (ThinkException) Duplicata du champ '3' pour la clef 'PRIMARY'
 [ SQLËØ≠Âè• ] : INSERT INTO `pigcms_address_list` (`id`,`name`,`tele`,`address`,`province`,`city`,`county`,`choose`) VALUES ('3','123','123','123','','','','0')
[ 2016-07-06T11:12:32+08:00 ] ERR: (ThinkException) Duplicata du champ '3' pour la clef 'PRIMARY'
 [ SQLËØ≠Âè• ] : INSERT INTO `pigcms_address_list` (`id`,`name`,`tele`,`address`,`province`,`city`,`county`) VALUES ('3','123','123123','123','','','')
[ 2016-07-06T11:14:17+08:00 ] ERR: (ThinkException) Duplicata du champ '3' pour la clef 'PRIMARY'
 [ SQLËØ≠Âè• ] : INSERT INTO `pigcms_address_list` (`id`,`name`,`tele`,`address`,`province`,`city`,`county`) VALUES ('3','123','123','123','','','')
[ 2016-07-06T11:14:41+08:00 ] ERR: (ThinkException) Duplicata du champ '3' pour la clef 'PRIMARY'
 [ SQLËØ≠Âè• ] : INSERT INTO `pigcms_address_list` (`id`,`name`,`tele`,`address`,`province`,`city`,`county`) VALUES ('3','123','123','123','','','')
[ 2016-07-06T11:16:10+08:00 ] ERR: (ThinkException) Duplicata du champ '3' pour la clef 'PRIMARY'
 [ SQLËØ≠Âè• ] : INSERT INTO `pigcms_address_list` (`id`,`name`,`tele`,`address`,`province`,`city`,`county`) VALUES ('3','','','','','','')
[ 2016-07-06T11:16:15+08:00 ] ERR: (ThinkException) Duplicata du champ '3' pour la clef 'PRIMARY'
 [ SQLËØ≠Âè• ] : INSERT INTO `pigcms_address_list` (`id`,`name`,`tele`,`address`,`province`,`city`,`county`) VALUES ('3','','','','','','')
[ 2016-07-06T11:16:21+08:00 ] ERR: (ThinkException) Duplicata du champ '3' pour la clef 'PRIMARY'
 [ SQLËØ≠Âè• ] : INSERT INTO `pigcms_address_list` (`id`,`name`,`tele`,`address`,`province`,`city`,`county`) VALUES ('3','','','','','','')
[ 2016-07-06T11:17:51+08:00 ] ERR: (ThinkException) La table 'original_data.pigcms_address' n'existe pas
 [ SQLËØ≠Âè• ] : SHOW COLUMNS FROM `pigcms_address`
[ 2016-07-06T11:17:52+08:00 ] ERR: (ThinkException) La table 'original_data.pigcms_address' n'existe pas
 [ SQLËØ≠Âè• ] : SHOW COLUMNS FROM `pigcms_address`
[ 2016-07-06T11:17:53+08:00 ] ERR: (ThinkException) La table 'original_data.pigcms_address' n'existe pas
 [ SQLËØ≠Âè• ] : SHOW COLUMNS FROM `pigcms_address`
[ 2016-07-06T11:17:53+08:00 ] ERR: (ThinkException) La table 'original_data.pigcms_address' n'existe pas
 [ SQLËØ≠Âè• ] : SHOW COLUMNS FROM `pigcms_address`
[ 2016-07-06T11:17:53+08:00 ] ERR: (ThinkException) La table 'original_data.pigcms_address' n'existe pas
 [ SQLËØ≠Âè• ] : SHOW COLUMNS FROM `pigcms_address`
[ 2016-07-06T11:17:54+08:00 ] ERR: (ThinkException) La table 'original_data.pigcms_address' n'existe pas
 [ SQLËØ≠Âè• ] : SHOW COLUMNS FROM `pigcms_address`
[ 2016-07-06T11:17:54+08:00 ] ERR: (ThinkException) La table 'original_data.pigcms_address' n'existe pas
 [ SQLËØ≠Âè• ] : SHOW COLUMNS FROM `pigcms_address`
[ 2016-07-06T11:18:16+08:00 ] ERR: (ThinkException) La table 'original_data.pigcms_address' n'existe pas
 [ SQLËØ≠Âè• ] : SHOW COLUMNS FROM `pigcms_address`
[ 2016-07-06T11:18:18+08:00 ] ERR: (ThinkException) La table 'original_data.pigcms_address' n'existe pas
 [ SQLËØ≠Âè• ] : SHOW COLUMNS FROM `pigcms_address`
[ 2016-07-06T11:18:18+08:00 ] ERR: (ThinkException) La table 'original_data.pigcms_address' n'existe pas
 [ SQLËØ≠Âè• ] : SHOW COLUMNS FROM `pigcms_address`
[ 2016-07-06T11:18:18+08:00 ] ERR: (ThinkException) La table 'original_data.pigcms_address' n'existe pas
 [ SQLËØ≠Âè• ] : SHOW COLUMNS FROM `pigcms_address`
[ 2016-07-06T11:18:39+08:00 ] ERR: (ThinkException) La table 'original_data.pigcms_address' n'existe pas
 [ SQLËØ≠Âè• ] : SHOW COLUMNS FROM `pigcms_address`
[ 2016-07-06T11:18:39+08:00 ] ERR: (ThinkException) La table 'original_data.pigcms_address' n'existe pas
 [ SQLËØ≠Âè• ] : SHOW COLUMNS FROM `pigcms_address`
[ 2016-07-06T11:18:40+08:00 ] ERR: (ThinkException) La table 'original_data.pigcms_address' n'existe pas
 [ SQLËØ≠Âè• ] : SHOW COLUMNS FROM `pigcms_address`
[ 2016-07-06T11:18:40+08:00 ] ERR: (ThinkException) La table 'original_data.pigcms_address' n'existe pas
 [ SQLËØ≠Âè• ] : SHOW COLUMNS FROM `pigcms_address`
[ 2016-07-06T11:18:40+08:00 ] ERR: (ThinkException) La table 'original_data.pigcms_address' n'existe pas
 [ SQLËØ≠Âè• ] : SHOW COLUMNS FROM `pigcms_address`
[ 2016-07-06T11:18:40+08:00 ] ERR: (ThinkException) La table 'original_data.pigcms_address' n'existe pas
 [ SQLËØ≠Âè• ] : SHOW COLUMNS FROM `pigcms_address`
[ 2016-07-06T11:18:40+08:00 ] ERR: (ThinkException) La table 'original_data.pigcms_address' n'existe pas
 [ SQLËØ≠Âè• ] : SHOW COLUMNS FROM `pigcms_address`
[ 2016-07-06T11:18:41+08:00 ] ERR: (ThinkException) La table 'original_data.pigcms_address' n'existe pas
 [ SQLËØ≠Âè• ] : SHOW COLUMNS FROM `pigcms_address`
[ 2016-07-06T11:18:41+08:00 ] ERR: (ThinkException) La table 'original_data.pigcms_address' n'existe pas
 [ SQLËØ≠Âè• ] : SHOW COLUMNS FROM `pigcms_address`
[ 2016-07-06T11:20:09+08:00 ] ERR: (ThinkException) La table 'original_data.pigcms_address' n'existe pas
 [ SQLËØ≠Âè• ] : SHOW COLUMNS FROM `pigcms_address`
[ 2016-07-06T11:21:56+08:00 ] ERR: (ThinkException) La table 'original_data.pigcms_address' n'existe pas
 [ SQLËØ≠Âè• ] : SHOW COLUMNS FROM `pigcms_address`
[ 2016-07-06T11:22:43+08:00 ] ERR: (ThinkException) Duplicata du champ '3' pour la clef 'PRIMARY'
 [ SQLËØ≠Âè• ] : INSERT INTO `pigcms_address_list` (`id`,`name`,`tele`,`address`,`province`,`city`,`county`) VALUES ('3','','','','','','')
[ 2016-07-06T11:23:15+08:00 ] ERR: (ThinkException) Duplicata du champ '3' pour la clef 'PRIMARY'
 [ SQLËØ≠Âè• ] : INSERT INTO `pigcms_address_list` (`id`,`name`,`tele`,`address`,`province`,`city`,`county`) VALUES ('3','','','','','','')
[ 2016-07-06T11:23:32+08:00 ] ERR: (ThinkException) Duplicata du champ '3' pour la clef 'PRIMARY'
 [ SQLËØ≠Âè• ] : INSERT INTO `pigcms_address_list` (`id`,`name`,`tele`,`address`,`province`,`city`,`county`) VALUES ('3','','','','','','')
[ 2016-07-06T11:29:17+08:00 ] ERR: (ThinkException) Duplicata du champ '3' pour la clef 'PRIMARY'
 [ SQLËØ≠Âè• ] : INSERT INTO `pigcms_address_list` (`id`,`name`,`tele`,`address`,`province`,`city`,`county`) VALUES ('3','','','','','','')
[ 2016-07-06T11:30:10+08:00 ] ERR: (ThinkException) Duplicata du champ '3' pour la clef 'PRIMARY'
 [ SQLËØ≠Âè• ] : INSERT INTO `pigcms_address_list` (`id`,`name`,`tele`,`address`,`province`,`city`,`county`) VALUES ('3','','','','','','')
[ 2016-07-06T11:30:10+08:00 ] ERR: (ThinkException) Duplicata du champ '3' pour la clef 'PRIMARY'
 [ SQLËØ≠Âè• ] : INSERT INTO `pigcms_address_list` (`id`,`name`,`tele`,`address`,`province`,`city`,`county`) VALUES ('3','','','','','','')
[ 2016-07-06T11:30:10+08:00 ] ERR: (ThinkException) Duplicata du champ '3' pour la clef 'PRIMARY'
 [ SQLËØ≠Âè• ] : INSERT INTO `pigcms_address_list` (`id`,`name`,`tele`,`address`,`province`,`city`,`county`) VALUES ('3','','','','','','')
[ 2016-07-06T11:30:11+08:00 ] ERR: (ThinkException) Duplicata du champ '3' pour la clef 'PRIMARY'
 [ SQLËØ≠Âè• ] : INSERT INTO `pigcms_address_list` (`id`,`name`,`tele`,`address`,`province`,`city`,`county`) VALUES ('3','','','','','','')
[ 2016-07-06T11:30:11+08:00 ] ERR: (ThinkException) Duplicata du champ '3' pour la clef 'PRIMARY'
 [ SQLËØ≠Âè• ] : INSERT INTO `pigcms_address_list` (`id`,`name`,`tele`,`address`,`province`,`city`,`county`) VALUES ('3','','','','','','')
[ 2016-07-06T11:30:11+08:00 ] ERR: (ThinkException) Duplicata du champ '3' pour la clef 'PRIMARY'
 [ SQLËØ≠Âè• ] : INSERT INTO `pigcms_address_list` (`id`,`name`,`tele`,`address`,`province`,`city`,`county`) VALUES ('3','','','','','','')
[ 2016-07-06T11:30:12+08:00 ] ERR: (ThinkException) Duplicata du champ '3' pour la clef 'PRIMARY'
 [ SQLËØ≠Âè• ] : INSERT INTO `pigcms_address_list` (`id`,`name`,`tele`,`address`,`province`,`city`,`county`) VALUES ('3','','','','','','')
[ 2016-07-06T11:30:12+08:00 ] ERR: (ThinkException) Duplicata du champ '3' pour la clef 'PRIMARY'
 [ SQLËØ≠Âè• ] : INSERT INTO `pigcms_address_list` (`id`,`name`,`tele`,`address`,`province`,`city`,`county`) VALUES ('3','','','','','','')
[ 2016-07-06T11:30:12+08:00 ] ERR: (ThinkException) Duplicata du champ '3' pour la clef 'PRIMARY'
 [ SQLËØ≠Âè• ] : INSERT INTO `pigcms_address_list` (`id`,`name`,`tele`,`address`,`province`,`city`,`county`) VALUES ('3','','','','','','')
[ 2016-07-06T11:30:13+08:00 ] ERR: (ThinkException) Duplicata du champ '3' pour la clef 'PRIMARY'
 [ SQLËØ≠Âè• ] : INSERT INTO `pigcms_address_list` (`id`,`name`,`tele`,`address`,`province`,`city`,`county`) VALUES ('3','','','','','','')
[ 2016-07-06T11:30:13+08:00 ] ERR: (ThinkException) Duplicata du champ '3' pour la clef 'PRIMARY'
 [ SQLËØ≠Âè• ] : INSERT INTO `pigcms_address_list` (`id`,`name`,`tele`,`address`,`province`,`city`,`county`) VALUES ('3','','','','','','')
[ 2016-07-06T11:30:13+08:00 ] ERR: (ThinkException) Duplicata du champ '3' pour la clef 'PRIMARY'
 [ SQLËØ≠Âè• ] : INSERT INTO `pigcms_address_list` (`id`,`name`,`tele`,`address`,`province`,`city`,`county`) VALUES ('3','','','','','','')
[ 2016-07-06T11:30:16+08:00 ] ERR: (ThinkException) Duplicata du champ '3' pour la clef 'PRIMARY'
 [ SQLËØ≠Âè• ] : INSERT INTO `pigcms_address_list` (`id`,`name`,`tele`,`address`,`province`,`city`,`county`) VALUES ('3','','','','','','')
[ 2016-07-06T11:30:16+08:00 ] ERR: (ThinkException) Duplicata du champ '3' pour la clef 'PRIMARY'
 [ SQLËØ≠Âè• ] : INSERT INTO `pigcms_address_list` (`id`,`name`,`tele`,`address`,`province`,`city`,`county`) VALUES ('3','','','','','','')
[ 2016-07-06T11:30:19+08:00 ] ERR: (ThinkException) Duplicata du champ '3' pour la clef 'PRIMARY'
 [ SQLËØ≠Âè• ] : INSERT INTO `pigcms_address_list` (`id`,`name`,`tele`,`address`,`province`,`city`,`county`) VALUES ('3','','','','','','')
[ 2016-07-06T11:33:34+08:00 ] ERR: (ThinkException) Duplicata du champ '3' pour la clef 'PRIMARY'
 [ SQLËØ≠Âè• ] : INSERT INTO `pigcms_address_list` (`id`,`name`,`tele`,`address`,`province`,`city`,`county`) VALUES ('3','','','','','','')
[ 2016-07-06T11:35:14+08:00 ] ERR: (ThinkException) Duplicata du champ '3' pour la clef 'PRIMARY'
 [ SQLËØ≠Âè• ] : INSERT INTO `pigcms_address_list` (`id`,`name`,`tele`,`address`,`province`,`city`,`county`) VALUES ('3','','','','','','')
[ 2016-07-06T11:36:31+08:00 ] ERR: (ThinkException) Duplicata du champ '3' pour la clef 'PRIMARY'
 [ SQLËØ≠Âè• ] : INSERT INTO `pigcms_address_list` (`id`,`name`,`tele`,`address`,`province`,`city`,`county`) VALUES ('3','','','','','','')
[ 2016-07-06T11:36:59+08:00 ] ERR: (ThinkException) Duplicata du champ '3' pour la clef 'PRIMARY'
 [ SQLËØ≠Âè• ] : INSERT INTO `pigcms_address_list` (`id`,`name`,`tele`,`address`,`province`,`city`,`county`) VALUES ('3','','','','','','')
[ 2016-07-06T11:37:14+08:00 ] ERR: (ThinkException) Duplicata du champ '3' pour la clef 'PRIMARY'
 [ SQLËØ≠Âè• ] : INSERT INTO `pigcms_address_list` (`id`,`name`,`tele`,`address`,`province`,`city`,`county`) VALUES ('3','','','','','','')
[ 2016-07-06T11:37:42+08:00 ] ERR: (ThinkException) Duplicata du champ '3' pour la clef 'PRIMARY'
 [ SQLËØ≠Âè• ] : INSERT INTO `pigcms_address_list` (`id`,`name`,`tele`,`address`,`province`,`city`,`county`) VALUES ('3','','','','','','')
[ 2016-07-06T14:48:31+08:00 ] ERR: (ThinkException) Erreur de syntaxe pr√®s de 'LIMIT 1' √† la ligne 1
 [ SQLËØ≠Âè• ] : SELECT * FROM `pigcms_address_list` WHERE id= LIMIT 1  
[ 2016-07-06T14:48:34+08:00 ] ERR: (ThinkException) Erreur de syntaxe pr√®s de 'LIMIT 1' √† la ligne 1
 [ SQLËØ≠Âè• ] : SELECT * FROM `pigcms_address_list` WHERE id= LIMIT 1  
[ 2016-07-06T14:57:48+08:00 ] ERR: (ThinkException) _MODULE_NOT_EXIST_:Project
[ 2016-07-06T19:51:40+08:00 ] ERR: (ThinkException) AccËs refusÈ pour l'utilisateur: 'root'@'@localhost' (mot de passe: OUI)
