[ 2016-08-29T08:33:46+08:00 ] 127.0.0.1 /wg_jifen/index.php?g=Wap&m=Distribution&a=index
INFO: [ app_begin ] --START--
INFO: Run ReadHtmlCache Behavior [ RunTime:0.001000s ]
INFO: [ app_begin ] --END-- [ RunTime:0.003000s ]
NOTIC: [8192] mysql_connect(): The mysql extension is deprecated and will be removed in the future: use mysqli or PDO instead D:\wamp\www\wg_jifen\Lib\Driver\Db\DbMysql.class.php 第 55 行.
NOTIC: [8192] preg_replace(): The /e modifier is deprecated, use preg_replace_callback instead D:\wamp\www\wg_jifen\Lib\Core\Db.class.php 第 572 行.
NOTIC: [8192] preg_replace(): The /e modifier is deprecated, use preg_replace_callback instead D:\wamp\www\wg_jifen\Lib\Core\Db.class.php 第 572 行.
NOTIC: [8192] preg_replace(): The /e modifier is deprecated, use preg_replace_callback instead D:\wamp\www\wg_jifen\Lib\Core\Db.class.php 第 572 行.
NOTIC: [8192] preg_replace(): The /e modifier is deprecated, use preg_replace_callback instead D:\wamp\www\wg_jifen\Lib\Core\Db.class.php 第 572 行.
NOTIC: [8] Undefined variable: curl D:\wamp\www\wg_jifen\WgCms\Lib\Action\WapAction.class.php 第 509 行.
NOTIC: [2] curl_setopt() expects parameter 1 to be resource, null given D:\wamp\www\wg_jifen\WgCms\Lib\Action\WapAction.class.php 第 509 行.
NOTIC: [8] Undefined variable: data D:\wamp\www\wg_jifen\WgCms\Lib\Action\WapAction.class.php 第 513 行.
NOTIC: [8] Undefined index: access_token D:\wamp\www\wg_jifen\WgCms\Lib\Action\WapAction.class.php 第 356 行.
NOTIC: [8] Undefined variable: curl D:\wamp\www\wg_jifen\WgCms\Lib\Action\WapAction.class.php 第 509 行.
NOTIC: [2] curl_setopt() expects parameter 1 to be resource, null given D:\wamp\www\wg_jifen\WgCms\Lib\Action\WapAction.class.php 第 509 行.
NOTIC: [8] Undefined variable: data D:\wamp\www\wg_jifen\WgCms\Lib\Action\WapAction.class.php 第 513 行.
NOTIC: [8] Undefined index: ticket D:\wamp\www\wg_jifen\WgCms\Lib\Action\WapAction.class.php 第 305 行.
NOTIC: [8192] preg_replace(): The /e modifier is deprecated, use preg_replace_callback instead D:\wamp\www\wg_jifen\Lib\Core\Db.class.php 第 572 行.
NOTIC: [8192] preg_replace(): The /e modifier is deprecated, use preg_replace_callback instead D:\wamp\www\wg_jifen\Lib\Core\Db.class.php 第 572 行.
NOTIC: [8192] preg_replace(): The /e modifier is deprecated, use preg_replace_callback instead D:\wamp\www\wg_jifen\Lib\Core\Db.class.php 第 572 行.
NOTIC: [8192] preg_replace(): The /e modifier is deprecated, use preg_replace_callback instead D:\wamp\www\wg_jifen\Lib\Core\Db.class.php 第 572 行.
NOTIC: [8] Undefined index: qchwecha_id D:\wamp\www\wg_jifen\WgCms\Lib\Model\AccountModel.class.php 第 5 行.
NOTIC: [8192] preg_replace(): The /e modifier is deprecated, use preg_replace_callback instead D:\wamp\www\wg_jifen\Lib\Core\Db.class.php 第 572 行.
NOTIC: [8192] preg_replace(): The /e modifier is deprecated, use preg_replace_callback instead D:\wamp\www\wg_jifen\Lib\Core\Db.class.php 第 572 行.
NOTIC: [8192] preg_replace(): The /e modifier is deprecated, use preg_replace_callback instead D:\wamp\www\wg_jifen\Lib\Core\Db.class.php 第 572 行.
NOTIC: [8192] preg_replace(): The /e modifier is deprecated, use preg_replace_callback instead D:\wamp\www\wg_jifen\Lib\Core\Db.class.php 第 572 行.
NOTIC: [8192] preg_replace(): The /e modifier is deprecated, use preg_replace_callback instead D:\wamp\www\wg_jifen\Lib\Core\Db.class.php 第 572 行.
NOTIC: [8192] preg_replace(): The /e modifier is deprecated, use preg_replace_callback instead D:\wamp\www\wg_jifen\Lib\Core\Db.class.php 第 572 行.
NOTIC: [2] Invalid argument supplied for foreach() D:\wamp\www\wg_jifen\WgCms\Lib\Action\Wap\DistributionAction.class.php 第 263 行.
INFO: [ view_template ] --START--
INFO: Run LocationTemplate Behavior [ RunTime:-1.367078s ]
INFO: [ view_template ] --END-- [ RunTime:0.001000s ]
INFO: [ view_parse ] --START--
NOTIC: [8192] preg_replace(): The /e modifier is deprecated, use preg_replace_callback instead D:\wamp\www\wg_jifen\Lib\Template\ThinkTemplate.class.php 第 164 行.
NOTIC: [8192] preg_replace(): The /e modifier is deprecated, use preg_replace_callback instead D:\wamp\www\wg_jifen\Lib\Template\ThinkTemplate.class.php 第 359 行.
NOTIC: [8192] preg_replace(): The /e modifier is deprecated, use preg_replace_callback instead D:\wamp\www\wg_jifen\Lib\Template\ThinkTemplate.class.php 第 359 行.
NOTIC: [8192] preg_replace(): The /e modifier is deprecated, use preg_replace_callback instead D:\wamp\www\wg_jifen\Lib\Template\ThinkTemplate.class.php 第 359 行.
NOTIC: [8192] preg_replace(): The /e modifier is deprecated, use preg_replace_callback instead D:\wamp\www\wg_jifen\Lib\Template\ThinkTemplate.class.php 第 359 行.
NOTIC: [8192] preg_replace(): The /e modifier is deprecated, use preg_replace_callback instead D:\wamp\www\wg_jifen\Lib\Template\ThinkTemplate.class.php 第 359 行.
NOTIC: [8192] preg_replace(): The /e modifier is deprecated, use preg_replace_callback instead D:\wamp\www\wg_jifen\Lib\Template\ThinkTemplate.class.php 第 359 行.
NOTIC: [8192] preg_replace(): The /e modifier is deprecated, use preg_replace_callback instead D:\wamp\www\wg_jifen\Lib\Template\ThinkTemplate.class.php 第 359 行.
NOTIC: [8192] preg_replace(): The /e modifier is deprecated, use preg_replace_callback instead D:\wamp\www\wg_jifen\Lib\Template\ThinkTemplate.class.php 第 359 行.
NOTIC: [8192] preg_replace(): The /e modifier is deprecated, use preg_replace_callback instead D:\wamp\www\wg_jifen\Lib\Template\ThinkTemplate.class.php 第 359 行.
NOTIC: [8192] preg_replace(): The /e modifier is deprecated, use preg_replace_callback instead D:\wamp\www\wg_jifen\Lib\Template\ThinkTemplate.class.php 第 359 行.
NOTIC: [8192] preg_replace(): The /e modifier is deprecated, use preg_replace_callback instead D:\wamp\www\wg_jifen\Lib\Template\ThinkTemplate.class.php 第 359 行.
NOTIC: [8192] preg_replace(): The /e modifier is deprecated, use preg_replace_callback instead D:\wamp\www\wg_jifen\Lib\Template\ThinkTemplate.class.php 第 359 行.
NOTIC: [8192] preg_replace(): The /e modifier is deprecated, use preg_replace_callback instead D:\wamp\www\wg_jifen\Lib\Template\ThinkTemplate.class.php 第 359 行.
NOTIC: [8192] preg_replace(): The /e modifier is deprecated, use preg_replace_callback instead D:\wamp\www\wg_jifen\Lib\Template\ThinkTemplate.class.php 第 359 行.
NOTIC: [8192] preg_replace(): The /e modifier is deprecated, use preg_replace_callback instead D:\wamp\www\wg_jifen\Lib\Template\ThinkTemplate.class.php 第 354 行.
NOTIC: [8192] preg_replace(): The /e modifier is deprecated, use preg_replace_callback instead D:\wamp\www\wg_jifen\Lib\Template\ThinkTemplate.class.php 第 354 行.
NOTIC: [8192] preg_replace(): The /e modifier is deprecated, use preg_replace_callback instead D:\wamp\www\wg_jifen\Lib\Template\ThinkTemplate.class.php 第 354 行.
NOTIC: [8192] preg_replace(): The /e modifier is deprecated, use preg_replace_callback instead D:\wamp\www\wg_jifen\Lib\Template\ThinkTemplate.class.php 第 359 行.
NOTIC: [8192] preg_replace(): The /e modifier is deprecated, use preg_replace_callback instead D:\wamp\www\wg_jifen\Lib\Template\ThinkTemplate.class.php 第 359 行.
NOTIC: [8192] preg_replace(): The /e modifier is deprecated, use preg_replace_callback instead D:\wamp\www\wg_jifen\Lib\Template\ThinkTemplate.class.php 第 359 行.
NOTIC: [8192] preg_replace(): The /e modifier is deprecated, use preg_replace_callback instead D:\wamp\www\wg_jifen\Lib\Template\ThinkTemplate.class.php 第 354 行.
NOTIC: [8192] preg_replace(): The /e modifier is deprecated, use preg_replace_callback instead D:\wamp\www\wg_jifen\Lib\Template\ThinkTemplate.class.php 第 359 行.
NOTIC: [8192] preg_replace(): The /e modifier is deprecated, use preg_replace_callback instead D:\wamp\www\wg_jifen\Lib\Template\ThinkTemplate.class.php 第 359 行.
NOTIC: [8192] preg_replace(): The /e modifier is deprecated, use preg_replace_callback instead D:\wamp\www\wg_jifen\Lib\Template\ThinkTemplate.class.php 第 359 行.
NOTIC: [8192] preg_replace(): The /e modifier is deprecated, use preg_replace_callback instead D:\wamp\www\wg_jifen\Lib\Template\ThinkTemplate.class.php 第 359 行.
NOTIC: [8192] preg_replace(): The /e modifier is deprecated, use preg_replace_callback instead D:\wamp\www\wg_jifen\Lib\Template\ThinkTemplate.class.php 第 359 行.
NOTIC: [8192] preg_replace(): The /e modifier is deprecated, use preg_replace_callback instead D:\wamp\www\wg_jifen\Lib\Template\ThinkTemplate.class.php 第 359 行.
NOTIC: [8192] preg_replace(): The /e modifier is deprecated, use preg_replace_callback instead D:\wamp\www\wg_jifen\Lib\Template\ThinkTemplate.class.php 第 359 行.
NOTIC: [8192] preg_replace(): The /e modifier is deprecated, use preg_replace_callback instead D:\wamp\www\wg_jifen\Lib\Template\ThinkTemplate.class.php 第 359 行.
NOTIC: [8192] preg_replace(): The /e modifier is deprecated, use preg_replace_callback instead D:\wamp\www\wg_jifen\Lib\Template\ThinkTemplate.class.php 第 359 行.
NOTIC: [8192] preg_replace(): The /e modifier is deprecated, use preg_replace_callback instead D:\wamp\www\wg_jifen\Lib\Template\ThinkTemplate.class.php 第 359 行.
NOTIC: [8192] preg_replace(): The /e modifier is deprecated, use preg_replace_callback instead D:\wamp\www\wg_jifen\Lib\Template\ThinkTemplate.class.php 第 359 行.
NOTIC: [8192] preg_replace(): The /e modifier is deprecated, use preg_replace_callback instead D:\wamp\www\wg_jifen\Lib\Template\ThinkTemplate.class.php 第 359 行.
NOTIC: [8192] preg_replace(): The /e modifier is deprecated, use preg_replace_callback instead D:\wamp\www\wg_jifen\Lib\Template\ThinkTemplate.class.php 第 359 行.
NOTIC: [8192] preg_replace(): The /e modifier is deprecated, use preg_replace_callback instead D:\wamp\www\wg_jifen\Lib\Template\ThinkTemplate.class.php 第 359 行.
NOTIC: [8192] preg_replace(): The /e modifier is deprecated, use preg_replace_callback instead D:\wamp\www\wg_jifen\Lib\Template\ThinkTemplate.class.php 第 359 行.
NOTIC: [8192] preg_replace(): The /e modifier is deprecated, use preg_replace_callback instead D:\wamp\www\wg_jifen\Lib\Template\ThinkTemplate.class.php 第 359 行.
NOTIC: [8192] preg_replace(): The /e modifier is deprecated, use preg_replace_callback instead D:\wamp\www\wg_jifen\Lib\Template\ThinkTemplate.class.php 第 359 行.
NOTIC: [8192] preg_replace(): The /e modifier is deprecated, use preg_replace_callback instead D:\wamp\www\wg_jifen\Lib\Template\ThinkTemplate.class.php 第 359 行.
NOTIC: [8192] preg_replace(): The /e modifier is deprecated, use preg_replace_callback instead D:\wamp\www\wg_jifen\Lib\Template\ThinkTemplate.class.php 第 359 行.
NOTIC: [8192] preg_replace(): The /e modifier is deprecated, use preg_replace_callback instead D:\wamp\www\wg_jifen\Lib\Template\ThinkTemplate.class.php 第 359 行.
NOTIC: [8192] preg_replace(): The /e modifier is deprecated, use preg_replace_callback instead D:\wamp\www\wg_jifen\Lib\Template\ThinkTemplate.class.php 第 359 行.
NOTIC: [8192] preg_replace(): The /e modifier is deprecated, use preg_replace_callback instead D:\wamp\www\wg_jifen\Lib\Template\ThinkTemplate.class.php 第 359 行.
NOTIC: [8192] preg_replace(): The /e modifier is deprecated, use preg_replace_callback instead D:\wamp\www\wg_jifen\Lib\Template\ThinkTemplate.class.php 第 359 行.
NOTIC: [8192] preg_replace(): The /e modifier is deprecated, use preg_replace_callback instead D:\wamp\www\wg_jifen\Lib\Template\ThinkTemplate.class.php 第 359 行.
NOTIC: [8192] preg_replace(): The /e modifier is deprecated, use preg_replace_callback instead D:\wamp\www\wg_jifen\Lib\Template\ThinkTemplate.class.php 第 359 行.
NOTIC: [8192] preg_replace(): The /e modifier is deprecated, use preg_replace_callback instead D:\wamp\www\wg_jifen\Lib\Template\ThinkTemplate.class.php 第 359 行.
NOTIC: [8192] preg_replace(): The /e modifier is deprecated, use preg_replace_callback instead D:\wamp\www\wg_jifen\Lib\Template\ThinkTemplate.class.php 第 359 行.
NOTIC: [8192] preg_replace(): The /e modifier is deprecated, use preg_replace_callback instead D:\wamp\www\wg_jifen\Lib\Template\ThinkTemplate.class.php 第 359 行.
NOTIC: [8192] preg_replace(): The /e modifier is deprecated, use preg_replace_callback instead D:\wamp\www\wg_jifen\Lib\Template\ThinkTemplate.class.php 第 359 行.
NOTIC: [8192] preg_replace(): The /e modifier is deprecated, use preg_replace_callback instead D:\wamp\www\wg_jifen\Lib\Template\ThinkTemplate.class.php 第 359 行.
NOTIC: [8192] preg_replace(): The /e modifier is deprecated, use preg_replace_callback instead D:\wamp\www\wg_jifen\Lib\Template\ThinkTemplate.class.php 第 359 行.
NOTIC: [8192] preg_replace(): The /e modifier is deprecated, use preg_replace_callback instead D:\wamp\www\wg_jifen\Lib\Template\ThinkTemplate.class.php 第 359 行.
NOTIC: [8192] preg_replace(): The /e modifier is deprecated, use preg_replace_callback instead D:\wamp\www\wg_jifen\Lib\Template\ThinkTemplate.class.php 第 359 行.
NOTIC: [8192] preg_replace(): The /e modifier is deprecated, use preg_replace_callback instead D:\wamp\www\wg_jifen\Lib\Template\ThinkTemplate.class.php 第 359 行.
NOTIC: [8192] preg_replace(): The /e modifier is deprecated, use preg_replace_callback instead D:\wamp\www\wg_jifen\Lib\Template\ThinkTemplate.class.php 第 359 行.
NOTIC: [8192] preg_replace(): The /e modifier is deprecated, use preg_replace_callback instead D:\wamp\www\wg_jifen\Lib\Template\ThinkTemplate.class.php 第 359 行.
NOTIC: [8192] preg_replace(): The /e modifier is deprecated, use preg_replace_callback instead D:\wamp\www\wg_jifen\Lib\Template\ThinkTemplate.class.php 第 359 行.
NOTIC: [8192] preg_replace(): The /e modifier is deprecated, use preg_replace_callback instead D:\wamp\www\wg_jifen\Lib\Template\ThinkTemplate.class.php 第 359 行.
NOTIC: [8192] preg_replace(): The /e modifier is deprecated, use preg_replace_callback instead D:\wamp\www\wg_jifen\Lib\Template\ThinkTemplate.class.php 第 359 行.
NOTIC: [8192] preg_replace(): The /e modifier is deprecated, use preg_replace_callback instead D:\wamp\www\wg_jifen\Lib\Template\ThinkTemplate.class.php 第 359 行.
NOTIC: [8192] preg_replace(): The /e modifier is deprecated, use preg_replace_callback instead D:\wamp\www\wg_jifen\Lib\Template\ThinkTemplate.class.php 第 359 行.
NOTIC: [8192] preg_replace(): The /e modifier is deprecated, use preg_replace_callback instead D:\wamp\www\wg_jifen\Lib\Template\ThinkTemplate.class.php 第 359 行.
NOTIC: [8192] preg_replace(): The /e modifier is deprecated, use preg_replace_callback instead D:\wamp\www\wg_jifen\Lib\Template\ThinkTemplate.class.php 第 359 行.
NOTIC: [8192] preg_replace(): The /e modifier is deprecated, use preg_replace_callback instead D:\wamp\www\wg_jifen\Lib\Template\ThinkTemplate.class.php 第 359 行.
NOTIC: [8192] preg_replace(): The /e modifier is deprecated, use preg_replace_callback instead D:\wamp\www\wg_jifen\Lib\Template\ThinkTemplate.class.php 第 359 行.
NOTIC: [8192] preg_replace(): The /e modifier is deprecated, use preg_replace_callback instead D:\wamp\www\wg_jifen\Lib\Template\ThinkTemplate.class.php 第 359 行.
NOTIC: [8192] preg_replace(): The /e modifier is deprecated, use preg_replace_callback instead D:\wamp\www\wg_jifen\Lib\Template\ThinkTemplate.class.php 第 359 行.
NOTIC: [8192] preg_replace(): The /e modifier is deprecated, use preg_replace_callback instead D:\wamp\www\wg_jifen\Lib\Template\ThinkTemplate.class.php 第 359 行.
NOTIC: [8192] preg_replace(): The /e modifier is deprecated, use preg_replace_callback instead D:\wamp\www\wg_jifen\Lib\Template\ThinkTemplate.class.php 第 359 行.
NOTIC: [8192] preg_replace(): The /e modifier is deprecated, use preg_replace_callback instead D:\wamp\www\wg_jifen\Lib\Template\ThinkTemplate.class.php 第 359 行.
NOTIC: [8192] preg_replace(): The /e modifier is deprecated, use preg_replace_callback instead D:\wamp\www\wg_jifen\Lib\Template\ThinkTemplate.class.php 第 359 行.
NOTIC: [8192] preg_replace(): The /e modifier is deprecated, use preg_replace_callback instead D:\wamp\www\wg_jifen\Lib\Template\ThinkTemplate.class.php 第 359 行.
NOTIC: [8192] preg_replace(): The /e modifier is deprecated, use preg_replace_callback instead D:\wamp\www\wg_jifen\Lib\Template\ThinkTemplate.class.php 第 359 行.
NOTIC: [8192] preg_replace(): The /e modifier is deprecated, use preg_replace_callback instead D:\wamp\www\wg_jifen\Lib\Template\ThinkTemplate.class.php 第 359 行.
NOTIC: [8192] preg_replace(): The /e modifier is deprecated, use preg_replace_callback instead D:\wamp\www\wg_jifen\Lib\Template\ThinkTemplate.class.php 第 359 行.
NOTIC: [8192] preg_replace(): The /e modifier is deprecated, use preg_replace_callback instead D:\wamp\www\wg_jifen\Lib\Template\ThinkTemplate.class.php 第 359 行.
NOTIC: [8192] preg_replace(): The /e modifier is deprecated, use preg_replace_callback instead D:\wamp\www\wg_jifen\Lib\Template\ThinkTemplate.class.php 第 359 行.
NOTIC: [8192] preg_replace(): The /e modifier is deprecated, use preg_replace_callback instead D:\wamp\www\wg_jifen\Lib\Template\ThinkTemplate.class.php 第 359 行.
NOTIC: [8192] preg_replace(): The /e modifier is deprecated, use preg_replace_callback instead D:\wamp\www\wg_jifen\Lib\Template\ThinkTemplate.class.php 第 359 行.
NOTIC: [8192] preg_replace(): The /e modifier is deprecated, use preg_replace_callback instead D:\wamp\www\wg_jifen\Lib\Template\ThinkTemplate.class.php 第 359 行.
NOTIC: [8192] preg_replace(): The /e modifier is deprecated, use preg_replace_callback instead D:\wamp\www\wg_jifen\Lib\Template\ThinkTemplate.class.php 第 359 行.
NOTIC: [8192] preg_replace(): The /e modifier is deprecated, use preg_replace_callback instead D:\wamp\www\wg_jifen\Lib\Template\ThinkTemplate.class.php 第 359 行.
NOTIC: [8192] preg_replace(): The /e modifier is deprecated, use preg_replace_callback instead D:\wamp\www\wg_jifen\Lib\Template\ThinkTemplate.class.php 第 359 行.
NOTIC: [8192] preg_replace(): The /e modifier is deprecated, use preg_replace_callback instead D:\wamp\www\wg_jifen\Lib\Template\ThinkTemplate.class.php 第 359 行.
NOTIC: [8192] preg_replace(): The /e modifier is deprecated, use preg_replace_callback instead D:\wamp\www\wg_jifen\Lib\Template\ThinkTemplate.class.php 第 359 行.
NOTIC: [8192] preg_replace(): The /e modifier is deprecated, use preg_replace_callback instead D:\wamp\www\wg_jifen\Lib\Template\ThinkTemplate.class.php 第 359 行.
NOTIC: [8192] preg_replace(): The /e modifier is deprecated, use preg_replace_callback instead D:\wamp\www\wg_jifen\Lib\Template\ThinkTemplate.class.php 第 359 行.
NOTIC: [8192] preg_replace(): The /e modifier is deprecated, use preg_replace_callback instead D:\wamp\www\wg_jifen\Lib\Template\ThinkTemplate.class.php 第 359 行.
NOTIC: [8192] preg_replace(): The /e modifier is deprecated, use preg_replace_callback instead D:\wamp\www\wg_jifen\Lib\Template\ThinkTemplate.class.php 第 359 行.
NOTIC: [8192] preg_replace(): The /e modifier is deprecated, use preg_replace_callback instead D:\wamp\www\wg_jifen\Lib\Template\ThinkTemplate.class.php 第 359 行.
NOTIC: [8192] preg_replace(): The /e modifier is deprecated, use preg_replace_callback instead D:\wamp\www\wg_jifen\Lib\Template\ThinkTemplate.class.php 第 359 行.
NOTIC: [8192] preg_replace(): The /e modifier is deprecated, use preg_replace_callback instead D:\wamp\www\wg_jifen\Lib\Template\ThinkTemplate.class.php 第 359 行.
NOTIC: [8192] preg_replace(): The /e modifier is deprecated, use preg_replace_callback instead D:\wamp\www\wg_jifen\Lib\Template\ThinkTemplate.class.php 第 354 行.
NOTIC: [8192] preg_replace(): The /e modifier is deprecated, use preg_replace_callback instead D:\wamp\www\wg_jifen\Lib\Template\ThinkTemplate.class.php 第 354 行.
NOTIC: [8192] preg_replace(): The /e modifier is deprecated, use preg_replace_callback instead D:\wamp\www\wg_jifen\Lib\Template\ThinkTemplate.class.php 第 354 行.
NOTIC: [8192] preg_replace(): The /e modifier is deprecated, use preg_replace_callback instead D:\wamp\www\wg_jifen\Lib\Template\ThinkTemplate.class.php 第 354 行.
NOTIC: [8192] preg_replace(): The /e modifier is deprecated, use preg_replace_callback instead D:\wamp\www\wg_jifen\Lib\Template\ThinkTemplate.class.php 第 354 行.
NOTIC: [8192] preg_replace(): The /e modifier is deprecated, use preg_replace_callback instead D:\wamp\www\wg_jifen\Lib\Template\ThinkTemplate.class.php 第 354 行.
NOTIC: [8192] preg_replace(): The /e modifier is deprecated, use preg_replace_callback instead D:\wamp\www\wg_jifen\Lib\Template\ThinkTemplate.class.php 第 359 行.
NOTIC: [8192] preg_replace(): The /e modifier is deprecated, use preg_replace_callback instead D:\wamp\www\wg_jifen\Lib\Template\ThinkTemplate.class.php 第 359 行.
NOTIC: [8192] preg_replace(): The /e modifier is deprecated, use preg_replace_callback instead D:\wamp\www\wg_jifen\Lib\Template\ThinkTemplate.class.php 第 359 行.
NOTIC: [8192] preg_replace(): The /e modifier is deprecated, use preg_replace_callback instead D:\wamp\www\wg_jifen\Lib\Template\ThinkTemplate.class.php 第 193 行.
NOTIC: [8192] preg_replace(): The /e modifier is deprecated, use preg_replace_callback instead D:\wamp\www\wg_jifen\Lib\Template\ThinkTemplate.class.php 第 133 行.
INFO: Run ParseTemplate Behavior [ RunTime:-1.368078s ]
INFO: [ view_parse ] --END-- [ RunTime:0.028002s ]
INFO: [ view_filter ] --START--
INFO: Run ContentReplace Behavior [ RunTime:-1.396080s ]
INFO: Run TokenBuild Behavior [ RunTime:-1.397080s ]
INFO: Run WriteHtmlCache Behavior [ RunTime:-1.398080s ]
INFO: Run ShowRuntime Behavior [ RunTime:-1.399080s ]
INFO: [ view_filter ] --END-- [ RunTime:0.003000s ]
INFO: [ view_end ] --START--
INFO: Run ShowPageTrace Behavior [ RunTime:-1.400080s ]
INFO: [ view_end ] --END-- [ RunTime:0.001000s ]

