[ 2016-08-16T09:44:58+08:00 ] ERR: (ThinkException) _ERROR_ACTION_:delCollection
[ 2016-08-16T09:45:00+08:00 ] ERR: (ThinkException) _ERROR_ACTION_:delCollection
[ 2016-08-16T09:45:03+08:00 ] ERR: (ThinkException) _ERROR_ACTION_:delCollection
[ 2016-08-16T09:47:28+08:00 ] ERR: (ThinkException) Champ 'price7' inconnu dans order clause
 [ SQL语句 ] : SELECT * FROM `pigcms_product_detail` WHERE ( `pid` = 88 ) ORDER BY price7 asc LIMIT 1  
[ 2016-08-16T09:49:08+08:00 ] ERR: (ThinkException) _ERROR_ACTION_:delCollection
[ 2016-08-16T09:49:14+08:00 ] ERR: (ThinkException) _ERROR_ACTION_:delCollection
[ 2016-08-16T09:51:22+08:00 ] ERR: (ThinkException) _ERROR_ACTION_:delCollection
[ 2016-08-16T09:52:38+08:00 ] ERR: (ThinkException) _ERROR_ACTION_:login
[ 2016-08-16T09:54:40+08:00 ] ERR: (ThinkException) _TEMPLATE_NOT_EXIST_[./tpl/Wap/default/Distribution_login.html]
[ 2016-08-16T14:11:10+08:00 ] ERR: (ThinkException) Champ 'price7' inconnu dans order clause
 [ SQL语句 ] : SELECT * FROM `pigcms_product_detail` WHERE ( `pid` = 88 ) ORDER BY price7 asc LIMIT 1  
[ 2016-08-16T14:34:08+08:00 ] ERR: (ThinkException) La table 'original_data.pigcms_account' n'existe pas
 [ SQL语句 ] : SHOW COLUMNS FROM `pigcms_account`
[ 2016-08-16T15:07:49+08:00 ] ERR: (ThinkException) _ERROR_ACTION_:myTeam
[ 2016-08-16T15:09:33+08:00 ] ERR: (ThinkException) _ERROR_ACTION_:myTeam
[ 2016-08-16T15:09:35+08:00 ] ERR: (ThinkException) _ERROR_ACTION_:myOrders
[ 2016-08-16T15:09:50+08:00 ] ERR: (ThinkException) _ERROR_ACTION_:charts
[ 2016-08-16T15:11:52+08:00 ] ERR: (ThinkException) Action:statisticalIds_METHOD_NOT_EXIST_
[ 2016-08-16T15:12:32+08:00 ] ERR: (ThinkException) Action:statisticalIds_METHOD_NOT_EXIST_
[ 2016-08-16T15:16:51+08:00 ] ERR: (ThinkException) _ERROR_ACTION_:myTeam
[ 2016-08-16T15:16:54+08:00 ] ERR: (ThinkException) _ERROR_ACTION_:topUp
[ 2016-08-16T15:16:57+08:00 ] ERR: (ThinkException) _ERROR_ACTION_:myOrders
[ 2016-08-16T15:27:22+08:00 ] ERR: (ThinkException) _ERROR_ACTION_:topUp
[ 2016-08-16T15:27:27+08:00 ] ERR: (ThinkException) _ERROR_ACTION_:topUp
[ 2016-08-16T15:35:55+08:00 ] ERR: (ThinkException) La table 'original_data.pigcms_level_orders' n'existe pas
 [ SQL语句 ] : SHOW COLUMNS FROM `pigcms_level_orders`
[ 2016-08-16T15:36:02+08:00 ] ERR: (ThinkException) La table 'original_data.pigcms_level_orders' n'existe pas
 [ SQL语句 ] : SHOW COLUMNS FROM `pigcms_level_orders`
[ 2016-08-16T15:47:39+08:00 ] ERR: (ThinkException) _ERROR_ACTION_:topupCondtionAjax
[ 2016-08-16T15:47:43+08:00 ] ERR: (ThinkException) _ERROR_ACTION_:topupCondtionAjax
[ 2016-08-16T15:49:49+08:00 ] ERR: (ThinkException) _ERROR_ACTION_:topupCondtionAjax
[ 2016-08-16T15:49:50+08:00 ] ERR: (ThinkException) _ERROR_ACTION_:topupCondtionAjax
[ 2016-08-16T15:52:16+08:00 ] ERR: (ThinkException) La table 'original_data.pigcms_level_orders' n'existe pas
 [ SQL语句 ] : SHOW COLUMNS FROM `pigcms_level_orders`
[ 2016-08-16T15:53:54+08:00 ] ERR: (ThinkException) _ERROR_ACTION_:myTeam
[ 2016-08-16T15:54:11+08:00 ] ERR: (ThinkException) _ERROR_ACTION_:myOrders
[ 2016-08-16T15:55:45+08:00 ] ERR: (ThinkException) _ERROR_ACTION_:myOrders
[ 2016-08-16T15:55:51+08:00 ] ERR: (ThinkException) Action:statisticalIds_METHOD_NOT_EXIST_
