[ 2016-06-17T09:52:50+08:00 ] 0.0.0.0 /wg_fenxiao/index.php?g=Home&m=Index&a=login
INFO: [ app_begin ] --START--
INFO: Run ReadHtmlCache Behavior [ RunTime:0.001000s ]
INFO: [ app_begin ] --END-- [ RunTime:0.001000s ]
NOTIC: [8] Undefined index: HTTP_REFERER D:\www\wg_fenxiao\Extend\Vendor\tongji\hm.php 第 74 行.
INFO: [ view_template ] --START--
INFO: Run LocationTemplate Behavior [ RunTime:-0.007000s ]
INFO: [ view_template ] --END-- [ RunTime:0.056003s ]
INFO: [ view_parse ] --START--
INFO: Run ParseTemplate Behavior [ RunTime:-0.063003s ]
INFO: [ view_parse ] --END-- [ RunTime:0.102006s ]
INFO: [ view_filter ] --START--
INFO: Run ContentReplace Behavior [ RunTime:-0.165009s ]
NOTIC: [8] A non well formed numeric value encountered D:\www\wg_fenxiao\Lib\Behavior\TokenBuildBehavior.class.php 第 56 行.
NOTIC: [2] Illegal string offset '9e3b1918eb52ca21822877b8d299f8f1' D:\www\wg_fenxiao\Lib\Behavior\TokenBuildBehavior.class.php 第 56 行.
INFO: Run TokenBuild Behavior [ RunTime:-0.166009s ]
INFO: Run WriteHtmlCache Behavior [ RunTime:-0.180010s ]
INFO: Run ShowRuntime Behavior [ RunTime:-0.181010s ]
INFO: [ view_filter ] --END-- [ RunTime:0.018001s ]
INFO: [ view_end ] --START--
INFO: Run ShowPageTrace Behavior [ RunTime:-0.183010s ]
INFO: [ view_end ] --END-- [ RunTime:0.002000s ]

[ 2016-06-17T09:53:03+08:00 ] 0.0.0.0 /wg_fenxiao/index.php?m=Users&a=checklogin
INFO: [ app_begin ] --START--
INFO: Run ReadHtmlCache Behavior [ RunTime:0.001000s ]
INFO: [ app_begin ] --END-- [ RunTime:0.001000s ]
INFO: [ view_template ] --START--
INFO: Run LocationTemplate Behavior [ RunTime:-1.105063s ]
INFO: [ view_template ] --END-- [ RunTime:0.002001s ]
INFO: [ view_parse ] --START--
INFO: Run ParseTemplate Behavior [ RunTime:-1.107064s ]
INFO: [ view_parse ] --END-- [ RunTime:0.032001s ]
INFO: [ view_filter ] --START--
INFO: Run ContentReplace Behavior [ RunTime:-1.139065s ]
INFO: Run TokenBuild Behavior [ RunTime:-1.140065s ]
INFO: Run WriteHtmlCache Behavior [ RunTime:-1.141065s ]
INFO: Run ShowRuntime Behavior [ RunTime:-1.141065s ]
INFO: [ view_filter ] --END-- [ RunTime:0.003001s ]
INFO: [ view_end ] --START--
INFO: Run ShowPageTrace Behavior [ RunTime:-1.142066s ]
INFO: [ view_end ] --END-- [ RunTime:0.002000s ]

[ 2016-06-17T09:53:06+08:00 ] 0.0.0.0 /wg_fenxiao/index.php?g=User&m=Index&a=index
INFO: [ app_begin ] --START--
INFO: Run ReadHtmlCache Behavior [ RunTime:0.001000s ]
INFO: [ app_begin ] --END-- [ RunTime:0.001000s ]
NOTIC: [2048] Declaration of IndexAction::insert() should be compatible with BaseAction::insert($name = '', $back = '/index') D:\www\wg_fenxiao\WgCms\Lib\Action\User\IndexAction.class.php 第 2 行.
NOTIC: [8] Undefined index: width D:\www\wg_fenxiao\WgCms\Lib\Action\UserAction.class.php 第 70 行.
INFO: [ view_template ] --START--
INFO: Run LocationTemplate Behavior [ RunTime:-1.150066s ]
INFO: [ view_template ] --END-- [ RunTime:0.042002s ]
INFO: [ view_parse ] --START--
NOTIC: [8] Use of undefined constant uid - assumed 'uid' D:\www\wg_fenxiao\Conf\logs\Cache\User\56f7804e54d354c9c14b7fc522e75478.php 第 49 行.
NOTIC: [8] Use of undefined constant Common - assumed 'Common' D:\www\wg_fenxiao\Conf\logs\Cache\User\56f7804e54d354c9c14b7fc522e75478.php 第 97 行.
NOTIC: [8] Undefined variable: demo D:\www\wg_fenxiao\Conf\logs\Cache\User\56f7804e54d354c9c14b7fc522e75478.php 第 161 行.
NOTIC: [8] Undefined variable: thisAD D:\www\wg_fenxiao\Conf\logs\Cache\User\56f7804e54d354c9c14b7fc522e75478.php 第 183 行.
NOTIC: [8] Undefined variable: alert D:\www\wg_fenxiao\Conf\logs\Cache\User\56f7804e54d354c9c14b7fc522e75478.php 第 230 行.
INFO: Run ParseTemplate Behavior [ RunTime:-1.193069s ]
INFO: [ view_parse ] --END-- [ RunTime:0.049002s ]
INFO: [ view_filter ] --START--
INFO: Run ContentReplace Behavior [ RunTime:-1.243071s ]
INFO: Run TokenBuild Behavior [ RunTime:-1.244071s ]
INFO: Run WriteHtmlCache Behavior [ RunTime:-1.245072s ]
INFO: Run ShowRuntime Behavior [ RunTime:-1.246072s ]
INFO: [ view_filter ] --END-- [ RunTime:0.004001s ]
INFO: [ view_end ] --START--
INFO: Run ShowPageTrace Behavior [ RunTime:-1.247072s ]
INFO: [ view_end ] --END-- [ RunTime:0.002000s ]

[ 2016-06-17T09:53:09+08:00 ] 0.0.0.0 /wg_fenxiao/index.php?g=User&m=Areply&a=index&id=15&token=mhfcjx1421158741
INFO: [ app_begin ] --START--
INFO: Run ReadHtmlCache Behavior [ RunTime:0.001000s ]
INFO: [ app_begin ] --END-- [ RunTime:0.001000s ]
NOTIC: [2048] Declaration of AreplyAction::insert() should be compatible with BaseAction::insert($name = '', $back = '/index') D:\www\wg_fenxiao\WgCms\Lib\Action\User\AreplyAction.class.php 第 5 行.
NOTIC: [8] Undefined index: width D:\www\wg_fenxiao\WgCms\Lib\Action\UserAction.class.php 第 70 行.
NOTIC: [2] Invalid argument supplied for foreach() D:\www\wg_fenxiao\WgCms\Lib\Action\User\AreplyAction.class.php 第 40 行.
NOTIC: [2] Invalid argument supplied for foreach() D:\www\wg_fenxiao\WgCms\Lib\Action\User\AreplyAction.class.php 第 40 行.
NOTIC: [2] Invalid argument supplied for foreach() D:\www\wg_fenxiao\WgCms\Lib\Action\User\AreplyAction.class.php 第 40 行.
INFO: [ view_template ] --START--
INFO: Run LocationTemplate Behavior [ RunTime:-1.250072s ]
INFO: [ view_template ] --END-- [ RunTime:0.013001s ]
INFO: [ view_parse ] --START--
NOTIC: [8] Use of undefined constant uid - assumed 'uid' D:\www\wg_fenxiao\Conf\logs\Cache\User\7211be94ef344b0124b2339a8e0ea470.php 第 124 行.
NOTIC: [8] Undefined index: exceptCondition D:\www\wg_fenxiao\Conf\logs\Cache\User\7211be94ef344b0124b2339a8e0ea470.php 第 263 行.
NOTIC: [8] Undefined index: test D:\www\wg_fenxiao\Conf\logs\Cache\User\7211be94ef344b0124b2339a8e0ea470.php 第 263 行.
NOTIC: [8] Undefined index: test D:\www\wg_fenxiao\Conf\logs\Cache\User\7211be94ef344b0124b2339a8e0ea470.php 第 263 行.
NOTIC: [8] Undefined index: test D:\www\wg_fenxiao\Conf\logs\Cache\User\7211be94ef344b0124b2339a8e0ea470.php 第 263 行.
NOTIC: [8] Undefined index: test D:\www\wg_fenxiao\Conf\logs\Cache\User\7211be94ef344b0124b2339a8e0ea470.php 第 263 行.
NOTIC: [8] Undefined index: test D:\www\wg_fenxiao\Conf\logs\Cache\User\7211be94ef344b0124b2339a8e0ea470.php 第 263 行.
NOTIC: [8] Undefined index: test D:\www\wg_fenxiao\Conf\logs\Cache\User\7211be94ef344b0124b2339a8e0ea470.php 第 263 行.
NOTIC: [8] Undefined index: test D:\www\wg_fenxiao\Conf\logs\Cache\User\7211be94ef344b0124b2339a8e0ea470.php 第 263 行.
NOTIC: [8] Undefined index: test D:\www\wg_fenxiao\Conf\logs\Cache\User\7211be94ef344b0124b2339a8e0ea470.php 第 263 行.
NOTIC: [8] Undefined index: test D:\www\wg_fenxiao\Conf\logs\Cache\User\7211be94ef344b0124b2339a8e0ea470.php 第 263 行.
NOTIC: [8] Undefined index: test D:\www\wg_fenxiao\Conf\logs\Cache\User\7211be94ef344b0124b2339a8e0ea470.php 第 263 行.
NOTIC: [8] Undefined index: test D:\www\wg_fenxiao\Conf\logs\Cache\User\7211be94ef344b0124b2339a8e0ea470.php 第 263 行.
NOTIC: [8] Undefined index: test D:\www\wg_fenxiao\Conf\logs\Cache\User\7211be94ef344b0124b2339a8e0ea470.php 第 263 行.
NOTIC: [8] Undefined index: test D:\www\wg_fenxiao\Conf\logs\Cache\User\7211be94ef344b0124b2339a8e0ea470.php 第 263 行.
NOTIC: [8] Undefined variable: alert D:\www\wg_fenxiao\Conf\logs\Cache\User\7211be94ef344b0124b2339a8e0ea470.php 第 479 行.
INFO: Run ParseTemplate Behavior [ RunTime:-1.264073s ]
INFO: [ view_parse ] --END-- [ RunTime:0.062003s ]
INFO: [ view_filter ] --START--
INFO: Run ContentReplace Behavior [ RunTime:-1.326076s ]
NOTIC: [2] Illegal string offset 'd3129869179e438373f9743134b3da51' D:\www\wg_fenxiao\Lib\Behavior\TokenBuildBehavior.class.php 第 56 行.
INFO: Run TokenBuild Behavior [ RunTime:-1.327076s ]
INFO: Run WriteHtmlCache Behavior [ RunTime:-1.328076s ]
INFO: Run ShowRuntime Behavior [ RunTime:-1.329076s ]
INFO: [ view_filter ] --END-- [ RunTime:0.004000s ]
INFO: [ view_end ] --START--
INFO: Run ShowPageTrace Behavior [ RunTime:-1.331076s ]
INFO: [ view_end ] --END-- [ RunTime:0.001000s ]

[ 2016-06-17T09:53:18+08:00 ] 0.0.0.0 /wg_fenxiao/index.php?g=User&m=Store&a=index&token=mhfcjx1421158741
INFO: [ app_begin ] --START--
INFO: Run ReadHtmlCache Behavior [ RunTime:0.001000s ]
INFO: [ app_begin ] --END-- [ RunTime:0.001000s ]
NOTIC: [8] Undefined index: width D:\www\wg_fenxiao\WgCms\Lib\Action\UserAction.class.php 第 70 行.
NOTIC: [8] Undefined variable: parentCat D:\www\wg_fenxiao\WgCms\Lib\Action\User\StoreAction.class.php 第 43 行.
INFO: [ view_template ] --START--
INFO: Run LocationTemplate Behavior [ RunTime:-1.210069s ]
INFO: [ view_template ] --END-- [ RunTime:0.020001s ]
INFO: [ view_parse ] --START--
NOTIC: [2] file_get_contents(./tpl/User/default/Store_tab.html): failed to open stream: No such file or directory D:\www\wg_fenxiao\Lib\Template\ThinkTemplate.class.php 第 624 行.
NOTIC: [8] Use of undefined constant uid - assumed 'uid' D:\www\wg_fenxiao\Conf\logs\Cache\User\df88e5ca277659c13ffbe813b31744d2.php 第 124 行.
NOTIC: [8] Undefined index: exceptCondition D:\www\wg_fenxiao\Conf\logs\Cache\User\df88e5ca277659c13ffbe813b31744d2.php 第 263 行.
NOTIC: [8] Undefined index: test D:\www\wg_fenxiao\Conf\logs\Cache\User\df88e5ca277659c13ffbe813b31744d2.php 第 263 行.
NOTIC: [8] Undefined index: test D:\www\wg_fenxiao\Conf\logs\Cache\User\df88e5ca277659c13ffbe813b31744d2.php 第 263 行.
NOTIC: [8] Undefined index: test D:\www\wg_fenxiao\Conf\logs\Cache\User\df88e5ca277659c13ffbe813b31744d2.php 第 263 行.
NOTIC: [8] Undefined index: test D:\www\wg_fenxiao\Conf\logs\Cache\User\df88e5ca277659c13ffbe813b31744d2.php 第 263 行.
NOTIC: [8] Undefined index: test D:\www\wg_fenxiao\Conf\logs\Cache\User\df88e5ca277659c13ffbe813b31744d2.php 第 263 行.
NOTIC: [8] Undefined index: test D:\www\wg_fenxiao\Conf\logs\Cache\User\df88e5ca277659c13ffbe813b31744d2.php 第 263 行.
NOTIC: [8] Undefined index: test D:\www\wg_fenxiao\Conf\logs\Cache\User\df88e5ca277659c13ffbe813b31744d2.php 第 263 行.
NOTIC: [8] Undefined index: test D:\www\wg_fenxiao\Conf\logs\Cache\User\df88e5ca277659c13ffbe813b31744d2.php 第 263 行.
NOTIC: [8] Undefined index: test D:\www\wg_fenxiao\Conf\logs\Cache\User\df88e5ca277659c13ffbe813b31744d2.php 第 263 行.
NOTIC: [8] Undefined index: test D:\www\wg_fenxiao\Conf\logs\Cache\User\df88e5ca277659c13ffbe813b31744d2.php 第 263 行.
NOTIC: [8] Undefined index: test D:\www\wg_fenxiao\Conf\logs\Cache\User\df88e5ca277659c13ffbe813b31744d2.php 第 263 行.
NOTIC: [8] Undefined index: test D:\www\wg_fenxiao\Conf\logs\Cache\User\df88e5ca277659c13ffbe813b31744d2.php 第 263 行.
NOTIC: [8] Undefined index: test D:\www\wg_fenxiao\Conf\logs\Cache\User\df88e5ca277659c13ffbe813b31744d2.php 第 263 行.
NOTIC: [8] Undefined variable: cid D:\www\wg_fenxiao\Conf\logs\Cache\User\df88e5ca277659c13ffbe813b31744d2.php 第 294 行.
NOTIC: [8] Undefined index: parentid D:\www\wg_fenxiao\Conf\logs\Cache\User\df88e5ca277659c13ffbe813b31744d2.php 第 294 行.
NOTIC: [8] Undefined variable: cid D:\www\wg_fenxiao\Conf\logs\Cache\User\df88e5ca277659c13ffbe813b31744d2.php 第 301 行.
NOTIC: [8] Undefined index: level D:\www\wg_fenxiao\Conf\logs\Cache\User\df88e5ca277659c13ffbe813b31744d2.php 第 334 行.
NOTIC: [8] Undefined index: level D:\www\wg_fenxiao\Conf\logs\Cache\User\df88e5ca277659c13ffbe813b31744d2.php 第 334 行.
NOTIC: [8] Undefined index: level D:\www\wg_fenxiao\Conf\logs\Cache\User\df88e5ca277659c13ffbe813b31744d2.php 第 334 行.
NOTIC: [8] Undefined index: level D:\www\wg_fenxiao\Conf\logs\Cache\User\df88e5ca277659c13ffbe813b31744d2.php 第 334 行.
NOTIC: [8] Undefined index: level D:\www\wg_fenxiao\Conf\logs\Cache\User\df88e5ca277659c13ffbe813b31744d2.php 第 334 行.
NOTIC: [8] Undefined index: level D:\www\wg_fenxiao\Conf\logs\Cache\User\df88e5ca277659c13ffbe813b31744d2.php 第 334 行.
NOTIC: [8] Undefined index: level D:\www\wg_fenxiao\Conf\logs\Cache\User\df88e5ca277659c13ffbe813b31744d2.php 第 334 行.
NOTIC: [8] Undefined index: level D:\www\wg_fenxiao\Conf\logs\Cache\User\df88e5ca277659c13ffbe813b31744d2.php 第 334 行.
NOTIC: [8] Undefined index: level D:\www\wg_fenxiao\Conf\logs\Cache\User\df88e5ca277659c13ffbe813b31744d2.php 第 334 行.
NOTIC: [8] Undefined variable: alert D:\www\wg_fenxiao\Conf\logs\Cache\User\df88e5ca277659c13ffbe813b31744d2.php 第 376 行.
INFO: Run ParseTemplate Behavior [ RunTime:-1.230070s ]
INFO: [ view_parse ] --END-- [ RunTime:0.082005s ]
INFO: [ view_filter ] --START--
INFO: Run ContentReplace Behavior [ RunTime:-1.312075s ]
NOTIC: [2] Illegal string offset 'fbe717aaa57069cae6667986b4631368' D:\www\wg_fenxiao\Lib\Behavior\TokenBuildBehavior.class.php 第 56 行.
INFO: Run TokenBuild Behavior [ RunTime:-1.313075s ]
INFO: Run WriteHtmlCache Behavior [ RunTime:-1.315075s ]
INFO: Run ShowRuntime Behavior [ RunTime:-1.315075s ]
INFO: [ view_filter ] --END-- [ RunTime:0.005000s ]
INFO: [ view_end ] --START--
INFO: Run ShowPageTrace Behavior [ RunTime:-1.317075s ]
INFO: [ view_end ] --END-- [ RunTime:0.002000s ]

[ 2016-06-17T09:53:31+08:00 ] 0.0.0.0 /wg_fenxiao/index.php?g=User&m=Store&a=product&catid=6&token=mhfcjx1421158741&parentid=0
INFO: [ app_begin ] --START--
INFO: Run ReadHtmlCache Behavior [ RunTime:0.001000s ]
INFO: [ app_begin ] --END-- [ RunTime:0.001000s ]
NOTIC: [8] Undefined index: width D:\www\wg_fenxiao\WgCms\Lib\Action\UserAction.class.php 第 70 行.
INFO: [ view_template ] --START--
INFO: Run LocationTemplate Behavior [ RunTime:-1.153066s ]
INFO: [ view_template ] --END-- [ RunTime:0.008001s ]
INFO: [ view_parse ] --START--
NOTIC: [8] Use of undefined constant uid - assumed 'uid' D:\www\wg_fenxiao\Conf\logs\Cache\User\c3ba6468e6db40f3fb8b155b1f679ee1.php 第 124 行.
NOTIC: [8] Undefined index: exceptCondition D:\www\wg_fenxiao\Conf\logs\Cache\User\c3ba6468e6db40f3fb8b155b1f679ee1.php 第 263 行.
NOTIC: [8] Undefined index: test D:\www\wg_fenxiao\Conf\logs\Cache\User\c3ba6468e6db40f3fb8b155b1f679ee1.php 第 263 行.
NOTIC: [8] Undefined index: test D:\www\wg_fenxiao\Conf\logs\Cache\User\c3ba6468e6db40f3fb8b155b1f679ee1.php 第 263 行.
NOTIC: [8] Undefined index: test D:\www\wg_fenxiao\Conf\logs\Cache\User\c3ba6468e6db40f3fb8b155b1f679ee1.php 第 263 行.
NOTIC: [8] Undefined index: test D:\www\wg_fenxiao\Conf\logs\Cache\User\c3ba6468e6db40f3fb8b155b1f679ee1.php 第 263 行.
NOTIC: [8] Undefined index: test D:\www\wg_fenxiao\Conf\logs\Cache\User\c3ba6468e6db40f3fb8b155b1f679ee1.php 第 263 行.
NOTIC: [8] Undefined index: test D:\www\wg_fenxiao\Conf\logs\Cache\User\c3ba6468e6db40f3fb8b155b1f679ee1.php 第 263 行.
NOTIC: [8] Undefined index: test D:\www\wg_fenxiao\Conf\logs\Cache\User\c3ba6468e6db40f3fb8b155b1f679ee1.php 第 263 行.
NOTIC: [8] Undefined index: test D:\www\wg_fenxiao\Conf\logs\Cache\User\c3ba6468e6db40f3fb8b155b1f679ee1.php 第 263 行.
NOTIC: [8] Undefined index: test D:\www\wg_fenxiao\Conf\logs\Cache\User\c3ba6468e6db40f3fb8b155b1f679ee1.php 第 263 行.
NOTIC: [8] Undefined index: test D:\www\wg_fenxiao\Conf\logs\Cache\User\c3ba6468e6db40f3fb8b155b1f679ee1.php 第 263 行.
NOTIC: [8] Undefined index: test D:\www\wg_fenxiao\Conf\logs\Cache\User\c3ba6468e6db40f3fb8b155b1f679ee1.php 第 263 行.
NOTIC: [8] Undefined index: test D:\www\wg_fenxiao\Conf\logs\Cache\User\c3ba6468e6db40f3fb8b155b1f679ee1.php 第 263 行.
NOTIC: [8] Undefined index: test D:\www\wg_fenxiao\Conf\logs\Cache\User\c3ba6468e6db40f3fb8b155b1f679ee1.php 第 263 行.
NOTIC: [8] Undefined variable: alert D:\www\wg_fenxiao\Conf\logs\Cache\User\c3ba6468e6db40f3fb8b155b1f679ee1.php 第 388 行.
INFO: Run ParseTemplate Behavior [ RunTime:-1.161067s ]
INFO: [ view_parse ] --END-- [ RunTime:0.059003s ]
INFO: [ view_filter ] --START--
INFO: Run ContentReplace Behavior [ RunTime:-1.220070s ]
NOTIC: [8] A non well formed numeric value encountered D:\www\wg_fenxiao\Lib\Behavior\TokenBuildBehavior.class.php 第 56 行.
INFO: Run TokenBuild Behavior [ RunTime:-1.221070s ]
INFO: Run WriteHtmlCache Behavior [ RunTime:-1.223070s ]
INFO: Run ShowRuntime Behavior [ RunTime:-1.224070s ]
INFO: [ view_filter ] --END-- [ RunTime:0.005000s ]
INFO: [ view_end ] --START--
INFO: Run ShowPageTrace Behavior [ RunTime:-1.225070s ]
INFO: [ view_end ] --END-- [ RunTime:0.002000s ]

[ 2016-06-17T09:53:37+08:00 ] 0.0.0.0 /wg_fenxiao/index.php?g=User&m=Store&a=index&token=mhfcjx1421158741&catid=6&parentid=0
INFO: [ app_begin ] --START--
INFO: Run ReadHtmlCache Behavior [ RunTime:0.006001s ]
INFO: [ app_begin ] --END-- [ RunTime:0.006001s ]
NOTIC: [8] Undefined index: width D:\www\wg_fenxiao\WgCms\Lib\Action\UserAction.class.php 第 70 行.
NOTIC: [8] Undefined variable: parentCat D:\www\wg_fenxiao\WgCms\Lib\Action\User\StoreAction.class.php 第 43 行.
INFO: [ view_template ] --START--
INFO: Run LocationTemplate Behavior [ RunTime:-1.143065s ]
INFO: [ view_template ] --END-- [ RunTime:0.001000s ]
INFO: [ view_parse ] --START--
NOTIC: [2] file_get_contents(./tpl/User/default/Store_tab.html): failed to open stream: No such file or directory D:\www\wg_fenxiao\Lib\Template\ThinkTemplate.class.php 第 624 行.
NOTIC: [8] Use of undefined constant uid - assumed 'uid' D:\www\wg_fenxiao\Conf\logs\Cache\User\df88e5ca277659c13ffbe813b31744d2.php 第 124 行.
NOTIC: [8] Undefined index: exceptCondition D:\www\wg_fenxiao\Conf\logs\Cache\User\df88e5ca277659c13ffbe813b31744d2.php 第 263 行.
NOTIC: [8] Undefined index: test D:\www\wg_fenxiao\Conf\logs\Cache\User\df88e5ca277659c13ffbe813b31744d2.php 第 263 行.
NOTIC: [8] Undefined index: test D:\www\wg_fenxiao\Conf\logs\Cache\User\df88e5ca277659c13ffbe813b31744d2.php 第 263 行.
NOTIC: [8] Undefined index: test D:\www\wg_fenxiao\Conf\logs\Cache\User\df88e5ca277659c13ffbe813b31744d2.php 第 263 行.
NOTIC: [8] Undefined index: test D:\www\wg_fenxiao\Conf\logs\Cache\User\df88e5ca277659c13ffbe813b31744d2.php 第 263 行.
NOTIC: [8] Undefined index: test D:\www\wg_fenxiao\Conf\logs\Cache\User\df88e5ca277659c13ffbe813b31744d2.php 第 263 行.
NOTIC: [8] Undefined index: test D:\www\wg_fenxiao\Conf\logs\Cache\User\df88e5ca277659c13ffbe813b31744d2.php 第 263 行.
NOTIC: [8] Undefined index: test D:\www\wg_fenxiao\Conf\logs\Cache\User\df88e5ca277659c13ffbe813b31744d2.php 第 263 行.
NOTIC: [8] Undefined index: test D:\www\wg_fenxiao\Conf\logs\Cache\User\df88e5ca277659c13ffbe813b31744d2.php 第 263 行.
NOTIC: [8] Undefined index: test D:\www\wg_fenxiao\Conf\logs\Cache\User\df88e5ca277659c13ffbe813b31744d2.php 第 263 行.
NOTIC: [8] Undefined index: test D:\www\wg_fenxiao\Conf\logs\Cache\User\df88e5ca277659c13ffbe813b31744d2.php 第 263 行.
NOTIC: [8] Undefined index: test D:\www\wg_fenxiao\Conf\logs\Cache\User\df88e5ca277659c13ffbe813b31744d2.php 第 263 行.
NOTIC: [8] Undefined index: test D:\www\wg_fenxiao\Conf\logs\Cache\User\df88e5ca277659c13ffbe813b31744d2.php 第 263 行.
NOTIC: [8] Undefined index: test D:\www\wg_fenxiao\Conf\logs\Cache\User\df88e5ca277659c13ffbe813b31744d2.php 第 263 行.
NOTIC: [8] Undefined variable: cid D:\www\wg_fenxiao\Conf\logs\Cache\User\df88e5ca277659c13ffbe813b31744d2.php 第 294 行.
NOTIC: [8] Undefined variable: cid D:\www\wg_fenxiao\Conf\logs\Cache\User\df88e5ca277659c13ffbe813b31744d2.php 第 301 行.
NOTIC: [8] Undefined index: level D:\www\wg_fenxiao\Conf\logs\Cache\User\df88e5ca277659c13ffbe813b31744d2.php 第 334 行.
NOTIC: [8] Undefined index: level D:\www\wg_fenxiao\Conf\logs\Cache\User\df88e5ca277659c13ffbe813b31744d2.php 第 334 行.
NOTIC: [8] Undefined index: level D:\www\wg_fenxiao\Conf\logs\Cache\User\df88e5ca277659c13ffbe813b31744d2.php 第 334 行.
NOTIC: [8] Undefined index: level D:\www\wg_fenxiao\Conf\logs\Cache\User\df88e5ca277659c13ffbe813b31744d2.php 第 334 行.
NOTIC: [8] Undefined index: level D:\www\wg_fenxiao\Conf\logs\Cache\User\df88e5ca277659c13ffbe813b31744d2.php 第 334 行.
NOTIC: [8] Undefined index: level D:\www\wg_fenxiao\Conf\logs\Cache\User\df88e5ca277659c13ffbe813b31744d2.php 第 334 行.
NOTIC: [8] Undefined index: level D:\www\wg_fenxiao\Conf\logs\Cache\User\df88e5ca277659c13ffbe813b31744d2.php 第 334 行.
NOTIC: [8] Undefined index: level D:\www\wg_fenxiao\Conf\logs\Cache\User\df88e5ca277659c13ffbe813b31744d2.php 第 334 行.
NOTIC: [8] Undefined index: level D:\www\wg_fenxiao\Conf\logs\Cache\User\df88e5ca277659c13ffbe813b31744d2.php 第 334 行.
NOTIC: [8] Undefined variable: alert D:\www\wg_fenxiao\Conf\logs\Cache\User\df88e5ca277659c13ffbe813b31744d2.php 第 376 行.
INFO: Run ParseTemplate Behavior [ RunTime:-1.144065s ]
INFO: [ view_parse ] --END-- [ RunTime:0.064004s ]
INFO: [ view_filter ] --START--
INFO: Run ContentReplace Behavior [ RunTime:-1.208069s ]
NOTIC: [2] Illegal string offset 'e9b2dd2b102baf2cd1265fef6377c3cd' D:\www\wg_fenxiao\Lib\Behavior\TokenBuildBehavior.class.php 第 56 行.
INFO: Run TokenBuild Behavior [ RunTime:-1.210069s ]
INFO: Run WriteHtmlCache Behavior [ RunTime:-1.211069s ]
INFO: Run ShowRuntime Behavior [ RunTime:-1.213069s ]
INFO: [ view_filter ] --END-- [ RunTime:0.006000s ]
INFO: [ view_end ] --START--
INFO: Run ShowPageTrace Behavior [ RunTime:-1.215069s ]
INFO: [ view_end ] --END-- [ RunTime:0.001000s ]

[ 2016-06-17T09:57:09+08:00 ] 0.0.0.0 /wg_fenxiao/index.php?g=User&m=Store&a=index&token=mhfcjx1421158741&catid=6&parentid=0
INFO: [ app_begin ] --START--
INFO: Run ReadHtmlCache Behavior [ RunTime:0.001000s ]
INFO: [ app_begin ] --END-- [ RunTime:0.001000s ]
NOTIC: [8] Undefined index: width D:\www\wg_fenxiao\WgCms\Lib\Action\UserAction.class.php 第 70 行.
NOTIC: [8] Undefined variable: parentCat D:\www\wg_fenxiao\WgCms\Lib\Action\User\StoreAction.class.php 第 43 行.
INFO: [ view_template ] --START--
INFO: Run LocationTemplate Behavior [ RunTime:-1.064061s ]
INFO: [ view_template ] --END-- [ RunTime:0.000000s ]
INFO: [ view_parse ] --START--
NOTIC: [2] file_get_contents(./tpl/User/default/Store_tab.html): failed to open stream: No such file or directory D:\www\wg_fenxiao\Lib\Template\ThinkTemplate.class.php 第 624 行.
NOTIC: [8] Use of undefined constant uid - assumed 'uid' D:\www\wg_fenxiao\Conf\logs\Cache\User\df88e5ca277659c13ffbe813b31744d2.php 第 124 行.
NOTIC: [8] Undefined index: exceptCondition D:\www\wg_fenxiao\Conf\logs\Cache\User\df88e5ca277659c13ffbe813b31744d2.php 第 263 行.
NOTIC: [8] Undefined index: test D:\www\wg_fenxiao\Conf\logs\Cache\User\df88e5ca277659c13ffbe813b31744d2.php 第 263 行.
NOTIC: [8] Undefined index: test D:\www\wg_fenxiao\Conf\logs\Cache\User\df88e5ca277659c13ffbe813b31744d2.php 第 263 行.
NOTIC: [8] Undefined index: test D:\www\wg_fenxiao\Conf\logs\Cache\User\df88e5ca277659c13ffbe813b31744d2.php 第 263 行.
NOTIC: [8] Undefined index: test D:\www\wg_fenxiao\Conf\logs\Cache\User\df88e5ca277659c13ffbe813b31744d2.php 第 263 行.
NOTIC: [8] Undefined index: test D:\www\wg_fenxiao\Conf\logs\Cache\User\df88e5ca277659c13ffbe813b31744d2.php 第 263 行.
NOTIC: [8] Undefined index: test D:\www\wg_fenxiao\Conf\logs\Cache\User\df88e5ca277659c13ffbe813b31744d2.php 第 263 行.
NOTIC: [8] Undefined index: test D:\www\wg_fenxiao\Conf\logs\Cache\User\df88e5ca277659c13ffbe813b31744d2.php 第 263 行.
NOTIC: [8] Undefined index: test D:\www\wg_fenxiao\Conf\logs\Cache\User\df88e5ca277659c13ffbe813b31744d2.php 第 263 行.
NOTIC: [8] Undefined index: test D:\www\wg_fenxiao\Conf\logs\Cache\User\df88e5ca277659c13ffbe813b31744d2.php 第 263 行.
NOTIC: [8] Undefined index: test D:\www\wg_fenxiao\Conf\logs\Cache\User\df88e5ca277659c13ffbe813b31744d2.php 第 263 行.
NOTIC: [8] Undefined index: test D:\www\wg_fenxiao\Conf\logs\Cache\User\df88e5ca277659c13ffbe813b31744d2.php 第 263 行.
NOTIC: [8] Undefined index: test D:\www\wg_fenxiao\Conf\logs\Cache\User\df88e5ca277659c13ffbe813b31744d2.php 第 263 行.
NOTIC: [8] Undefined index: test D:\www\wg_fenxiao\Conf\logs\Cache\User\df88e5ca277659c13ffbe813b31744d2.php 第 263 行.
NOTIC: [8] Undefined variable: cid D:\www\wg_fenxiao\Conf\logs\Cache\User\df88e5ca277659c13ffbe813b31744d2.php 第 294 行.
NOTIC: [8] Undefined variable: cid D:\www\wg_fenxiao\Conf\logs\Cache\User\df88e5ca277659c13ffbe813b31744d2.php 第 301 行.
NOTIC: [8] Undefined index: level D:\www\wg_fenxiao\Conf\logs\Cache\User\df88e5ca277659c13ffbe813b31744d2.php 第 334 行.
NOTIC: [8] Undefined index: level D:\www\wg_fenxiao\Conf\logs\Cache\User\df88e5ca277659c13ffbe813b31744d2.php 第 334 行.
NOTIC: [8] Undefined index: level D:\www\wg_fenxiao\Conf\logs\Cache\User\df88e5ca277659c13ffbe813b31744d2.php 第 334 行.
NOTIC: [8] Undefined index: level D:\www\wg_fenxiao\Conf\logs\Cache\User\df88e5ca277659c13ffbe813b31744d2.php 第 334 行.
NOTIC: [8] Undefined index: level D:\www\wg_fenxiao\Conf\logs\Cache\User\df88e5ca277659c13ffbe813b31744d2.php 第 334 行.
NOTIC: [8] Undefined index: level D:\www\wg_fenxiao\Conf\logs\Cache\User\df88e5ca277659c13ffbe813b31744d2.php 第 334 行.
NOTIC: [8] Undefined index: level D:\www\wg_fenxiao\Conf\logs\Cache\User\df88e5ca277659c13ffbe813b31744d2.php 第 334 行.
NOTIC: [8] Undefined index: level D:\www\wg_fenxiao\Conf\logs\Cache\User\df88e5ca277659c13ffbe813b31744d2.php 第 334 行.
NOTIC: [8] Undefined index: level D:\www\wg_fenxiao\Conf\logs\Cache\User\df88e5ca277659c13ffbe813b31744d2.php 第 334 行.
NOTIC: [8] Undefined variable: alert D:\www\wg_fenxiao\Conf\logs\Cache\User\df88e5ca277659c13ffbe813b31744d2.php 第 376 行.
INFO: Run ParseTemplate Behavior [ RunTime:-1.064061s ]
INFO: [ view_parse ] --END-- [ RunTime:0.018001s ]
INFO: [ view_filter ] --START--
INFO: Run ContentReplace Behavior [ RunTime:-1.082062s ]
NOTIC: [2] Illegal string offset 'e9b2dd2b102baf2cd1265fef6377c3cd' D:\www\wg_fenxiao\Lib\Behavior\TokenBuildBehavior.class.php 第 56 行.
INFO: Run TokenBuild Behavior [ RunTime:-1.083062s ]
INFO: Run WriteHtmlCache Behavior [ RunTime:-1.084062s ]
INFO: Run ShowRuntime Behavior [ RunTime:-1.084062s ]
INFO: [ view_filter ] --END-- [ RunTime:0.003000s ]
INFO: [ view_end ] --START--
INFO: Run ShowPageTrace Behavior [ RunTime:-1.085062s ]
INFO: [ view_end ] --END-- [ RunTime:0.000000s ]

[ 2016-06-17T09:57:11+08:00 ] 0.0.0.0 /wg_fenxiao/index.php?g=User&m=Store&a=index&token=mhfcjx1421158741&catid=6&parentid=0
INFO: [ app_begin ] --START--
INFO: Run ReadHtmlCache Behavior [ RunTime:0.001000s ]
INFO: [ app_begin ] --END-- [ RunTime:0.001000s ]
NOTIC: [8] Undefined index: width D:\www\wg_fenxiao\WgCms\Lib\Action\UserAction.class.php 第 70 行.
NOTIC: [8] Undefined variable: parentCat D:\www\wg_fenxiao\WgCms\Lib\Action\User\StoreAction.class.php 第 43 行.
INFO: [ view_template ] --START--
INFO: Run LocationTemplate Behavior [ RunTime:-1.052060s ]
INFO: [ view_template ] --END-- [ RunTime:0.001000s ]
INFO: [ view_parse ] --START--
NOTIC: [2] file_get_contents(./tpl/User/default/Store_tab.html): failed to open stream: No such file or directory D:\www\wg_fenxiao\Lib\Template\ThinkTemplate.class.php 第 624 行.
NOTIC: [8] Use of undefined constant uid - assumed 'uid' D:\www\wg_fenxiao\Conf\logs\Cache\User\df88e5ca277659c13ffbe813b31744d2.php 第 124 行.
NOTIC: [8] Undefined index: exceptCondition D:\www\wg_fenxiao\Conf\logs\Cache\User\df88e5ca277659c13ffbe813b31744d2.php 第 263 行.
NOTIC: [8] Undefined index: test D:\www\wg_fenxiao\Conf\logs\Cache\User\df88e5ca277659c13ffbe813b31744d2.php 第 263 行.
NOTIC: [8] Undefined index: test D:\www\wg_fenxiao\Conf\logs\Cache\User\df88e5ca277659c13ffbe813b31744d2.php 第 263 行.
NOTIC: [8] Undefined index: test D:\www\wg_fenxiao\Conf\logs\Cache\User\df88e5ca277659c13ffbe813b31744d2.php 第 263 行.
NOTIC: [8] Undefined index: test D:\www\wg_fenxiao\Conf\logs\Cache\User\df88e5ca277659c13ffbe813b31744d2.php 第 263 行.
NOTIC: [8] Undefined index: test D:\www\wg_fenxiao\Conf\logs\Cache\User\df88e5ca277659c13ffbe813b31744d2.php 第 263 行.
NOTIC: [8] Undefined index: test D:\www\wg_fenxiao\Conf\logs\Cache\User\df88e5ca277659c13ffbe813b31744d2.php 第 263 行.
NOTIC: [8] Undefined index: test D:\www\wg_fenxiao\Conf\logs\Cache\User\df88e5ca277659c13ffbe813b31744d2.php 第 263 行.
NOTIC: [8] Undefined index: test D:\www\wg_fenxiao\Conf\logs\Cache\User\df88e5ca277659c13ffbe813b31744d2.php 第 263 行.
NOTIC: [8] Undefined index: test D:\www\wg_fenxiao\Conf\logs\Cache\User\df88e5ca277659c13ffbe813b31744d2.php 第 263 行.
NOTIC: [8] Undefined index: test D:\www\wg_fenxiao\Conf\logs\Cache\User\df88e5ca277659c13ffbe813b31744d2.php 第 263 行.
NOTIC: [8] Undefined index: test D:\www\wg_fenxiao\Conf\logs\Cache\User\df88e5ca277659c13ffbe813b31744d2.php 第 263 行.
NOTIC: [8] Undefined index: test D:\www\wg_fenxiao\Conf\logs\Cache\User\df88e5ca277659c13ffbe813b31744d2.php 第 263 行.
NOTIC: [8] Undefined index: test D:\www\wg_fenxiao\Conf\logs\Cache\User\df88e5ca277659c13ffbe813b31744d2.php 第 263 行.
NOTIC: [8] Undefined variable: cid D:\www\wg_fenxiao\Conf\logs\Cache\User\df88e5ca277659c13ffbe813b31744d2.php 第 294 行.
NOTIC: [8] Undefined variable: cid D:\www\wg_fenxiao\Conf\logs\Cache\User\df88e5ca277659c13ffbe813b31744d2.php 第 301 行.
NOTIC: [8] Undefined index: level D:\www\wg_fenxiao\Conf\logs\Cache\User\df88e5ca277659c13ffbe813b31744d2.php 第 334 行.
NOTIC: [8] Undefined index: level D:\www\wg_fenxiao\Conf\logs\Cache\User\df88e5ca277659c13ffbe813b31744d2.php 第 334 行.
NOTIC: [8] Undefined index: level D:\www\wg_fenxiao\Conf\logs\Cache\User\df88e5ca277659c13ffbe813b31744d2.php 第 334 行.
NOTIC: [8] Undefined index: level D:\www\wg_fenxiao\Conf\logs\Cache\User\df88e5ca277659c13ffbe813b31744d2.php 第 334 行.
NOTIC: [8] Undefined index: level D:\www\wg_fenxiao\Conf\logs\Cache\User\df88e5ca277659c13ffbe813b31744d2.php 第 334 行.
NOTIC: [8] Undefined index: level D:\www\wg_fenxiao\Conf\logs\Cache\User\df88e5ca277659c13ffbe813b31744d2.php 第 334 行.
NOTIC: [8] Undefined index: level D:\www\wg_fenxiao\Conf\logs\Cache\User\df88e5ca277659c13ffbe813b31744d2.php 第 334 行.
NOTIC: [8] Undefined index: level D:\www\wg_fenxiao\Conf\logs\Cache\User\df88e5ca277659c13ffbe813b31744d2.php 第 334 行.
NOTIC: [8] Undefined index: level D:\www\wg_fenxiao\Conf\logs\Cache\User\df88e5ca277659c13ffbe813b31744d2.php 第 334 行.
NOTIC: [8] Undefined variable: alert D:\www\wg_fenxiao\Conf\logs\Cache\User\df88e5ca277659c13ffbe813b31744d2.php 第 376 行.
INFO: Run ParseTemplate Behavior [ RunTime:-1.053060s ]
INFO: [ view_parse ] --END-- [ RunTime:0.017001s ]
INFO: [ view_filter ] --START--
INFO: Run ContentReplace Behavior [ RunTime:-1.070061s ]
NOTIC: [2] Illegal string offset 'e9b2dd2b102baf2cd1265fef6377c3cd' D:\www\wg_fenxiao\Lib\Behavior\TokenBuildBehavior.class.php 第 56 行.
INFO: Run TokenBuild Behavior [ RunTime:-1.071061s ]
INFO: Run WriteHtmlCache Behavior [ RunTime:-1.071061s ]
INFO: Run ShowRuntime Behavior [ RunTime:-1.072062s ]
INFO: [ view_filter ] --END-- [ RunTime:0.002001s ]
INFO: [ view_end ] --START--
INFO: Run ShowPageTrace Behavior [ RunTime:-1.072062s ]
INFO: [ view_end ] --END-- [ RunTime:0.001000s ]

[ 2016-06-17T09:57:13+08:00 ] 0.0.0.0 /wg_fenxiao/index.php?g=User&m=Store&a=index&token=mhfcjx1421158741&catid=6&parentid=0
INFO: [ app_begin ] --START--
INFO: Run ReadHtmlCache Behavior [ RunTime:0.000000s ]
INFO: [ app_begin ] --END-- [ RunTime:0.000000s ]
NOTIC: [8] Undefined index: width D:\www\wg_fenxiao\WgCms\Lib\Action\UserAction.class.php 第 70 行.
NOTIC: [8] Undefined variable: parentCat D:\www\wg_fenxiao\WgCms\Lib\Action\User\StoreAction.class.php 第 43 行.
INFO: [ view_template ] --START--
INFO: Run LocationTemplate Behavior [ RunTime:-1.052060s ]
INFO: [ view_template ] --END-- [ RunTime:0.000000s ]
INFO: [ view_parse ] --START--
NOTIC: [2] file_get_contents(./tpl/User/default/Store_tab.html): failed to open stream: No such file or directory D:\www\wg_fenxiao\Lib\Template\ThinkTemplate.class.php 第 624 行.
NOTIC: [8] Use of undefined constant uid - assumed 'uid' D:\www\wg_fenxiao\Conf\logs\Cache\User\df88e5ca277659c13ffbe813b31744d2.php 第 124 行.
NOTIC: [8] Undefined index: exceptCondition D:\www\wg_fenxiao\Conf\logs\Cache\User\df88e5ca277659c13ffbe813b31744d2.php 第 263 行.
NOTIC: [8] Undefined index: test D:\www\wg_fenxiao\Conf\logs\Cache\User\df88e5ca277659c13ffbe813b31744d2.php 第 263 行.
NOTIC: [8] Undefined index: test D:\www\wg_fenxiao\Conf\logs\Cache\User\df88e5ca277659c13ffbe813b31744d2.php 第 263 行.
NOTIC: [8] Undefined index: test D:\www\wg_fenxiao\Conf\logs\Cache\User\df88e5ca277659c13ffbe813b31744d2.php 第 263 行.
NOTIC: [8] Undefined index: test D:\www\wg_fenxiao\Conf\logs\Cache\User\df88e5ca277659c13ffbe813b31744d2.php 第 263 行.
NOTIC: [8] Undefined index: test D:\www\wg_fenxiao\Conf\logs\Cache\User\df88e5ca277659c13ffbe813b31744d2.php 第 263 行.
NOTIC: [8] Undefined index: test D:\www\wg_fenxiao\Conf\logs\Cache\User\df88e5ca277659c13ffbe813b31744d2.php 第 263 行.
NOTIC: [8] Undefined index: test D:\www\wg_fenxiao\Conf\logs\Cache\User\df88e5ca277659c13ffbe813b31744d2.php 第 263 行.
NOTIC: [8] Undefined index: test D:\www\wg_fenxiao\Conf\logs\Cache\User\df88e5ca277659c13ffbe813b31744d2.php 第 263 行.
NOTIC: [8] Undefined index: test D:\www\wg_fenxiao\Conf\logs\Cache\User\df88e5ca277659c13ffbe813b31744d2.php 第 263 行.
NOTIC: [8] Undefined index: test D:\www\wg_fenxiao\Conf\logs\Cache\User\df88e5ca277659c13ffbe813b31744d2.php 第 263 行.
NOTIC: [8] Undefined index: test D:\www\wg_fenxiao\Conf\logs\Cache\User\df88e5ca277659c13ffbe813b31744d2.php 第 263 行.
NOTIC: [8] Undefined index: test D:\www\wg_fenxiao\Conf\logs\Cache\User\df88e5ca277659c13ffbe813b31744d2.php 第 263 行.
NOTIC: [8] Undefined index: test D:\www\wg_fenxiao\Conf\logs\Cache\User\df88e5ca277659c13ffbe813b31744d2.php 第 263 行.
NOTIC: [8] Undefined variable: cid D:\www\wg_fenxiao\Conf\logs\Cache\User\df88e5ca277659c13ffbe813b31744d2.php 第 294 行.
NOTIC: [8] Undefined variable: cid D:\www\wg_fenxiao\Conf\logs\Cache\User\df88e5ca277659c13ffbe813b31744d2.php 第 301 行.
NOTIC: [8] Undefined index: level D:\www\wg_fenxiao\Conf\logs\Cache\User\df88e5ca277659c13ffbe813b31744d2.php 第 334 行.
NOTIC: [8] Undefined index: level D:\www\wg_fenxiao\Conf\logs\Cache\User\df88e5ca277659c13ffbe813b31744d2.php 第 334 行.
NOTIC: [8] Undefined index: level D:\www\wg_fenxiao\Conf\logs\Cache\User\df88e5ca277659c13ffbe813b31744d2.php 第 334 行.
NOTIC: [8] Undefined index: level D:\www\wg_fenxiao\Conf\logs\Cache\User\df88e5ca277659c13ffbe813b31744d2.php 第 334 行.
NOTIC: [8] Undefined index: level D:\www\wg_fenxiao\Conf\logs\Cache\User\df88e5ca277659c13ffbe813b31744d2.php 第 334 行.
NOTIC: [8] Undefined index: level D:\www\wg_fenxiao\Conf\logs\Cache\User\df88e5ca277659c13ffbe813b31744d2.php 第 334 行.
NOTIC: [8] Undefined index: level D:\www\wg_fenxiao\Conf\logs\Cache\User\df88e5ca277659c13ffbe813b31744d2.php 第 334 行.
NOTIC: [8] Undefined index: level D:\www\wg_fenxiao\Conf\logs\Cache\User\df88e5ca277659c13ffbe813b31744d2.php 第 334 行.
NOTIC: [8] Undefined index: level D:\www\wg_fenxiao\Conf\logs\Cache\User\df88e5ca277659c13ffbe813b31744d2.php 第 334 行.
NOTIC: [8] Undefined variable: alert D:\www\wg_fenxiao\Conf\logs\Cache\User\df88e5ca277659c13ffbe813b31744d2.php 第 376 行.
INFO: Run ParseTemplate Behavior [ RunTime:-1.052060s ]
INFO: [ view_parse ] --END-- [ RunTime:0.017001s ]
INFO: [ view_filter ] --START--
INFO: Run ContentReplace Behavior [ RunTime:-1.069061s ]
NOTIC: [2] Illegal string offset 'e9b2dd2b102baf2cd1265fef6377c3cd' D:\www\wg_fenxiao\Lib\Behavior\TokenBuildBehavior.class.php 第 56 行.
INFO: Run TokenBuild Behavior [ RunTime:-1.070061s ]
INFO: Run WriteHtmlCache Behavior [ RunTime:-1.070061s ]
INFO: Run ShowRuntime Behavior [ RunTime:-1.071061s ]
INFO: [ view_filter ] --END-- [ RunTime:0.002000s ]
INFO: [ view_end ] --START--
INFO: Run ShowPageTrace Behavior [ RunTime:-1.071061s ]
INFO: [ view_end ] --END-- [ RunTime:0.001000s ]

[ 2016-06-17T11:34:44+08:00 ] 0.0.0.0 /wg_fenxiao/index.php?g=User&m=Store&a=index&token=mhfcjx1421158741&catid=6&parentid=0
INFO: [ app_begin ] --START--
INFO: Run ReadHtmlCache Behavior [ RunTime:0.082004s ]
INFO: [ app_begin ] --END-- [ RunTime:0.083004s ]
NOTIC: [8] Undefined index: HTTP_REFERER D:\www\wg_fenxiao\Extend\Vendor\tongji\hm.php 第 74 行.
NOTIC: [8] Undefined index: width D:\www\wg_fenxiao\WgCms\Lib\Action\UserAction.class.php 第 70 行.
NOTIC: [8] Undefined variable: parentCat D:\www\wg_fenxiao\WgCms\Lib\Action\User\StoreAction.class.php 第 43 行.
INFO: [ view_template ] --START--
INFO: Run LocationTemplate Behavior [ RunTime:-4.720270s ]
INFO: [ view_template ] --END-- [ RunTime:0.377022s ]
INFO: [ view_parse ] --START--
NOTIC: [2] file_get_contents(./tpl/User/default/Store_tab.html): failed to open stream: No such file or directory D:\www\wg_fenxiao\Lib\Template\ThinkTemplate.class.php 第 624 行.
NOTIC: [8] Use of undefined constant uid - assumed 'uid' D:\www\wg_fenxiao\Conf\logs\Cache\User\df88e5ca277659c13ffbe813b31744d2.php 第 124 行.
NOTIC: [8] Undefined index: exceptCondition D:\www\wg_fenxiao\Conf\logs\Cache\User\df88e5ca277659c13ffbe813b31744d2.php 第 263 行.
NOTIC: [8] Undefined index: test D:\www\wg_fenxiao\Conf\logs\Cache\User\df88e5ca277659c13ffbe813b31744d2.php 第 263 行.
NOTIC: [8] Undefined index: test D:\www\wg_fenxiao\Conf\logs\Cache\User\df88e5ca277659c13ffbe813b31744d2.php 第 263 行.
NOTIC: [8] Undefined index: test D:\www\wg_fenxiao\Conf\logs\Cache\User\df88e5ca277659c13ffbe813b31744d2.php 第 263 行.
NOTIC: [8] Undefined index: test D:\www\wg_fenxiao\Conf\logs\Cache\User\df88e5ca277659c13ffbe813b31744d2.php 第 263 行.
NOTIC: [8] Undefined index: test D:\www\wg_fenxiao\Conf\logs\Cache\User\df88e5ca277659c13ffbe813b31744d2.php 第 263 行.
NOTIC: [8] Undefined index: test D:\www\wg_fenxiao\Conf\logs\Cache\User\df88e5ca277659c13ffbe813b31744d2.php 第 263 行.
NOTIC: [8] Undefined index: test D:\www\wg_fenxiao\Conf\logs\Cache\User\df88e5ca277659c13ffbe813b31744d2.php 第 263 行.
NOTIC: [8] Undefined index: test D:\www\wg_fenxiao\Conf\logs\Cache\User\df88e5ca277659c13ffbe813b31744d2.php 第 263 行.
NOTIC: [8] Undefined index: test D:\www\wg_fenxiao\Conf\logs\Cache\User\df88e5ca277659c13ffbe813b31744d2.php 第 263 行.
NOTIC: [8] Undefined index: test D:\www\wg_fenxiao\Conf\logs\Cache\User\df88e5ca277659c13ffbe813b31744d2.php 第 263 行.
NOTIC: [8] Undefined index: test D:\www\wg_fenxiao\Conf\logs\Cache\User\df88e5ca277659c13ffbe813b31744d2.php 第 263 行.
NOTIC: [8] Undefined index: test D:\www\wg_fenxiao\Conf\logs\Cache\User\df88e5ca277659c13ffbe813b31744d2.php 第 263 行.
NOTIC: [8] Undefined index: test D:\www\wg_fenxiao\Conf\logs\Cache\User\df88e5ca277659c13ffbe813b31744d2.php 第 263 行.
NOTIC: [8] Undefined variable: cid D:\www\wg_fenxiao\Conf\logs\Cache\User\df88e5ca277659c13ffbe813b31744d2.php 第 294 行.
NOTIC: [8] Undefined variable: cid D:\www\wg_fenxiao\Conf\logs\Cache\User\df88e5ca277659c13ffbe813b31744d2.php 第 301 行.
NOTIC: [8] Undefined index: level D:\www\wg_fenxiao\Conf\logs\Cache\User\df88e5ca277659c13ffbe813b31744d2.php 第 334 行.
NOTIC: [8] Undefined index: level D:\www\wg_fenxiao\Conf\logs\Cache\User\df88e5ca277659c13ffbe813b31744d2.php 第 334 行.
NOTIC: [8] Undefined index: level D:\www\wg_fenxiao\Conf\logs\Cache\User\df88e5ca277659c13ffbe813b31744d2.php 第 334 行.
NOTIC: [8] Undefined index: level D:\www\wg_fenxiao\Conf\logs\Cache\User\df88e5ca277659c13ffbe813b31744d2.php 第 334 行.
NOTIC: [8] Undefined index: level D:\www\wg_fenxiao\Conf\logs\Cache\User\df88e5ca277659c13ffbe813b31744d2.php 第 334 行.
NOTIC: [8] Undefined index: level D:\www\wg_fenxiao\Conf\logs\Cache\User\df88e5ca277659c13ffbe813b31744d2.php 第 334 行.
NOTIC: [8] Undefined index: level D:\www\wg_fenxiao\Conf\logs\Cache\User\df88e5ca277659c13ffbe813b31744d2.php 第 334 行.
NOTIC: [8] Undefined index: level D:\www\wg_fenxiao\Conf\logs\Cache\User\df88e5ca277659c13ffbe813b31744d2.php 第 334 行.
NOTIC: [8] Undefined index: level D:\www\wg_fenxiao\Conf\logs\Cache\User\df88e5ca277659c13ffbe813b31744d2.php 第 334 行.
NOTIC: [8] Undefined variable: alert D:\www\wg_fenxiao\Conf\logs\Cache\User\df88e5ca277659c13ffbe813b31744d2.php 第 376 行.
INFO: Run ParseTemplate Behavior [ RunTime:-5.097292s ]
INFO: [ view_parse ] --END-- [ RunTime:0.596034s ]
INFO: [ view_filter ] --START--
INFO: Run ContentReplace Behavior [ RunTime:-5.693326s ]
NOTIC: [2] Illegal string offset 'e9b2dd2b102baf2cd1265fef6377c3cd' D:\www\wg_fenxiao\Lib\Behavior\TokenBuildBehavior.class.php 第 56 行.
INFO: Run TokenBuild Behavior [ RunTime:-5.700326s ]
INFO: Run WriteHtmlCache Behavior [ RunTime:-5.702327s ]
INFO: Run ShowRuntime Behavior [ RunTime:-5.702327s ]
INFO: [ view_filter ] --END-- [ RunTime:0.010001s ]
INFO: [ view_end ] --START--
INFO: Run ShowPageTrace Behavior [ RunTime:-5.703327s ]
INFO: [ view_end ] --END-- [ RunTime:0.001000s ]

[ 2016-06-17T16:28:10+08:00 ] 0.0.0.0 /wg_fenxiao/index.php?g=User&m=Store&a=index&token=mhfcjx1421158741&catid=6&parentid=0
INFO: [ app_begin ] --START--
INFO: Run ReadHtmlCache Behavior [ RunTime:0.001000s ]
INFO: [ app_begin ] --END-- [ RunTime:0.001000s ]
NOTIC: [8] Undefined index: HTTP_REFERER D:\www\wg_fenxiao\Extend\Vendor\tongji\hm.php 第 74 行.
NOTIC: [8] Undefined index: width D:\www\wg_fenxiao\WgCms\Lib\Action\UserAction.class.php 第 70 行.
NOTIC: [8] Undefined variable: parentCat D:\www\wg_fenxiao\WgCms\Lib\Action\User\StoreAction.class.php 第 43 行.
INFO: [ view_template ] --START--
INFO: Run LocationTemplate Behavior [ RunTime:-1.867107s ]
INFO: [ view_template ] --END-- [ RunTime:0.000000s ]
INFO: [ view_parse ] --START--
NOTIC: [2] file_get_contents(./tpl/User/default/Store_tab.html): failed to open stream: No such file or directory D:\www\wg_fenxiao\Lib\Template\ThinkTemplate.class.php 第 624 行.
NOTIC: [8] Use of undefined constant uid - assumed 'uid' D:\www\wg_fenxiao\Conf\logs\Cache\User\df88e5ca277659c13ffbe813b31744d2.php 第 124 行.
NOTIC: [8] Undefined index: exceptCondition D:\www\wg_fenxiao\Conf\logs\Cache\User\df88e5ca277659c13ffbe813b31744d2.php 第 263 行.
NOTIC: [8] Undefined index: test D:\www\wg_fenxiao\Conf\logs\Cache\User\df88e5ca277659c13ffbe813b31744d2.php 第 263 行.
NOTIC: [8] Undefined index: test D:\www\wg_fenxiao\Conf\logs\Cache\User\df88e5ca277659c13ffbe813b31744d2.php 第 263 行.
NOTIC: [8] Undefined index: test D:\www\wg_fenxiao\Conf\logs\Cache\User\df88e5ca277659c13ffbe813b31744d2.php 第 263 行.
NOTIC: [8] Undefined index: test D:\www\wg_fenxiao\Conf\logs\Cache\User\df88e5ca277659c13ffbe813b31744d2.php 第 263 行.
NOTIC: [8] Undefined index: test D:\www\wg_fenxiao\Conf\logs\Cache\User\df88e5ca277659c13ffbe813b31744d2.php 第 263 行.
NOTIC: [8] Undefined index: test D:\www\wg_fenxiao\Conf\logs\Cache\User\df88e5ca277659c13ffbe813b31744d2.php 第 263 行.
NOTIC: [8] Undefined index: test D:\www\wg_fenxiao\Conf\logs\Cache\User\df88e5ca277659c13ffbe813b31744d2.php 第 263 行.
NOTIC: [8] Undefined index: test D:\www\wg_fenxiao\Conf\logs\Cache\User\df88e5ca277659c13ffbe813b31744d2.php 第 263 行.
NOTIC: [8] Undefined index: test D:\www\wg_fenxiao\Conf\logs\Cache\User\df88e5ca277659c13ffbe813b31744d2.php 第 263 行.
NOTIC: [8] Undefined index: test D:\www\wg_fenxiao\Conf\logs\Cache\User\df88e5ca277659c13ffbe813b31744d2.php 第 263 行.
NOTIC: [8] Undefined index: test D:\www\wg_fenxiao\Conf\logs\Cache\User\df88e5ca277659c13ffbe813b31744d2.php 第 263 行.
NOTIC: [8] Undefined index: test D:\www\wg_fenxiao\Conf\logs\Cache\User\df88e5ca277659c13ffbe813b31744d2.php 第 263 行.
NOTIC: [8] Undefined index: test D:\www\wg_fenxiao\Conf\logs\Cache\User\df88e5ca277659c13ffbe813b31744d2.php 第 263 行.
NOTIC: [8] Undefined variable: cid D:\www\wg_fenxiao\Conf\logs\Cache\User\df88e5ca277659c13ffbe813b31744d2.php 第 294 行.
NOTIC: [8] Undefined variable: cid D:\www\wg_fenxiao\Conf\logs\Cache\User\df88e5ca277659c13ffbe813b31744d2.php 第 301 行.
NOTIC: [8] Undefined index: level D:\www\wg_fenxiao\Conf\logs\Cache\User\df88e5ca277659c13ffbe813b31744d2.php 第 334 行.
NOTIC: [8] Undefined index: level D:\www\wg_fenxiao\Conf\logs\Cache\User\df88e5ca277659c13ffbe813b31744d2.php 第 334 行.
NOTIC: [8] Undefined index: level D:\www\wg_fenxiao\Conf\logs\Cache\User\df88e5ca277659c13ffbe813b31744d2.php 第 334 行.
NOTIC: [8] Undefined index: level D:\www\wg_fenxiao\Conf\logs\Cache\User\df88e5ca277659c13ffbe813b31744d2.php 第 334 行.
NOTIC: [8] Undefined index: level D:\www\wg_fenxiao\Conf\logs\Cache\User\df88e5ca277659c13ffbe813b31744d2.php 第 334 行.
NOTIC: [8] Undefined index: level D:\www\wg_fenxiao\Conf\logs\Cache\User\df88e5ca277659c13ffbe813b31744d2.php 第 334 行.
NOTIC: [8] Undefined index: level D:\www\wg_fenxiao\Conf\logs\Cache\User\df88e5ca277659c13ffbe813b31744d2.php 第 334 行.
NOTIC: [8] Undefined index: level D:\www\wg_fenxiao\Conf\logs\Cache\User\df88e5ca277659c13ffbe813b31744d2.php 第 334 行.
NOTIC: [8] Undefined index: level D:\www\wg_fenxiao\Conf\logs\Cache\User\df88e5ca277659c13ffbe813b31744d2.php 第 334 行.
NOTIC: [8] Undefined variable: alert D:\www\wg_fenxiao\Conf\logs\Cache\User\df88e5ca277659c13ffbe813b31744d2.php 第 376 行.
INFO: Run ParseTemplate Behavior [ RunTime:-2.064118s ]
INFO: [ view_parse ] --END-- [ RunTime:0.498029s ]
INFO: [ view_filter ] --START--
INFO: Run ContentReplace Behavior [ RunTime:-2.562147s ]
NOTIC: [2] Illegal string offset 'e9b2dd2b102baf2cd1265fef6377c3cd' D:\www\wg_fenxiao\Lib\Behavior\TokenBuildBehavior.class.php 第 56 行.
INFO: Run TokenBuild Behavior [ RunTime:-2.600149s ]
INFO: Run WriteHtmlCache Behavior [ RunTime:-2.601149s ]
INFO: Run ShowRuntime Behavior [ RunTime:-2.601149s ]
INFO: [ view_filter ] --END-- [ RunTime:0.040002s ]
INFO: [ view_end ] --START--
INFO: Run ShowPageTrace Behavior [ RunTime:-2.602149s ]
INFO: [ view_end ] --END-- [ RunTime:0.001000s ]

