[ 2016-09-01T10:15:59+08:00 ] 127.0.0.1 /wg_jifen/index.php?g=Wap&m=Distribution&a=index
INFO: [ app_begin ] --START--
INFO: Run ReadHtmlCache Behavior [ RunTime:0.000000s ]
INFO: [ app_begin ] --END-- [ RunTime:0.000000s ]
NOTIC: [8192] mysql_connect(): The mysql extension is deprecated and will be removed in the future: use mysqli or PDO instead D:\wamp\www\wg_jifen\Lib\Driver\Db\DbMysql.class.php 第 55 行.
NOTIC: [8192] preg_replace(): The /e modifier is deprecated, use preg_replace_callback instead D:\wamp\www\wg_jifen\Lib\Core\Db.class.php 第 572 行.
NOTIC: [8192] preg_replace(): The /e modifier is deprecated, use preg_replace_callback instead D:\wamp\www\wg_jifen\Lib\Core\Db.class.php 第 572 行.
NOTIC: [8192] preg_replace(): The /e modifier is deprecated, use preg_replace_callback instead D:\wamp\www\wg_jifen\Lib\Core\Db.class.php 第 572 行.
NOTIC: [8192] preg_replace(): The /e modifier is deprecated, use preg_replace_callback instead D:\wamp\www\wg_jifen\Lib\Core\Db.class.php 第 572 行.
NOTIC: [8] Undefined variable: curl D:\wamp\www\wg_jifen\WgCms\Lib\Action\WapAction.class.php 第 509 行.
NOTIC: [2] curl_setopt() expects parameter 1 to be resource, null given D:\wamp\www\wg_jifen\WgCms\Lib\Action\WapAction.class.php 第 509 行.
NOTIC: [8] Undefined variable: data D:\wamp\www\wg_jifen\WgCms\Lib\Action\WapAction.class.php 第 513 行.
NOTIC: [8] Undefined index: access_token D:\wamp\www\wg_jifen\WgCms\Lib\Action\WapAction.class.php 第 356 行.
NOTIC: [8] Undefined variable: curl D:\wamp\www\wg_jifen\WgCms\Lib\Action\WapAction.class.php 第 509 行.
NOTIC: [2] curl_setopt() expects parameter 1 to be resource, null given D:\wamp\www\wg_jifen\WgCms\Lib\Action\WapAction.class.php 第 509 行.
NOTIC: [8] Undefined variable: data D:\wamp\www\wg_jifen\WgCms\Lib\Action\WapAction.class.php 第 513 行.
NOTIC: [8] Undefined index: ticket D:\wamp\www\wg_jifen\WgCms\Lib\Action\WapAction.class.php 第 305 行.
NOTIC: [8192] preg_replace(): The /e modifier is deprecated, use preg_replace_callback instead D:\wamp\www\wg_jifen\Lib\Core\Db.class.php 第 572 行.
NOTIC: [8192] preg_replace(): The /e modifier is deprecated, use preg_replace_callback instead D:\wamp\www\wg_jifen\Lib\Core\Db.class.php 第 572 行.
NOTIC: [8192] preg_replace(): The /e modifier is deprecated, use preg_replace_callback instead D:\wamp\www\wg_jifen\Lib\Core\Db.class.php 第 572 行.
NOTIC: [8192] preg_replace(): The /e modifier is deprecated, use preg_replace_callback instead D:\wamp\www\wg_jifen\Lib\Core\Db.class.php 第 572 行.
NOTIC: [8192] preg_replace(): The /e modifier is deprecated, use preg_replace_callback instead D:\wamp\www\wg_jifen\Lib\Core\Db.class.php 第 572 行.
NOTIC: [8192] preg_replace(): The /e modifier is deprecated, use preg_replace_callback instead D:\wamp\www\wg_jifen\Lib\Core\Db.class.php 第 572 行.
NOTIC: [8192] preg_replace(): The /e modifier is deprecated, use preg_replace_callback instead D:\wamp\www\wg_jifen\Lib\Core\Db.class.php 第 572 行.
NOTIC: [8192] preg_replace(): The /e modifier is deprecated, use preg_replace_callback instead D:\wamp\www\wg_jifen\Lib\Core\Db.class.php 第 572 行.
NOTIC: [8192] preg_replace(): The /e modifier is deprecated, use preg_replace_callback instead D:\wamp\www\wg_jifen\Lib\Core\Db.class.php 第 572 行.
NOTIC: [8192] preg_replace(): The /e modifier is deprecated, use preg_replace_callback instead D:\wamp\www\wg_jifen\Lib\Core\Db.class.php 第 572 行.
NOTIC: [2] Invalid argument supplied for foreach() D:\wamp\www\wg_jifen\WgCms\Lib\Action\Wap\DistributionAction.class.php 第 263 行.
INFO: [ view_template ] --START--
INFO: Run LocationTemplate Behavior [ RunTime:-0.506218s ]
INFO: [ view_template ] --END-- [ RunTime:0.002001s ]
INFO: [ view_parse ] --START--
NOTIC: [8192] preg_replace(): The /e modifier is deprecated, use preg_replace_callback instead D:\wamp\www\wg_jifen\Lib\Template\ThinkTemplate.class.php 第 164 行.
NOTIC: [8192] preg_replace(): The /e modifier is deprecated, use preg_replace_callback instead D:\wamp\www\wg_jifen\Lib\Template\ThinkTemplate.class.php 第 359 行.
NOTIC: [8192] preg_replace(): The /e modifier is deprecated, use preg_replace_callback instead D:\wamp\www\wg_jifen\Lib\Template\ThinkTemplate.class.php 第 359 行.
NOTIC: [8192] preg_replace(): The /e modifier is deprecated, use preg_replace_callback instead D:\wamp\www\wg_jifen\Lib\Template\ThinkTemplate.class.php 第 359 行.
NOTIC: [8192] preg_replace(): The /e modifier is deprecated, use preg_replace_callback instead D:\wamp\www\wg_jifen\Lib\Template\ThinkTemplate.class.php 第 359 行.
NOTIC: [8192] preg_replace(): The /e modifier is deprecated, use preg_replace_callback instead D:\wamp\www\wg_jifen\Lib\Template\ThinkTemplate.class.php 第 359 行.
NOTIC: [8192] preg_replace(): The /e modifier is deprecated, use preg_replace_callback instead D:\wamp\www\wg_jifen\Lib\Template\ThinkTemplate.class.php 第 359 行.
NOTIC: [8192] preg_replace(): The /e modifier is deprecated, use preg_replace_callback instead D:\wamp\www\wg_jifen\Lib\Template\ThinkTemplate.class.php 第 359 行.
NOTIC: [8192] preg_replace(): The /e modifier is deprecated, use preg_replace_callback instead D:\wamp\www\wg_jifen\Lib\Template\ThinkTemplate.class.php 第 359 行.
NOTIC: [8192] preg_replace(): The /e modifier is deprecated, use preg_replace_callback instead D:\wamp\www\wg_jifen\Lib\Template\ThinkTemplate.class.php 第 359 行.
NOTIC: [8192] preg_replace(): The /e modifier is deprecated, use preg_replace_callback instead D:\wamp\www\wg_jifen\Lib\Template\ThinkTemplate.class.php 第 359 行.
NOTIC: [8192] preg_replace(): The /e modifier is deprecated, use preg_replace_callback instead D:\wamp\www\wg_jifen\Lib\Template\ThinkTemplate.class.php 第 359 行.
NOTIC: [8192] preg_replace(): The /e modifier is deprecated, use preg_replace_callback instead D:\wamp\www\wg_jifen\Lib\Template\ThinkTemplate.class.php 第 359 行.
NOTIC: [8192] preg_replace(): The /e modifier is deprecated, use preg_replace_callback instead D:\wamp\www\wg_jifen\Lib\Template\ThinkTemplate.class.php 第 359 行.
NOTIC: [8192] preg_replace(): The /e modifier is deprecated, use preg_replace_callback instead D:\wamp\www\wg_jifen\Lib\Template\ThinkTemplate.class.php 第 359 行.
NOTIC: [8192] preg_replace(): The /e modifier is deprecated, use preg_replace_callback instead D:\wamp\www\wg_jifen\Lib\Template\ThinkTemplate.class.php 第 354 行.
NOTIC: [8192] preg_replace(): The /e modifier is deprecated, use preg_replace_callback instead D:\wamp\www\wg_jifen\Lib\Template\ThinkTemplate.class.php 第 354 行.
NOTIC: [8192] preg_replace(): The /e modifier is deprecated, use preg_replace_callback instead D:\wamp\www\wg_jifen\Lib\Template\ThinkTemplate.class.php 第 354 行.
NOTIC: [8192] preg_replace(): The /e modifier is deprecated, use preg_replace_callback instead D:\wamp\www\wg_jifen\Lib\Template\ThinkTemplate.class.php 第 359 行.
NOTIC: [8192] preg_replace(): The /e modifier is deprecated, use preg_replace_callback instead D:\wamp\www\wg_jifen\Lib\Template\ThinkTemplate.class.php 第 359 行.
NOTIC: [8192] preg_replace(): The /e modifier is deprecated, use preg_replace_callback instead D:\wamp\www\wg_jifen\Lib\Template\ThinkTemplate.class.php 第 359 行.
NOTIC: [8192] preg_replace(): The /e modifier is deprecated, use preg_replace_callback instead D:\wamp\www\wg_jifen\Lib\Template\ThinkTemplate.class.php 第 354 行.
NOTIC: [8192] preg_replace(): The /e modifier is deprecated, use preg_replace_callback instead D:\wamp\www\wg_jifen\Lib\Template\ThinkTemplate.class.php 第 359 行.
NOTIC: [8192] preg_replace(): The /e modifier is deprecated, use preg_replace_callback instead D:\wamp\www\wg_jifen\Lib\Template\ThinkTemplate.class.php 第 359 行.
NOTIC: [8192] preg_replace(): The /e modifier is deprecated, use preg_replace_callback instead D:\wamp\www\wg_jifen\Lib\Template\ThinkTemplate.class.php 第 359 行.
NOTIC: [8192] preg_replace(): The /e modifier is deprecated, use preg_replace_callback instead D:\wamp\www\wg_jifen\Lib\Template\ThinkTemplate.class.php 第 359 行.
NOTIC: [8192] preg_replace(): The /e modifier is deprecated, use preg_replace_callback instead D:\wamp\www\wg_jifen\Lib\Template\ThinkTemplate.class.php 第 359 行.
NOTIC: [8192] preg_replace(): The /e modifier is deprecated, use preg_replace_callback instead D:\wamp\www\wg_jifen\Lib\Template\ThinkTemplate.class.php 第 359 行.
NOTIC: [8192] preg_replace(): The /e modifier is deprecated, use preg_replace_callback instead D:\wamp\www\wg_jifen\Lib\Template\ThinkTemplate.class.php 第 359 行.
NOTIC: [8192] preg_replace(): The /e modifier is deprecated, use preg_replace_callback instead D:\wamp\www\wg_jifen\Lib\Template\ThinkTemplate.class.php 第 359 行.
NOTIC: [8192] preg_replace(): The /e modifier is deprecated, use preg_replace_callback instead D:\wamp\www\wg_jifen\Lib\Template\ThinkTemplate.class.php 第 359 行.
NOTIC: [8192] preg_replace(): The /e modifier is deprecated, use preg_replace_callback instead D:\wamp\www\wg_jifen\Lib\Template\ThinkTemplate.class.php 第 359 行.
NOTIC: [8192] preg_replace(): The /e modifier is deprecated, use preg_replace_callback instead D:\wamp\www\wg_jifen\Lib\Template\ThinkTemplate.class.php 第 359 行.
NOTIC: [8192] preg_replace(): The /e modifier is deprecated, use preg_replace_callback instead D:\wamp\www\wg_jifen\Lib\Template\ThinkTemplate.class.php 第 359 行.
NOTIC: [8192] preg_replace(): The /e modifier is deprecated, use preg_replace_callback instead D:\wamp\www\wg_jifen\Lib\Template\ThinkTemplate.class.php 第 359 行.
NOTIC: [8192] preg_replace(): The /e modifier is deprecated, use preg_replace_callback instead D:\wamp\www\wg_jifen\Lib\Template\ThinkTemplate.class.php 第 359 行.
NOTIC: [8192] preg_replace(): The /e modifier is deprecated, use preg_replace_callback instead D:\wamp\www\wg_jifen\Lib\Template\ThinkTemplate.class.php 第 359 行.
NOTIC: [8192] preg_replace(): The /e modifier is deprecated, use preg_replace_callback instead D:\wamp\www\wg_jifen\Lib\Template\ThinkTemplate.class.php 第 359 行.
NOTIC: [8192] preg_replace(): The /e modifier is deprecated, use preg_replace_callback instead D:\wamp\www\wg_jifen\Lib\Template\ThinkTemplate.class.php 第 359 行.
NOTIC: [8192] preg_replace(): The /e modifier is deprecated, use preg_replace_callback instead D:\wamp\www\wg_jifen\Lib\Template\ThinkTemplate.class.php 第 359 行.
NOTIC: [8192] preg_replace(): The /e modifier is deprecated, use preg_replace_callback instead D:\wamp\www\wg_jifen\Lib\Template\ThinkTemplate.class.php 第 359 行.
NOTIC: [8192] preg_replace(): The /e modifier is deprecated, use preg_replace_callback instead D:\wamp\www\wg_jifen\Lib\Template\ThinkTemplate.class.php 第 359 行.
NOTIC: [8192] preg_replace(): The /e modifier is deprecated, use preg_replace_callback instead D:\wamp\www\wg_jifen\Lib\Template\ThinkTemplate.class.php 第 359 行.
NOTIC: [8192] preg_replace(): The /e modifier is deprecated, use preg_replace_callback instead D:\wamp\www\wg_jifen\Lib\Template\ThinkTemplate.class.php 第 359 行.
NOTIC: [8192] preg_replace(): The /e modifier is deprecated, use preg_replace_callback instead D:\wamp\www\wg_jifen\Lib\Template\ThinkTemplate.class.php 第 359 行.
NOTIC: [8192] preg_replace(): The /e modifier is deprecated, use preg_replace_callback instead D:\wamp\www\wg_jifen\Lib\Template\ThinkTemplate.class.php 第 359 行.
NOTIC: [8192] preg_replace(): The /e modifier is deprecated, use preg_replace_callback instead D:\wamp\www\wg_jifen\Lib\Template\ThinkTemplate.class.php 第 359 行.
NOTIC: [8192] preg_replace(): The /e modifier is deprecated, use preg_replace_callback instead D:\wamp\www\wg_jifen\Lib\Template\ThinkTemplate.class.php 第 359 行.
NOTIC: [8192] preg_replace(): The /e modifier is deprecated, use preg_replace_callback instead D:\wamp\www\wg_jifen\Lib\Template\ThinkTemplate.class.php 第 359 行.
NOTIC: [8192] preg_replace(): The /e modifier is deprecated, use preg_replace_callback instead D:\wamp\www\wg_jifen\Lib\Template\ThinkTemplate.class.php 第 359 行.
NOTIC: [8192] preg_replace(): The /e modifier is deprecated, use preg_replace_callback instead D:\wamp\www\wg_jifen\Lib\Template\ThinkTemplate.class.php 第 359 行.
NOTIC: [8192] preg_replace(): The /e modifier is deprecated, use preg_replace_callback instead D:\wamp\www\wg_jifen\Lib\Template\ThinkTemplate.class.php 第 359 行.
NOTIC: [8192] preg_replace(): The /e modifier is deprecated, use preg_replace_callback instead D:\wamp\www\wg_jifen\Lib\Template\ThinkTemplate.class.php 第 359 行.
NOTIC: [8192] preg_replace(): The /e modifier is deprecated, use preg_replace_callback instead D:\wamp\www\wg_jifen\Lib\Template\ThinkTemplate.class.php 第 359 行.
NOTIC: [8192] preg_replace(): The /e modifier is deprecated, use preg_replace_callback instead D:\wamp\www\wg_jifen\Lib\Template\ThinkTemplate.class.php 第 359 行.
NOTIC: [8192] preg_replace(): The /e modifier is deprecated, use preg_replace_callback instead D:\wamp\www\wg_jifen\Lib\Template\ThinkTemplate.class.php 第 359 行.
NOTIC: [8192] preg_replace(): The /e modifier is deprecated, use preg_replace_callback instead D:\wamp\www\wg_jifen\Lib\Template\ThinkTemplate.class.php 第 359 行.
NOTIC: [8192] preg_replace(): The /e modifier is deprecated, use preg_replace_callback instead D:\wamp\www\wg_jifen\Lib\Template\ThinkTemplate.class.php 第 359 行.
NOTIC: [8192] preg_replace(): The /e modifier is deprecated, use preg_replace_callback instead D:\wamp\www\wg_jifen\Lib\Template\ThinkTemplate.class.php 第 359 行.
NOTIC: [8192] preg_replace(): The /e modifier is deprecated, use preg_replace_callback instead D:\wamp\www\wg_jifen\Lib\Template\ThinkTemplate.class.php 第 359 行.
NOTIC: [8192] preg_replace(): The /e modifier is deprecated, use preg_replace_callback instead D:\wamp\www\wg_jifen\Lib\Template\ThinkTemplate.class.php 第 359 行.
NOTIC: [8192] preg_replace(): The /e modifier is deprecated, use preg_replace_callback instead D:\wamp\www\wg_jifen\Lib\Template\ThinkTemplate.class.php 第 359 行.
NOTIC: [8192] preg_replace(): The /e modifier is deprecated, use preg_replace_callback instead D:\wamp\www\wg_jifen\Lib\Template\ThinkTemplate.class.php 第 359 行.
NOTIC: [8192] preg_replace(): The /e modifier is deprecated, use preg_replace_callback instead D:\wamp\www\wg_jifen\Lib\Template\ThinkTemplate.class.php 第 359 行.
NOTIC: [8192] preg_replace(): The /e modifier is deprecated, use preg_replace_callback instead D:\wamp\www\wg_jifen\Lib\Template\ThinkTemplate.class.php 第 359 行.
NOTIC: [8192] preg_replace(): The /e modifier is deprecated, use preg_replace_callback instead D:\wamp\www\wg_jifen\Lib\Template\ThinkTemplate.class.php 第 359 行.
NOTIC: [8192] preg_replace(): The /e modifier is deprecated, use preg_replace_callback instead D:\wamp\www\wg_jifen\Lib\Template\ThinkTemplate.class.php 第 359 行.
NOTIC: [8192] preg_replace(): The /e modifier is deprecated, use preg_replace_callback instead D:\wamp\www\wg_jifen\Lib\Template\ThinkTemplate.class.php 第 359 行.
NOTIC: [8192] preg_replace(): The /e modifier is deprecated, use preg_replace_callback instead D:\wamp\www\wg_jifen\Lib\Template\ThinkTemplate.class.php 第 359 行.
NOTIC: [8192] preg_replace(): The /e modifier is deprecated, use preg_replace_callback instead D:\wamp\www\wg_jifen\Lib\Template\ThinkTemplate.class.php 第 359 行.
NOTIC: [8192] preg_replace(): The /e modifier is deprecated, use preg_replace_callback instead D:\wamp\www\wg_jifen\Lib\Template\ThinkTemplate.class.php 第 359 行.
NOTIC: [8192] preg_replace(): The /e modifier is deprecated, use preg_replace_callback instead D:\wamp\www\wg_jifen\Lib\Template\ThinkTemplate.class.php 第 359 行.
NOTIC: [8192] preg_replace(): The /e modifier is deprecated, use preg_replace_callback instead D:\wamp\www\wg_jifen\Lib\Template\ThinkTemplate.class.php 第 359 行.
NOTIC: [8192] preg_replace(): The /e modifier is deprecated, use preg_replace_callback instead D:\wamp\www\wg_jifen\Lib\Template\ThinkTemplate.class.php 第 359 行.
NOTIC: [8192] preg_replace(): The /e modifier is deprecated, use preg_replace_callback instead D:\wamp\www\wg_jifen\Lib\Template\ThinkTemplate.class.php 第 359 行.
NOTIC: [8192] preg_replace(): The /e modifier is deprecated, use preg_replace_callback instead D:\wamp\www\wg_jifen\Lib\Template\ThinkTemplate.class.php 第 359 行.
NOTIC: [8192] preg_replace(): The /e modifier is deprecated, use preg_replace_callback instead D:\wamp\www\wg_jifen\Lib\Template\ThinkTemplate.class.php 第 359 行.
NOTIC: [8192] preg_replace(): The /e modifier is deprecated, use preg_replace_callback instead D:\wamp\www\wg_jifen\Lib\Template\ThinkTemplate.class.php 第 359 行.
NOTIC: [8192] preg_replace(): The /e modifier is deprecated, use preg_replace_callback instead D:\wamp\www\wg_jifen\Lib\Template\ThinkTemplate.class.php 第 359 行.
NOTIC: [8192] preg_replace(): The /e modifier is deprecated, use preg_replace_callback instead D:\wamp\www\wg_jifen\Lib\Template\ThinkTemplate.class.php 第 359 行.
NOTIC: [8192] preg_replace(): The /e modifier is deprecated, use preg_replace_callback instead D:\wamp\www\wg_jifen\Lib\Template\ThinkTemplate.class.php 第 359 行.
NOTIC: [8192] preg_replace(): The /e modifier is deprecated, use preg_replace_callback instead D:\wamp\www\wg_jifen\Lib\Template\ThinkTemplate.class.php 第 359 行.
NOTIC: [8192] preg_replace(): The /e modifier is deprecated, use preg_replace_callback instead D:\wamp\www\wg_jifen\Lib\Template\ThinkTemplate.class.php 第 359 行.
NOTIC: [8192] preg_replace(): The /e modifier is deprecated, use preg_replace_callback instead D:\wamp\www\wg_jifen\Lib\Template\ThinkTemplate.class.php 第 359 行.
NOTIC: [8192] preg_replace(): The /e modifier is deprecated, use preg_replace_callback instead D:\wamp\www\wg_jifen\Lib\Template\ThinkTemplate.class.php 第 359 行.
NOTIC: [8192] preg_replace(): The /e modifier is deprecated, use preg_replace_callback instead D:\wamp\www\wg_jifen\Lib\Template\ThinkTemplate.class.php 第 359 行.
NOTIC: [8192] preg_replace(): The /e modifier is deprecated, use preg_replace_callback instead D:\wamp\www\wg_jifen\Lib\Template\ThinkTemplate.class.php 第 359 行.
NOTIC: [8192] preg_replace(): The /e modifier is deprecated, use preg_replace_callback instead D:\wamp\www\wg_jifen\Lib\Template\ThinkTemplate.class.php 第 359 行.
NOTIC: [8192] preg_replace(): The /e modifier is deprecated, use preg_replace_callback instead D:\wamp\www\wg_jifen\Lib\Template\ThinkTemplate.class.php 第 359 行.
NOTIC: [8192] preg_replace(): The /e modifier is deprecated, use preg_replace_callback instead D:\wamp\www\wg_jifen\Lib\Template\ThinkTemplate.class.php 第 359 行.
NOTIC: [8192] preg_replace(): The /e modifier is deprecated, use preg_replace_callback instead D:\wamp\www\wg_jifen\Lib\Template\ThinkTemplate.class.php 第 359 行.
NOTIC: [8192] preg_replace(): The /e modifier is deprecated, use preg_replace_callback instead D:\wamp\www\wg_jifen\Lib\Template\ThinkTemplate.class.php 第 359 行.
NOTIC: [8192] preg_replace(): The /e modifier is deprecated, use preg_replace_callback instead D:\wamp\www\wg_jifen\Lib\Template\ThinkTemplate.class.php 第 359 行.
NOTIC: [8192] preg_replace(): The /e modifier is deprecated, use preg_replace_callback instead D:\wamp\www\wg_jifen\Lib\Template\ThinkTemplate.class.php 第 359 行.
NOTIC: [8192] preg_replace(): The /e modifier is deprecated, use preg_replace_callback instead D:\wamp\www\wg_jifen\Lib\Template\ThinkTemplate.class.php 第 354 行.
NOTIC: [8192] preg_replace(): The /e modifier is deprecated, use preg_replace_callback instead D:\wamp\www\wg_jifen\Lib\Template\ThinkTemplate.class.php 第 354 行.
NOTIC: [8192] preg_replace(): The /e modifier is deprecated, use preg_replace_callback instead D:\wamp\www\wg_jifen\Lib\Template\ThinkTemplate.class.php 第 354 行.
NOTIC: [8192] preg_replace(): The /e modifier is deprecated, use preg_replace_callback instead D:\wamp\www\wg_jifen\Lib\Template\ThinkTemplate.class.php 第 354 行.
NOTIC: [8192] preg_replace(): The /e modifier is deprecated, use preg_replace_callback instead D:\wamp\www\wg_jifen\Lib\Template\ThinkTemplate.class.php 第 354 行.
NOTIC: [8192] preg_replace(): The /e modifier is deprecated, use preg_replace_callback instead D:\wamp\www\wg_jifen\Lib\Template\ThinkTemplate.class.php 第 354 行.
NOTIC: [8192] preg_replace(): The /e modifier is deprecated, use preg_replace_callback instead D:\wamp\www\wg_jifen\Lib\Template\ThinkTemplate.class.php 第 359 行.
NOTIC: [8192] preg_replace(): The /e modifier is deprecated, use preg_replace_callback instead D:\wamp\www\wg_jifen\Lib\Template\ThinkTemplate.class.php 第 359 行.
NOTIC: [8192] preg_replace(): The /e modifier is deprecated, use preg_replace_callback instead D:\wamp\www\wg_jifen\Lib\Template\ThinkTemplate.class.php 第 359 行.
NOTIC: [8192] preg_replace(): The /e modifier is deprecated, use preg_replace_callback instead D:\wamp\www\wg_jifen\Lib\Template\ThinkTemplate.class.php 第 193 行.
NOTIC: [8192] preg_replace(): The /e modifier is deprecated, use preg_replace_callback instead D:\wamp\www\wg_jifen\Lib\Template\ThinkTemplate.class.php 第 133 行.
INFO: Run ParseTemplate Behavior [ RunTime:-0.508219s ]
INFO: [ view_parse ] --END-- [ RunTime:0.029001s ]
INFO: [ view_filter ] --START--
INFO: Run ContentReplace Behavior [ RunTime:-0.537220s ]
INFO: Run TokenBuild Behavior [ RunTime:-0.538220s ]
INFO: Run WriteHtmlCache Behavior [ RunTime:-0.539220s ]
INFO: Run ShowRuntime Behavior [ RunTime:-0.540220s ]
INFO: [ view_filter ] --END-- [ RunTime:0.004000s ]
INFO: [ view_end ] --START--
INFO: Run ShowPageTrace Behavior [ RunTime:-0.541220s ]
INFO: [ view_end ] --END-- [ RunTime:0.001000s ]

[ 2016-09-01T10:15:59+08:00 ] 127.0.0.1 /wg_jifen/index.php?g=Wap&m=Distribution&a=index
INFO: [ app_begin ] --START--
INFO: Run ReadHtmlCache Behavior [ RunTime:0.001000s ]
INFO: [ app_begin ] --END-- [ RunTime:0.001000s ]
NOTIC: [8192] mysql_connect(): The mysql extension is deprecated and will be removed in the future: use mysqli or PDO instead D:\wamp\www\wg_jifen\Lib\Driver\Db\DbMysql.class.php 第 55 行.
NOTIC: [8192] preg_replace(): The /e modifier is deprecated, use preg_replace_callback instead D:\wamp\www\wg_jifen\Lib\Core\Db.class.php 第 572 行.
NOTIC: [8192] preg_replace(): The /e modifier is deprecated, use preg_replace_callback instead D:\wamp\www\wg_jifen\Lib\Core\Db.class.php 第 572 行.
NOTIC: [8192] preg_replace(): The /e modifier is deprecated, use preg_replace_callback instead D:\wamp\www\wg_jifen\Lib\Core\Db.class.php 第 572 行.
NOTIC: [8] Undefined variable: access_str D:\wamp\www\wg_jifen\WgCms\Lib\Action\WapAction.class.php 第 322 行.
NOTIC: [8192] preg_replace(): The /e modifier is deprecated, use preg_replace_callback instead D:\wamp\www\wg_jifen\Lib\Core\Db.class.php 第 572 行.
NOTIC: [8192] preg_replace(): The /e modifier is deprecated, use preg_replace_callback instead D:\wamp\www\wg_jifen\Lib\Core\Db.class.php 第 572 行.
NOTIC: [8192] preg_replace(): The /e modifier is deprecated, use preg_replace_callback instead D:\wamp\www\wg_jifen\Lib\Core\Db.class.php 第 572 行.
NOTIC: [8192] preg_replace(): The /e modifier is deprecated, use preg_replace_callback instead D:\wamp\www\wg_jifen\Lib\Core\Db.class.php 第 572 行.
NOTIC: [8192] preg_replace(): The /e modifier is deprecated, use preg_replace_callback instead D:\wamp\www\wg_jifen\Lib\Core\Db.class.php 第 572 行.
NOTIC: [8192] preg_replace(): The /e modifier is deprecated, use preg_replace_callback instead D:\wamp\www\wg_jifen\Lib\Core\Db.class.php 第 572 行.
NOTIC: [8192] preg_replace(): The /e modifier is deprecated, use preg_replace_callback instead D:\wamp\www\wg_jifen\Lib\Core\Db.class.php 第 572 行.
NOTIC: [8192] preg_replace(): The /e modifier is deprecated, use preg_replace_callback instead D:\wamp\www\wg_jifen\Lib\Core\Db.class.php 第 572 行.
NOTIC: [8192] preg_replace(): The /e modifier is deprecated, use preg_replace_callback instead D:\wamp\www\wg_jifen\Lib\Core\Db.class.php 第 572 行.
NOTIC: [8192] preg_replace(): The /e modifier is deprecated, use preg_replace_callback instead D:\wamp\www\wg_jifen\Lib\Core\Db.class.php 第 572 行.
NOTIC: [2] Invalid argument supplied for foreach() D:\wamp\www\wg_jifen\WgCms\Lib\Action\Wap\DistributionAction.class.php 第 263 行.
INFO: [ view_template ] --START--
INFO: Run LocationTemplate Behavior [ RunTime:-0.317019s ]
INFO: [ view_template ] --END-- [ RunTime:0.001000s ]
INFO: [ view_parse ] --START--
NOTIC: [8192] preg_replace(): The /e modifier is deprecated, use preg_replace_callback instead D:\wamp\www\wg_jifen\Lib\Template\ThinkTemplate.class.php 第 164 行.
NOTIC: [8192] preg_replace(): The /e modifier is deprecated, use preg_replace_callback instead D:\wamp\www\wg_jifen\Lib\Template\ThinkTemplate.class.php 第 359 行.
NOTIC: [8192] preg_replace(): The /e modifier is deprecated, use preg_replace_callback instead D:\wamp\www\wg_jifen\Lib\Template\ThinkTemplate.class.php 第 359 行.
NOTIC: [8192] preg_replace(): The /e modifier is deprecated, use preg_replace_callback instead D:\wamp\www\wg_jifen\Lib\Template\ThinkTemplate.class.php 第 359 行.
NOTIC: [8192] preg_replace(): The /e modifier is deprecated, use preg_replace_callback instead D:\wamp\www\wg_jifen\Lib\Template\ThinkTemplate.class.php 第 359 行.
NOTIC: [8192] preg_replace(): The /e modifier is deprecated, use preg_replace_callback instead D:\wamp\www\wg_jifen\Lib\Template\ThinkTemplate.class.php 第 359 行.
NOTIC: [8192] preg_replace(): The /e modifier is deprecated, use preg_replace_callback instead D:\wamp\www\wg_jifen\Lib\Template\ThinkTemplate.class.php 第 359 行.
NOTIC: [8192] preg_replace(): The /e modifier is deprecated, use preg_replace_callback instead D:\wamp\www\wg_jifen\Lib\Template\ThinkTemplate.class.php 第 359 行.
NOTIC: [8192] preg_replace(): The /e modifier is deprecated, use preg_replace_callback instead D:\wamp\www\wg_jifen\Lib\Template\ThinkTemplate.class.php 第 359 行.
NOTIC: [8192] preg_replace(): The /e modifier is deprecated, use preg_replace_callback instead D:\wamp\www\wg_jifen\Lib\Template\ThinkTemplate.class.php 第 359 行.
NOTIC: [8192] preg_replace(): The /e modifier is deprecated, use preg_replace_callback instead D:\wamp\www\wg_jifen\Lib\Template\ThinkTemplate.class.php 第 359 行.
NOTIC: [8192] preg_replace(): The /e modifier is deprecated, use preg_replace_callback instead D:\wamp\www\wg_jifen\Lib\Template\ThinkTemplate.class.php 第 359 行.
NOTIC: [8192] preg_replace(): The /e modifier is deprecated, use preg_replace_callback instead D:\wamp\www\wg_jifen\Lib\Template\ThinkTemplate.class.php 第 359 行.
NOTIC: [8192] preg_replace(): The /e modifier is deprecated, use preg_replace_callback instead D:\wamp\www\wg_jifen\Lib\Template\ThinkTemplate.class.php 第 359 行.
NOTIC: [8192] preg_replace(): The /e modifier is deprecated, use preg_replace_callback instead D:\wamp\www\wg_jifen\Lib\Template\ThinkTemplate.class.php 第 359 行.
NOTIC: [8192] preg_replace(): The /e modifier is deprecated, use preg_replace_callback instead D:\wamp\www\wg_jifen\Lib\Template\ThinkTemplate.class.php 第 354 行.
NOTIC: [8192] preg_replace(): The /e modifier is deprecated, use preg_replace_callback instead D:\wamp\www\wg_jifen\Lib\Template\ThinkTemplate.class.php 第 354 行.
NOTIC: [8192] preg_replace(): The /e modifier is deprecated, use preg_replace_callback instead D:\wamp\www\wg_jifen\Lib\Template\ThinkTemplate.class.php 第 354 行.
NOTIC: [8192] preg_replace(): The /e modifier is deprecated, use preg_replace_callback instead D:\wamp\www\wg_jifen\Lib\Template\ThinkTemplate.class.php 第 359 行.
NOTIC: [8192] preg_replace(): The /e modifier is deprecated, use preg_replace_callback instead D:\wamp\www\wg_jifen\Lib\Template\ThinkTemplate.class.php 第 359 行.
NOTIC: [8192] preg_replace(): The /e modifier is deprecated, use preg_replace_callback instead D:\wamp\www\wg_jifen\Lib\Template\ThinkTemplate.class.php 第 359 行.
NOTIC: [8192] preg_replace(): The /e modifier is deprecated, use preg_replace_callback instead D:\wamp\www\wg_jifen\Lib\Template\ThinkTemplate.class.php 第 354 行.
NOTIC: [8192] preg_replace(): The /e modifier is deprecated, use preg_replace_callback instead D:\wamp\www\wg_jifen\Lib\Template\ThinkTemplate.class.php 第 359 行.
NOTIC: [8192] preg_replace(): The /e modifier is deprecated, use preg_replace_callback instead D:\wamp\www\wg_jifen\Lib\Template\ThinkTemplate.class.php 第 359 行.
NOTIC: [8192] preg_replace(): The /e modifier is deprecated, use preg_replace_callback instead D:\wamp\www\wg_jifen\Lib\Template\ThinkTemplate.class.php 第 359 行.
NOTIC: [8192] preg_replace(): The /e modifier is deprecated, use preg_replace_callback instead D:\wamp\www\wg_jifen\Lib\Template\ThinkTemplate.class.php 第 359 行.
NOTIC: [8192] preg_replace(): The /e modifier is deprecated, use preg_replace_callback instead D:\wamp\www\wg_jifen\Lib\Template\ThinkTemplate.class.php 第 359 行.
NOTIC: [8192] preg_replace(): The /e modifier is deprecated, use preg_replace_callback instead D:\wamp\www\wg_jifen\Lib\Template\ThinkTemplate.class.php 第 359 行.
NOTIC: [8192] preg_replace(): The /e modifier is deprecated, use preg_replace_callback instead D:\wamp\www\wg_jifen\Lib\Template\ThinkTemplate.class.php 第 359 行.
NOTIC: [8192] preg_replace(): The /e modifier is deprecated, use preg_replace_callback instead D:\wamp\www\wg_jifen\Lib\Template\ThinkTemplate.class.php 第 359 行.
NOTIC: [8192] preg_replace(): The /e modifier is deprecated, use preg_replace_callback instead D:\wamp\www\wg_jifen\Lib\Template\ThinkTemplate.class.php 第 359 行.
NOTIC: [8192] preg_replace(): The /e modifier is deprecated, use preg_replace_callback instead D:\wamp\www\wg_jifen\Lib\Template\ThinkTemplate.class.php 第 359 行.
NOTIC: [8192] preg_replace(): The /e modifier is deprecated, use preg_replace_callback instead D:\wamp\www\wg_jifen\Lib\Template\ThinkTemplate.class.php 第 359 行.
NOTIC: [8192] preg_replace(): The /e modifier is deprecated, use preg_replace_callback instead D:\wamp\www\wg_jifen\Lib\Template\ThinkTemplate.class.php 第 359 行.
NOTIC: [8192] preg_replace(): The /e modifier is deprecated, use preg_replace_callback instead D:\wamp\www\wg_jifen\Lib\Template\ThinkTemplate.class.php 第 359 行.
NOTIC: [8192] preg_replace(): The /e modifier is deprecated, use preg_replace_callback instead D:\wamp\www\wg_jifen\Lib\Template\ThinkTemplate.class.php 第 359 行.
NOTIC: [8192] preg_replace(): The /e modifier is deprecated, use preg_replace_callback instead D:\wamp\www\wg_jifen\Lib\Template\ThinkTemplate.class.php 第 359 行.
NOTIC: [8192] preg_replace(): The /e modifier is deprecated, use preg_replace_callback instead D:\wamp\www\wg_jifen\Lib\Template\ThinkTemplate.class.php 第 359 行.
NOTIC: [8192] preg_replace(): The /e modifier is deprecated, use preg_replace_callback instead D:\wamp\www\wg_jifen\Lib\Template\ThinkTemplate.class.php 第 359 行.
NOTIC: [8192] preg_replace(): The /e modifier is deprecated, use preg_replace_callback instead D:\wamp\www\wg_jifen\Lib\Template\ThinkTemplate.class.php 第 359 行.
NOTIC: [8192] preg_replace(): The /e modifier is deprecated, use preg_replace_callback instead D:\wamp\www\wg_jifen\Lib\Template\ThinkTemplate.class.php 第 359 行.
NOTIC: [8192] preg_replace(): The /e modifier is deprecated, use preg_replace_callback instead D:\wamp\www\wg_jifen\Lib\Template\ThinkTemplate.class.php 第 359 行.
NOTIC: [8192] preg_replace(): The /e modifier is deprecated, use preg_replace_callback instead D:\wamp\www\wg_jifen\Lib\Template\ThinkTemplate.class.php 第 359 行.
NOTIC: [8192] preg_replace(): The /e modifier is deprecated, use preg_replace_callback instead D:\wamp\www\wg_jifen\Lib\Template\ThinkTemplate.class.php 第 359 行.
NOTIC: [8192] preg_replace(): The /e modifier is deprecated, use preg_replace_callback instead D:\wamp\www\wg_jifen\Lib\Template\ThinkTemplate.class.php 第 359 行.
NOTIC: [8192] preg_replace(): The /e modifier is deprecated, use preg_replace_callback instead D:\wamp\www\wg_jifen\Lib\Template\ThinkTemplate.class.php 第 359 行.
NOTIC: [8192] preg_replace(): The /e modifier is deprecated, use preg_replace_callback instead D:\wamp\www\wg_jifen\Lib\Template\ThinkTemplate.class.php 第 359 行.
NOTIC: [8192] preg_replace(): The /e modifier is deprecated, use preg_replace_callback instead D:\wamp\www\wg_jifen\Lib\Template\ThinkTemplate.class.php 第 359 行.
NOTIC: [8192] preg_replace(): The /e modifier is deprecated, use preg_replace_callback instead D:\wamp\www\wg_jifen\Lib\Template\ThinkTemplate.class.php 第 359 行.
NOTIC: [8192] preg_replace(): The /e modifier is deprecated, use preg_replace_callback instead D:\wamp\www\wg_jifen\Lib\Template\ThinkTemplate.class.php 第 359 行.
NOTIC: [8192] preg_replace(): The /e modifier is deprecated, use preg_replace_callback instead D:\wamp\www\wg_jifen\Lib\Template\ThinkTemplate.class.php 第 359 行.
NOTIC: [8192] preg_replace(): The /e modifier is deprecated, use preg_replace_callback instead D:\wamp\www\wg_jifen\Lib\Template\ThinkTemplate.class.php 第 359 行.
NOTIC: [8192] preg_replace(): The /e modifier is deprecated, use preg_replace_callback instead D:\wamp\www\wg_jifen\Lib\Template\ThinkTemplate.class.php 第 359 行.
NOTIC: [8192] preg_replace(): The /e modifier is deprecated, use preg_replace_callback instead D:\wamp\www\wg_jifen\Lib\Template\ThinkTemplate.class.php 第 359 行.
NOTIC: [8192] preg_replace(): The /e modifier is deprecated, use preg_replace_callback instead D:\wamp\www\wg_jifen\Lib\Template\ThinkTemplate.class.php 第 359 行.
NOTIC: [8192] preg_replace(): The /e modifier is deprecated, use preg_replace_callback instead D:\wamp\www\wg_jifen\Lib\Template\ThinkTemplate.class.php 第 359 行.
NOTIC: [8192] preg_replace(): The /e modifier is deprecated, use preg_replace_callback instead D:\wamp\www\wg_jifen\Lib\Template\ThinkTemplate.class.php 第 359 行.
NOTIC: [8192] preg_replace(): The /e modifier is deprecated, use preg_replace_callback instead D:\wamp\www\wg_jifen\Lib\Template\ThinkTemplate.class.php 第 359 行.
NOTIC: [8192] preg_replace(): The /e modifier is deprecated, use preg_replace_callback instead D:\wamp\www\wg_jifen\Lib\Template\ThinkTemplate.class.php 第 359 行.
NOTIC: [8192] preg_replace(): The /e modifier is deprecated, use preg_replace_callback instead D:\wamp\www\wg_jifen\Lib\Template\ThinkTemplate.class.php 第 359 行.
NOTIC: [8192] preg_replace(): The /e modifier is deprecated, use preg_replace_callback instead D:\wamp\www\wg_jifen\Lib\Template\ThinkTemplate.class.php 第 359 行.
NOTIC: [8192] preg_replace(): The /e modifier is deprecated, use preg_replace_callback instead D:\wamp\www\wg_jifen\Lib\Template\ThinkTemplate.class.php 第 359 行.
NOTIC: [8192] preg_replace(): The /e modifier is deprecated, use preg_replace_callback instead D:\wamp\www\wg_jifen\Lib\Template\ThinkTemplate.class.php 第 359 行.
NOTIC: [8192] preg_replace(): The /e modifier is deprecated, use preg_replace_callback instead D:\wamp\www\wg_jifen\Lib\Template\ThinkTemplate.class.php 第 359 行.
NOTIC: [8192] preg_replace(): The /e modifier is deprecated, use preg_replace_callback instead D:\wamp\www\wg_jifen\Lib\Template\ThinkTemplate.class.php 第 359 行.
NOTIC: [8192] preg_replace(): The /e modifier is deprecated, use preg_replace_callback instead D:\wamp\www\wg_jifen\Lib\Template\ThinkTemplate.class.php 第 359 行.
NOTIC: [8192] preg_replace(): The /e modifier is deprecated, use preg_replace_callback instead D:\wamp\www\wg_jifen\Lib\Template\ThinkTemplate.class.php 第 359 行.
NOTIC: [8192] preg_replace(): The /e modifier is deprecated, use preg_replace_callback instead D:\wamp\www\wg_jifen\Lib\Template\ThinkTemplate.class.php 第 359 行.
NOTIC: [8192] preg_replace(): The /e modifier is deprecated, use preg_replace_callback instead D:\wamp\www\wg_jifen\Lib\Template\ThinkTemplate.class.php 第 359 行.
NOTIC: [8192] preg_replace(): The /e modifier is deprecated, use preg_replace_callback instead D:\wamp\www\wg_jifen\Lib\Template\ThinkTemplate.class.php 第 359 行.
NOTIC: [8192] preg_replace(): The /e modifier is deprecated, use preg_replace_callback instead D:\wamp\www\wg_jifen\Lib\Template\ThinkTemplate.class.php 第 359 行.
NOTIC: [8192] preg_replace(): The /e modifier is deprecated, use preg_replace_callback instead D:\wamp\www\wg_jifen\Lib\Template\ThinkTemplate.class.php 第 359 行.
NOTIC: [8192] preg_replace(): The /e modifier is deprecated, use preg_replace_callback instead D:\wamp\www\wg_jifen\Lib\Template\ThinkTemplate.class.php 第 359 行.
NOTIC: [8192] preg_replace(): The /e modifier is deprecated, use preg_replace_callback instead D:\wamp\www\wg_jifen\Lib\Template\ThinkTemplate.class.php 第 359 行.
NOTIC: [8192] preg_replace(): The /e modifier is deprecated, use preg_replace_callback instead D:\wamp\www\wg_jifen\Lib\Template\ThinkTemplate.class.php 第 359 行.
NOTIC: [8192] preg_replace(): The /e modifier is deprecated, use preg_replace_callback instead D:\wamp\www\wg_jifen\Lib\Template\ThinkTemplate.class.php 第 359 行.
NOTIC: [8192] preg_replace(): The /e modifier is deprecated, use preg_replace_callback instead D:\wamp\www\wg_jifen\Lib\Template\ThinkTemplate.class.php 第 359 行.
NOTIC: [8192] preg_replace(): The /e modifier is deprecated, use preg_replace_callback instead D:\wamp\www\wg_jifen\Lib\Template\ThinkTemplate.class.php 第 359 行.
NOTIC: [8192] preg_replace(): The /e modifier is deprecated, use preg_replace_callback instead D:\wamp\www\wg_jifen\Lib\Template\ThinkTemplate.class.php 第 359 行.
NOTIC: [8192] preg_replace(): The /e modifier is deprecated, use preg_replace_callback instead D:\wamp\www\wg_jifen\Lib\Template\ThinkTemplate.class.php 第 359 行.
NOTIC: [8192] preg_replace(): The /e modifier is deprecated, use preg_replace_callback instead D:\wamp\www\wg_jifen\Lib\Template\ThinkTemplate.class.php 第 359 行.
NOTIC: [8192] preg_replace(): The /e modifier is deprecated, use preg_replace_callback instead D:\wamp\www\wg_jifen\Lib\Template\ThinkTemplate.class.php 第 359 行.
NOTIC: [8192] preg_replace(): The /e modifier is deprecated, use preg_replace_callback instead D:\wamp\www\wg_jifen\Lib\Template\ThinkTemplate.class.php 第 359 行.
NOTIC: [8192] preg_replace(): The /e modifier is deprecated, use preg_replace_callback instead D:\wamp\www\wg_jifen\Lib\Template\ThinkTemplate.class.php 第 359 行.
NOTIC: [8192] preg_replace(): The /e modifier is deprecated, use preg_replace_callback instead D:\wamp\www\wg_jifen\Lib\Template\ThinkTemplate.class.php 第 359 行.
NOTIC: [8192] preg_replace(): The /e modifier is deprecated, use preg_replace_callback instead D:\wamp\www\wg_jifen\Lib\Template\ThinkTemplate.class.php 第 359 行.
NOTIC: [8192] preg_replace(): The /e modifier is deprecated, use preg_replace_callback instead D:\wamp\www\wg_jifen\Lib\Template\ThinkTemplate.class.php 第 359 行.
NOTIC: [8192] preg_replace(): The /e modifier is deprecated, use preg_replace_callback instead D:\wamp\www\wg_jifen\Lib\Template\ThinkTemplate.class.php 第 359 行.
NOTIC: [8192] preg_replace(): The /e modifier is deprecated, use preg_replace_callback instead D:\wamp\www\wg_jifen\Lib\Template\ThinkTemplate.class.php 第 359 行.
NOTIC: [8192] preg_replace(): The /e modifier is deprecated, use preg_replace_callback instead D:\wamp\www\wg_jifen\Lib\Template\ThinkTemplate.class.php 第 359 行.
NOTIC: [8192] preg_replace(): The /e modifier is deprecated, use preg_replace_callback instead D:\wamp\www\wg_jifen\Lib\Template\ThinkTemplate.class.php 第 359 行.
NOTIC: [8192] preg_replace(): The /e modifier is deprecated, use preg_replace_callback instead D:\wamp\www\wg_jifen\Lib\Template\ThinkTemplate.class.php 第 359 行.
NOTIC: [8192] preg_replace(): The /e modifier is deprecated, use preg_replace_callback instead D:\wamp\www\wg_jifen\Lib\Template\ThinkTemplate.class.php 第 359 行.
NOTIC: [8192] preg_replace(): The /e modifier is deprecated, use preg_replace_callback instead D:\wamp\www\wg_jifen\Lib\Template\ThinkTemplate.class.php 第 359 行.
NOTIC: [8192] preg_replace(): The /e modifier is deprecated, use preg_replace_callback instead D:\wamp\www\wg_jifen\Lib\Template\ThinkTemplate.class.php 第 354 行.
NOTIC: [8192] preg_replace(): The /e modifier is deprecated, use preg_replace_callback instead D:\wamp\www\wg_jifen\Lib\Template\ThinkTemplate.class.php 第 354 行.
NOTIC: [8192] preg_replace(): The /e modifier is deprecated, use preg_replace_callback instead D:\wamp\www\wg_jifen\Lib\Template\ThinkTemplate.class.php 第 354 行.
NOTIC: [8192] preg_replace(): The /e modifier is deprecated, use preg_replace_callback instead D:\wamp\www\wg_jifen\Lib\Template\ThinkTemplate.class.php 第 354 行.
NOTIC: [8192] preg_replace(): The /e modifier is deprecated, use preg_replace_callback instead D:\wamp\www\wg_jifen\Lib\Template\ThinkTemplate.class.php 第 354 行.
NOTIC: [8192] preg_replace(): The /e modifier is deprecated, use preg_replace_callback instead D:\wamp\www\wg_jifen\Lib\Template\ThinkTemplate.class.php 第 354 行.
NOTIC: [8192] preg_replace(): The /e modifier is deprecated, use preg_replace_callback instead D:\wamp\www\wg_jifen\Lib\Template\ThinkTemplate.class.php 第 359 行.
NOTIC: [8192] preg_replace(): The /e modifier is deprecated, use preg_replace_callback instead D:\wamp\www\wg_jifen\Lib\Template\ThinkTemplate.class.php 第 359 行.
NOTIC: [8192] preg_replace(): The /e modifier is deprecated, use preg_replace_callback instead D:\wamp\www\wg_jifen\Lib\Template\ThinkTemplate.class.php 第 359 行.
NOTIC: [8192] preg_replace(): The /e modifier is deprecated, use preg_replace_callback instead D:\wamp\www\wg_jifen\Lib\Template\ThinkTemplate.class.php 第 193 行.
NOTIC: [8192] preg_replace(): The /e modifier is deprecated, use preg_replace_callback instead D:\wamp\www\wg_jifen\Lib\Template\ThinkTemplate.class.php 第 133 行.
INFO: Run ParseTemplate Behavior [ RunTime:-0.318019s ]
INFO: [ view_parse ] --END-- [ RunTime:0.023001s ]
INFO: [ view_filter ] --START--
INFO: Run ContentReplace Behavior [ RunTime:-0.341020s ]
INFO: Run TokenBuild Behavior [ RunTime:-0.341020s ]
INFO: Run WriteHtmlCache Behavior [ RunTime:-0.342020s ]
INFO: Run ShowRuntime Behavior [ RunTime:-0.343020s ]
INFO: [ view_filter ] --END-- [ RunTime:0.002000s ]
INFO: [ view_end ] --START--
INFO: Run ShowPageTrace Behavior [ RunTime:-0.343020s ]
INFO: [ view_end ] --END-- [ RunTime:0.001000s ]

[ 2016-09-01T10:16:02+08:00 ] 127.0.0.1 /wg_jifen/index.php?g=Wap&m=Distribution&a=index
INFO: [ app_begin ] --START--
INFO: Run ReadHtmlCache Behavior [ RunTime:0.001000s ]
INFO: [ app_begin ] --END-- [ RunTime:0.001000s ]
NOTIC: [8192] mysql_connect(): The mysql extension is deprecated and will be removed in the future: use mysqli or PDO instead D:\wamp\www\wg_jifen\Lib\Driver\Db\DbMysql.class.php 第 55 行.
NOTIC: [8192] preg_replace(): The /e modifier is deprecated, use preg_replace_callback instead D:\wamp\www\wg_jifen\Lib\Core\Db.class.php 第 572 行.
NOTIC: [8192] preg_replace(): The /e modifier is deprecated, use preg_replace_callback instead D:\wamp\www\wg_jifen\Lib\Core\Db.class.php 第 572 行.
NOTIC: [8192] preg_replace(): The /e modifier is deprecated, use preg_replace_callback instead D:\wamp\www\wg_jifen\Lib\Core\Db.class.php 第 572 行.
NOTIC: [8] Undefined variable: access_str D:\wamp\www\wg_jifen\WgCms\Lib\Action\WapAction.class.php 第 322 行.
NOTIC: [8192] preg_replace(): The /e modifier is deprecated, use preg_replace_callback instead D:\wamp\www\wg_jifen\Lib\Core\Db.class.php 第 572 行.
NOTIC: [8192] preg_replace(): The /e modifier is deprecated, use preg_replace_callback instead D:\wamp\www\wg_jifen\Lib\Core\Db.class.php 第 572 行.
NOTIC: [8192] preg_replace(): The /e modifier is deprecated, use preg_replace_callback instead D:\wamp\www\wg_jifen\Lib\Core\Db.class.php 第 572 行.
NOTIC: [8192] preg_replace(): The /e modifier is deprecated, use preg_replace_callback instead D:\wamp\www\wg_jifen\Lib\Core\Db.class.php 第 572 行.
NOTIC: [8192] preg_replace(): The /e modifier is deprecated, use preg_replace_callback instead D:\wamp\www\wg_jifen\Lib\Core\Db.class.php 第 572 行.
NOTIC: [8192] preg_replace(): The /e modifier is deprecated, use preg_replace_callback instead D:\wamp\www\wg_jifen\Lib\Core\Db.class.php 第 572 行.
NOTIC: [8192] preg_replace(): The /e modifier is deprecated, use preg_replace_callback instead D:\wamp\www\wg_jifen\Lib\Core\Db.class.php 第 572 行.
NOTIC: [8192] preg_replace(): The /e modifier is deprecated, use preg_replace_callback instead D:\wamp\www\wg_jifen\Lib\Core\Db.class.php 第 572 行.
NOTIC: [8192] preg_replace(): The /e modifier is deprecated, use preg_replace_callback instead D:\wamp\www\wg_jifen\Lib\Core\Db.class.php 第 572 行.
NOTIC: [8192] preg_replace(): The /e modifier is deprecated, use preg_replace_callback instead D:\wamp\www\wg_jifen\Lib\Core\Db.class.php 第 572 行.
NOTIC: [2] Invalid argument supplied for foreach() D:\wamp\www\wg_jifen\WgCms\Lib\Action\Wap\DistributionAction.class.php 第 263 行.
INFO: [ view_template ] --START--
INFO: Run LocationTemplate Behavior [ RunTime:-0.087005s ]
INFO: [ view_template ] --END-- [ RunTime:0.001000s ]
INFO: [ view_parse ] --START--
NOTIC: [8192] preg_replace(): The /e modifier is deprecated, use preg_replace_callback instead D:\wamp\www\wg_jifen\Lib\Template\ThinkTemplate.class.php 第 164 行.
NOTIC: [8192] preg_replace(): The /e modifier is deprecated, use preg_replace_callback instead D:\wamp\www\wg_jifen\Lib\Template\ThinkTemplate.class.php 第 359 行.
NOTIC: [8192] preg_replace(): The /e modifier is deprecated, use preg_replace_callback instead D:\wamp\www\wg_jifen\Lib\Template\ThinkTemplate.class.php 第 359 行.
NOTIC: [8192] preg_replace(): The /e modifier is deprecated, use preg_replace_callback instead D:\wamp\www\wg_jifen\Lib\Template\ThinkTemplate.class.php 第 359 行.
NOTIC: [8192] preg_replace(): The /e modifier is deprecated, use preg_replace_callback instead D:\wamp\www\wg_jifen\Lib\Template\ThinkTemplate.class.php 第 359 行.
NOTIC: [8192] preg_replace(): The /e modifier is deprecated, use preg_replace_callback instead D:\wamp\www\wg_jifen\Lib\Template\ThinkTemplate.class.php 第 359 行.
NOTIC: [8192] preg_replace(): The /e modifier is deprecated, use preg_replace_callback instead D:\wamp\www\wg_jifen\Lib\Template\ThinkTemplate.class.php 第 359 行.
NOTIC: [8192] preg_replace(): The /e modifier is deprecated, use preg_replace_callback instead D:\wamp\www\wg_jifen\Lib\Template\ThinkTemplate.class.php 第 359 行.
NOTIC: [8192] preg_replace(): The /e modifier is deprecated, use preg_replace_callback instead D:\wamp\www\wg_jifen\Lib\Template\ThinkTemplate.class.php 第 359 行.
NOTIC: [8192] preg_replace(): The /e modifier is deprecated, use preg_replace_callback instead D:\wamp\www\wg_jifen\Lib\Template\ThinkTemplate.class.php 第 359 行.
NOTIC: [8192] preg_replace(): The /e modifier is deprecated, use preg_replace_callback instead D:\wamp\www\wg_jifen\Lib\Template\ThinkTemplate.class.php 第 359 行.
NOTIC: [8192] preg_replace(): The /e modifier is deprecated, use preg_replace_callback instead D:\wamp\www\wg_jifen\Lib\Template\ThinkTemplate.class.php 第 359 行.
NOTIC: [8192] preg_replace(): The /e modifier is deprecated, use preg_replace_callback instead D:\wamp\www\wg_jifen\Lib\Template\ThinkTemplate.class.php 第 359 行.
NOTIC: [8192] preg_replace(): The /e modifier is deprecated, use preg_replace_callback instead D:\wamp\www\wg_jifen\Lib\Template\ThinkTemplate.class.php 第 359 行.
NOTIC: [8192] preg_replace(): The /e modifier is deprecated, use preg_replace_callback instead D:\wamp\www\wg_jifen\Lib\Template\ThinkTemplate.class.php 第 359 行.
NOTIC: [8192] preg_replace(): The /e modifier is deprecated, use preg_replace_callback instead D:\wamp\www\wg_jifen\Lib\Template\ThinkTemplate.class.php 第 354 行.
NOTIC: [8192] preg_replace(): The /e modifier is deprecated, use preg_replace_callback instead D:\wamp\www\wg_jifen\Lib\Template\ThinkTemplate.class.php 第 354 行.
NOTIC: [8192] preg_replace(): The /e modifier is deprecated, use preg_replace_callback instead D:\wamp\www\wg_jifen\Lib\Template\ThinkTemplate.class.php 第 354 行.
NOTIC: [8192] preg_replace(): The /e modifier is deprecated, use preg_replace_callback instead D:\wamp\www\wg_jifen\Lib\Template\ThinkTemplate.class.php 第 359 行.
NOTIC: [8192] preg_replace(): The /e modifier is deprecated, use preg_replace_callback instead D:\wamp\www\wg_jifen\Lib\Template\ThinkTemplate.class.php 第 359 行.
NOTIC: [8192] preg_replace(): The /e modifier is deprecated, use preg_replace_callback instead D:\wamp\www\wg_jifen\Lib\Template\ThinkTemplate.class.php 第 359 行.
NOTIC: [8192] preg_replace(): The /e modifier is deprecated, use preg_replace_callback instead D:\wamp\www\wg_jifen\Lib\Template\ThinkTemplate.class.php 第 354 行.
NOTIC: [8192] preg_replace(): The /e modifier is deprecated, use preg_replace_callback instead D:\wamp\www\wg_jifen\Lib\Template\ThinkTemplate.class.php 第 359 行.
NOTIC: [8192] preg_replace(): The /e modifier is deprecated, use preg_replace_callback instead D:\wamp\www\wg_jifen\Lib\Template\ThinkTemplate.class.php 第 359 行.
NOTIC: [8192] preg_replace(): The /e modifier is deprecated, use preg_replace_callback instead D:\wamp\www\wg_jifen\Lib\Template\ThinkTemplate.class.php 第 359 行.
NOTIC: [8192] preg_replace(): The /e modifier is deprecated, use preg_replace_callback instead D:\wamp\www\wg_jifen\Lib\Template\ThinkTemplate.class.php 第 359 行.
NOTIC: [8192] preg_replace(): The /e modifier is deprecated, use preg_replace_callback instead D:\wamp\www\wg_jifen\Lib\Template\ThinkTemplate.class.php 第 359 行.
NOTIC: [8192] preg_replace(): The /e modifier is deprecated, use preg_replace_callback instead D:\wamp\www\wg_jifen\Lib\Template\ThinkTemplate.class.php 第 359 行.
NOTIC: [8192] preg_replace(): The /e modifier is deprecated, use preg_replace_callback instead D:\wamp\www\wg_jifen\Lib\Template\ThinkTemplate.class.php 第 359 行.
NOTIC: [8192] preg_replace(): The /e modifier is deprecated, use preg_replace_callback instead D:\wamp\www\wg_jifen\Lib\Template\ThinkTemplate.class.php 第 359 行.
NOTIC: [8192] preg_replace(): The /e modifier is deprecated, use preg_replace_callback instead D:\wamp\www\wg_jifen\Lib\Template\ThinkTemplate.class.php 第 359 行.
NOTIC: [8192] preg_replace(): The /e modifier is deprecated, use preg_replace_callback instead D:\wamp\www\wg_jifen\Lib\Template\ThinkTemplate.class.php 第 359 行.
NOTIC: [8192] preg_replace(): The /e modifier is deprecated, use preg_replace_callback instead D:\wamp\www\wg_jifen\Lib\Template\ThinkTemplate.class.php 第 359 行.
NOTIC: [8192] preg_replace(): The /e modifier is deprecated, use preg_replace_callback instead D:\wamp\www\wg_jifen\Lib\Template\ThinkTemplate.class.php 第 359 行.
NOTIC: [8192] preg_replace(): The /e modifier is deprecated, use preg_replace_callback instead D:\wamp\www\wg_jifen\Lib\Template\ThinkTemplate.class.php 第 359 行.
NOTIC: [8192] preg_replace(): The /e modifier is deprecated, use preg_replace_callback instead D:\wamp\www\wg_jifen\Lib\Template\ThinkTemplate.class.php 第 359 行.
NOTIC: [8192] preg_replace(): The /e modifier is deprecated, use preg_replace_callback instead D:\wamp\www\wg_jifen\Lib\Template\ThinkTemplate.class.php 第 359 行.
NOTIC: [8192] preg_replace(): The /e modifier is deprecated, use preg_replace_callback instead D:\wamp\www\wg_jifen\Lib\Template\ThinkTemplate.class.php 第 359 行.
NOTIC: [8192] preg_replace(): The /e modifier is deprecated, use preg_replace_callback instead D:\wamp\www\wg_jifen\Lib\Template\ThinkTemplate.class.php 第 359 行.
NOTIC: [8192] preg_replace(): The /e modifier is deprecated, use preg_replace_callback instead D:\wamp\www\wg_jifen\Lib\Template\ThinkTemplate.class.php 第 359 行.
NOTIC: [8192] preg_replace(): The /e modifier is deprecated, use preg_replace_callback instead D:\wamp\www\wg_jifen\Lib\Template\ThinkTemplate.class.php 第 359 行.
NOTIC: [8192] preg_replace(): The /e modifier is deprecated, use preg_replace_callback instead D:\wamp\www\wg_jifen\Lib\Template\ThinkTemplate.class.php 第 359 行.
NOTIC: [8192] preg_replace(): The /e modifier is deprecated, use preg_replace_callback instead D:\wamp\www\wg_jifen\Lib\Template\ThinkTemplate.class.php 第 359 行.
NOTIC: [8192] preg_replace(): The /e modifier is deprecated, use preg_replace_callback instead D:\wamp\www\wg_jifen\Lib\Template\ThinkTemplate.class.php 第 359 行.
NOTIC: [8192] preg_replace(): The /e modifier is deprecated, use preg_replace_callback instead D:\wamp\www\wg_jifen\Lib\Template\ThinkTemplate.class.php 第 359 行.
NOTIC: [8192] preg_replace(): The /e modifier is deprecated, use preg_replace_callback instead D:\wamp\www\wg_jifen\Lib\Template\ThinkTemplate.class.php 第 359 行.
NOTIC: [8192] preg_replace(): The /e modifier is deprecated, use preg_replace_callback instead D:\wamp\www\wg_jifen\Lib\Template\ThinkTemplate.class.php 第 359 行.
NOTIC: [8192] preg_replace(): The /e modifier is deprecated, use preg_replace_callback instead D:\wamp\www\wg_jifen\Lib\Template\ThinkTemplate.class.php 第 359 行.
NOTIC: [8192] preg_replace(): The /e modifier is deprecated, use preg_replace_callback instead D:\wamp\www\wg_jifen\Lib\Template\ThinkTemplate.class.php 第 359 行.
NOTIC: [8192] preg_replace(): The /e modifier is deprecated, use preg_replace_callback instead D:\wamp\www\wg_jifen\Lib\Template\ThinkTemplate.class.php 第 359 行.
NOTIC: [8192] preg_replace(): The /e modifier is deprecated, use preg_replace_callback instead D:\wamp\www\wg_jifen\Lib\Template\ThinkTemplate.class.php 第 359 行.
NOTIC: [8192] preg_replace(): The /e modifier is deprecated, use preg_replace_callback instead D:\wamp\www\wg_jifen\Lib\Template\ThinkTemplate.class.php 第 359 行.
NOTIC: [8192] preg_replace(): The /e modifier is deprecated, use preg_replace_callback instead D:\wamp\www\wg_jifen\Lib\Template\ThinkTemplate.class.php 第 359 行.
NOTIC: [8192] preg_replace(): The /e modifier is deprecated, use preg_replace_callback instead D:\wamp\www\wg_jifen\Lib\Template\ThinkTemplate.class.php 第 359 行.
NOTIC: [8192] preg_replace(): The /e modifier is deprecated, use preg_replace_callback instead D:\wamp\www\wg_jifen\Lib\Template\ThinkTemplate.class.php 第 359 行.
NOTIC: [8192] preg_replace(): The /e modifier is deprecated, use preg_replace_callback instead D:\wamp\www\wg_jifen\Lib\Template\ThinkTemplate.class.php 第 359 行.
NOTIC: [8192] preg_replace(): The /e modifier is deprecated, use preg_replace_callback instead D:\wamp\www\wg_jifen\Lib\Template\ThinkTemplate.class.php 第 359 行.
NOTIC: [8192] preg_replace(): The /e modifier is deprecated, use preg_replace_callback instead D:\wamp\www\wg_jifen\Lib\Template\ThinkTemplate.class.php 第 359 行.
NOTIC: [8192] preg_replace(): The /e modifier is deprecated, use preg_replace_callback instead D:\wamp\www\wg_jifen\Lib\Template\ThinkTemplate.class.php 第 359 行.
NOTIC: [8192] preg_replace(): The /e modifier is deprecated, use preg_replace_callback instead D:\wamp\www\wg_jifen\Lib\Template\ThinkTemplate.class.php 第 359 行.
NOTIC: [8192] preg_replace(): The /e modifier is deprecated, use preg_replace_callback instead D:\wamp\www\wg_jifen\Lib\Template\ThinkTemplate.class.php 第 359 行.
NOTIC: [8192] preg_replace(): The /e modifier is deprecated, use preg_replace_callback instead D:\wamp\www\wg_jifen\Lib\Template\ThinkTemplate.class.php 第 359 行.
NOTIC: [8192] preg_replace(): The /e modifier is deprecated, use preg_replace_callback instead D:\wamp\www\wg_jifen\Lib\Template\ThinkTemplate.class.php 第 359 行.
NOTIC: [8192] preg_replace(): The /e modifier is deprecated, use preg_replace_callback instead D:\wamp\www\wg_jifen\Lib\Template\ThinkTemplate.class.php 第 359 行.
NOTIC: [8192] preg_replace(): The /e modifier is deprecated, use preg_replace_callback instead D:\wamp\www\wg_jifen\Lib\Template\ThinkTemplate.class.php 第 359 行.
NOTIC: [8192] preg_replace(): The /e modifier is deprecated, use preg_replace_callback instead D:\wamp\www\wg_jifen\Lib\Template\ThinkTemplate.class.php 第 359 行.
NOTIC: [8192] preg_replace(): The /e modifier is deprecated, use preg_replace_callback instead D:\wamp\www\wg_jifen\Lib\Template\ThinkTemplate.class.php 第 359 行.
NOTIC: [8192] preg_replace(): The /e modifier is deprecated, use preg_replace_callback instead D:\wamp\www\wg_jifen\Lib\Template\ThinkTemplate.class.php 第 359 行.
NOTIC: [8192] preg_replace(): The /e modifier is deprecated, use preg_replace_callback instead D:\wamp\www\wg_jifen\Lib\Template\ThinkTemplate.class.php 第 359 行.
NOTIC: [8192] preg_replace(): The /e modifier is deprecated, use preg_replace_callback instead D:\wamp\www\wg_jifen\Lib\Template\ThinkTemplate.class.php 第 359 行.
NOTIC: [8192] preg_replace(): The /e modifier is deprecated, use preg_replace_callback instead D:\wamp\www\wg_jifen\Lib\Template\ThinkTemplate.class.php 第 359 行.
NOTIC: [8192] preg_replace(): The /e modifier is deprecated, use preg_replace_callback instead D:\wamp\www\wg_jifen\Lib\Template\ThinkTemplate.class.php 第 359 行.
NOTIC: [8192] preg_replace(): The /e modifier is deprecated, use preg_replace_callback instead D:\wamp\www\wg_jifen\Lib\Template\ThinkTemplate.class.php 第 359 行.
NOTIC: [8192] preg_replace(): The /e modifier is deprecated, use preg_replace_callback instead D:\wamp\www\wg_jifen\Lib\Template\ThinkTemplate.class.php 第 359 行.
NOTIC: [8192] preg_replace(): The /e modifier is deprecated, use preg_replace_callback instead D:\wamp\www\wg_jifen\Lib\Template\ThinkTemplate.class.php 第 359 行.
NOTIC: [8192] preg_replace(): The /e modifier is deprecated, use preg_replace_callback instead D:\wamp\www\wg_jifen\Lib\Template\ThinkTemplate.class.php 第 359 行.
NOTIC: [8192] preg_replace(): The /e modifier is deprecated, use preg_replace_callback instead D:\wamp\www\wg_jifen\Lib\Template\ThinkTemplate.class.php 第 359 行.
NOTIC: [8192] preg_replace(): The /e modifier is deprecated, use preg_replace_callback instead D:\wamp\www\wg_jifen\Lib\Template\ThinkTemplate.class.php 第 359 行.
NOTIC: [8192] preg_replace(): The /e modifier is deprecated, use preg_replace_callback instead D:\wamp\www\wg_jifen\Lib\Template\ThinkTemplate.class.php 第 359 行.
NOTIC: [8192] preg_replace(): The /e modifier is deprecated, use preg_replace_callback instead D:\wamp\www\wg_jifen\Lib\Template\ThinkTemplate.class.php 第 359 行.
NOTIC: [8192] preg_replace(): The /e modifier is deprecated, use preg_replace_callback instead D:\wamp\www\wg_jifen\Lib\Template\ThinkTemplate.class.php 第 359 行.
NOTIC: [8192] preg_replace(): The /e modifier is deprecated, use preg_replace_callback instead D:\wamp\www\wg_jifen\Lib\Template\ThinkTemplate.class.php 第 359 行.
NOTIC: [8192] preg_replace(): The /e modifier is deprecated, use preg_replace_callback instead D:\wamp\www\wg_jifen\Lib\Template\ThinkTemplate.class.php 第 359 行.
NOTIC: [8192] preg_replace(): The /e modifier is deprecated, use preg_replace_callback instead D:\wamp\www\wg_jifen\Lib\Template\ThinkTemplate.class.php 第 359 行.
NOTIC: [8192] preg_replace(): The /e modifier is deprecated, use preg_replace_callback instead D:\wamp\www\wg_jifen\Lib\Template\ThinkTemplate.class.php 第 359 行.
NOTIC: [8192] preg_replace(): The /e modifier is deprecated, use preg_replace_callback instead D:\wamp\www\wg_jifen\Lib\Template\ThinkTemplate.class.php 第 359 行.
NOTIC: [8192] preg_replace(): The /e modifier is deprecated, use preg_replace_callback instead D:\wamp\www\wg_jifen\Lib\Template\ThinkTemplate.class.php 第 359 行.
NOTIC: [8192] preg_replace(): The /e modifier is deprecated, use preg_replace_callback instead D:\wamp\www\wg_jifen\Lib\Template\ThinkTemplate.class.php 第 359 行.
NOTIC: [8192] preg_replace(): The /e modifier is deprecated, use preg_replace_callback instead D:\wamp\www\wg_jifen\Lib\Template\ThinkTemplate.class.php 第 359 行.
NOTIC: [8192] preg_replace(): The /e modifier is deprecated, use preg_replace_callback instead D:\wamp\www\wg_jifen\Lib\Template\ThinkTemplate.class.php 第 359 行.
NOTIC: [8192] preg_replace(): The /e modifier is deprecated, use preg_replace_callback instead D:\wamp\www\wg_jifen\Lib\Template\ThinkTemplate.class.php 第 359 行.
NOTIC: [8192] preg_replace(): The /e modifier is deprecated, use preg_replace_callback instead D:\wamp\www\wg_jifen\Lib\Template\ThinkTemplate.class.php 第 359 行.
NOTIC: [8192] preg_replace(): The /e modifier is deprecated, use preg_replace_callback instead D:\wamp\www\wg_jifen\Lib\Template\ThinkTemplate.class.php 第 359 行.
NOTIC: [8192] preg_replace(): The /e modifier is deprecated, use preg_replace_callback instead D:\wamp\www\wg_jifen\Lib\Template\ThinkTemplate.class.php 第 359 行.
NOTIC: [8192] preg_replace(): The /e modifier is deprecated, use preg_replace_callback instead D:\wamp\www\wg_jifen\Lib\Template\ThinkTemplate.class.php 第 354 行.
NOTIC: [8192] preg_replace(): The /e modifier is deprecated, use preg_replace_callback instead D:\wamp\www\wg_jifen\Lib\Template\ThinkTemplate.class.php 第 354 行.
NOTIC: [8192] preg_replace(): The /e modifier is deprecated, use preg_replace_callback instead D:\wamp\www\wg_jifen\Lib\Template\ThinkTemplate.class.php 第 354 行.
NOTIC: [8192] preg_replace(): The /e modifier is deprecated, use preg_replace_callback instead D:\wamp\www\wg_jifen\Lib\Template\ThinkTemplate.class.php 第 354 行.
NOTIC: [8192] preg_replace(): The /e modifier is deprecated, use preg_replace_callback instead D:\wamp\www\wg_jifen\Lib\Template\ThinkTemplate.class.php 第 354 行.
NOTIC: [8192] preg_replace(): The /e modifier is deprecated, use preg_replace_callback instead D:\wamp\www\wg_jifen\Lib\Template\ThinkTemplate.class.php 第 354 行.
NOTIC: [8192] preg_replace(): The /e modifier is deprecated, use preg_replace_callback instead D:\wamp\www\wg_jifen\Lib\Template\ThinkTemplate.class.php 第 359 行.
NOTIC: [8192] preg_replace(): The /e modifier is deprecated, use preg_replace_callback instead D:\wamp\www\wg_jifen\Lib\Template\ThinkTemplate.class.php 第 359 行.
NOTIC: [8192] preg_replace(): The /e modifier is deprecated, use preg_replace_callback instead D:\wamp\www\wg_jifen\Lib\Template\ThinkTemplate.class.php 第 359 行.
NOTIC: [8192] preg_replace(): The /e modifier is deprecated, use preg_replace_callback instead D:\wamp\www\wg_jifen\Lib\Template\ThinkTemplate.class.php 第 193 行.
NOTIC: [8192] preg_replace(): The /e modifier is deprecated, use preg_replace_callback instead D:\wamp\www\wg_jifen\Lib\Template\ThinkTemplate.class.php 第 133 行.
INFO: Run ParseTemplate Behavior [ RunTime:-0.088005s ]
INFO: [ view_parse ] --END-- [ RunTime:0.022001s ]
INFO: [ view_filter ] --START--
INFO: Run ContentReplace Behavior [ RunTime:-0.110006s ]
INFO: Run TokenBuild Behavior [ RunTime:-0.111006s ]
INFO: Run WriteHtmlCache Behavior [ RunTime:-0.111006s ]
INFO: Run ShowRuntime Behavior [ RunTime:-0.112006s ]
INFO: [ view_filter ] --END-- [ RunTime:0.002000s ]
INFO: [ view_end ] --START--
INFO: Run ShowPageTrace Behavior [ RunTime:-0.113006s ]
INFO: [ view_end ] --END-- [ RunTime:0.000000s ]

